ARM GAS  C:\Users\ysl\AppData\Local\Temp\ccgvHwBH.s 			page 1


   1              		.cpu cortex-m4
   2              		.arch armv7e-m
   3              		.fpu fpv4-sp-d16
   4              		.eabi_attribute 27, 1
   5              		.eabi_attribute 28, 1
   6              		.eabi_attribute 20, 1
   7              		.eabi_attribute 21, 1
   8              		.eabi_attribute 23, 3
   9              		.eabi_attribute 24, 1
  10              		.eabi_attribute 25, 1
  11              		.eabi_attribute 26, 1
  12              		.eabi_attribute 30, 1
  13              		.eabi_attribute 34, 1
  14              		.eabi_attribute 18, 4
  15              		.file	"rtGetNaN.c"
  16              		.text
  17              	.Ltext0:
  18              		.cfi_sections	.debug_frame
  19              		.section	.text.rtGetNaN,"ax",%progbits
  20              		.align	1
  21              		.global	rtGetNaN
  22              		.syntax unified
  23              		.thumb
  24              		.thumb_func
  26              	rtGetNaN:
  27              	.LFB0:
  28              		.file 1 "rtGetNaN.c"
   1:rtGetNaN.c    **** /*
   2:rtGetNaN.c    ****  * File: rtGetNaN.c
   3:rtGetNaN.c    ****  *
   4:rtGetNaN.c    ****  * Code generated for Simulink model 'StandTurn_Balance'.
   5:rtGetNaN.c    ****  *
   6:rtGetNaN.c    ****  * Model version                  : 1.1
   7:rtGetNaN.c    ****  * Simulink Coder version         : 9.6 (R2021b) 14-May-2021
   8:rtGetNaN.c    ****  * C/C++ source code generated on : Fri Feb 24 15:42:59 2023
   9:rtGetNaN.c    ****  *
  10:rtGetNaN.c    ****  * Target selection: stacklite_dualdrive.tlc
  11:rtGetNaN.c    ****  * Embedded hardware selection: Intel->x86-64 (Windows64)
  12:rtGetNaN.c    ****  * Code generation objectives: Unspecified
  13:rtGetNaN.c    ****  * Validation result: Not run
  14:rtGetNaN.c    ****  */
  15:rtGetNaN.c    **** 
  16:rtGetNaN.c    **** /*
  17:rtGetNaN.c    ****  * Abstract:
  18:rtGetNaN.c    ****  *      Function to initialize non-finite, NaN
  19:rtGetNaN.c    ****  */
  20:rtGetNaN.c    **** #include "rtGetNaN.h"
  21:rtGetNaN.c    **** #define NumBitsPerChar                 8U
  22:rtGetNaN.c    **** 
  23:rtGetNaN.c    **** /*
  24:rtGetNaN.c    ****  * Initialize rtNaN needed by the generated code.
  25:rtGetNaN.c    ****  * NaN is initialized as non-signaling. Assumes IEEE.
  26:rtGetNaN.c    ****  */
  27:rtGetNaN.c    **** real_T rtGetNaN(void)
  28:rtGetNaN.c    **** {
  29              		.loc 1 28 1 view -0
  30              		.cfi_startproc
ARM GAS  C:\Users\ysl\AppData\Local\Temp\ccgvHwBH.s 			page 2


  31              		@ args = 0, pretend = 0, frame = 0
  32              		@ frame_needed = 0, uses_anonymous_args = 0
  33              		@ link register save eliminated.
  29:rtGetNaN.c    ****   size_t bitsPerReal = sizeof(real_T) * (NumBitsPerChar);
  34              		.loc 1 29 3 view .LVU1
  35              	.LVL0:
  30:rtGetNaN.c    ****   real_T nan = 0.0;
  36              		.loc 1 30 3 view .LVU2
  31:rtGetNaN.c    ****   if (bitsPerReal == 32U) {
  37              		.loc 1 31 3 view .LVU3
  38              	.LBB2:
  32:rtGetNaN.c    ****     nan = rtGetNaNF();
  33:rtGetNaN.c    ****   } else {
  34:rtGetNaN.c    ****     union {
  39              		.loc 1 34 5 view .LVU4
  35:rtGetNaN.c    ****       LittleEndianIEEEDouble bitVal;
  36:rtGetNaN.c    ****       real_T fltVal;
  37:rtGetNaN.c    ****     } tmpVal;
  38:rtGetNaN.c    **** 
  39:rtGetNaN.c    ****     tmpVal.bitVal.words.wordH = 0xFFF80000U;
  40              		.loc 1 39 5 view .LVU5
  40:rtGetNaN.c    ****     tmpVal.bitVal.words.wordL = 0x00000000U;
  41              		.loc 1 40 5 view .LVU6
  41:rtGetNaN.c    ****     nan = tmpVal.fltVal;
  42              		.loc 1 41 5 view .LVU7
  43              		.loc 1 41 5 is_stmt 0 view .LVU8
  44              	.LBE2:
  42:rtGetNaN.c    ****   }
  43:rtGetNaN.c    **** 
  44:rtGetNaN.c    ****   return nan;
  45              		.loc 1 44 3 is_stmt 1 view .LVU9
  45:rtGetNaN.c    **** }
  46              		.loc 1 45 1 is_stmt 0 view .LVU10
  47 0000 9FED010B 		vldr.64	d0, .L2
  48 0004 7047     		bx	lr
  49              	.L3:
  50 0006 00BF     		.align	3
  51              	.L2:
  52 0008 00000000 		.word	0
  53 000c 0000F8FF 		.word	-524288
  54              		.cfi_endproc
  55              	.LFE0:
  57              		.section	.text.rtGetNaNF,"ax",%progbits
  58              		.align	1
  59              		.global	rtGetNaNF
  60              		.syntax unified
  61              		.thumb
  62              		.thumb_func
  64              	rtGetNaNF:
  65              	.LFB1:
  46:rtGetNaN.c    **** 
  47:rtGetNaN.c    **** /*
  48:rtGetNaN.c    ****  * Initialize rtNaNF needed by the generated code.
  49:rtGetNaN.c    ****  * NaN is initialized as non-signaling. Assumes IEEE.
  50:rtGetNaN.c    ****  */
  51:rtGetNaN.c    **** real32_T rtGetNaNF(void)
  52:rtGetNaN.c    **** {
ARM GAS  C:\Users\ysl\AppData\Local\Temp\ccgvHwBH.s 			page 3


  66              		.loc 1 52 1 is_stmt 1 view -0
  67              		.cfi_startproc
  68              		@ args = 0, pretend = 0, frame = 0
  69              		@ frame_needed = 0, uses_anonymous_args = 0
  70              		@ link register save eliminated.
  53:rtGetNaN.c    ****   IEEESingle nanF = { { 0.0F } };
  71              		.loc 1 53 3 view .LVU12
  54:rtGetNaN.c    **** 
  55:rtGetNaN.c    ****   nanF.wordL.wordLuint = 0xFFC00000U;
  72              		.loc 1 55 3 view .LVU13
  56:rtGetNaN.c    ****   return nanF.wordL.wordLreal;
  73              		.loc 1 56 3 view .LVU14
  57:rtGetNaN.c    **** }
  74              		.loc 1 57 1 is_stmt 0 view .LVU15
  75 0000 9FED010A 		vldr.32	s0, .L5
  76 0004 7047     		bx	lr
  77              	.L6:
  78 0006 00BF     		.align	2
  79              	.L5:
  80 0008 0000C0FF 		.word	-4194304
  81              		.cfi_endproc
  82              	.LFE1:
  84              		.text
  85              	.Letext0:
  86              		.file 2 "c:\\program files (x86)\\arm gnu toolchain arm-none-eabi\\11.2 2022.02\\lib\\gcc\\arm-non
  87              		.file 3 "rtwtypes.h"
  88              		.file 4 "rt_nonfinite.h"
ARM GAS  C:\Users\ysl\AppData\Local\Temp\ccgvHwBH.s 			page 4


DEFINED SYMBOLS
                            *ABS*:00000000 rtGetNaN.c
C:\Users\ysl\AppData\Local\Temp\ccgvHwBH.s:20     .text.rtGetNaN:00000000 $t
C:\Users\ysl\AppData\Local\Temp\ccgvHwBH.s:26     .text.rtGetNaN:00000000 rtGetNaN
C:\Users\ysl\AppData\Local\Temp\ccgvHwBH.s:52     .text.rtGetNaN:00000008 $d
C:\Users\ysl\AppData\Local\Temp\ccgvHwBH.s:58     .text.rtGetNaNF:00000000 $t
C:\Users\ysl\AppData\Local\Temp\ccgvHwBH.s:64     .text.rtGetNaNF:00000000 rtGetNaNF
C:\Users\ysl\AppData\Local\Temp\ccgvHwBH.s:80     .text.rtGetNaNF:00000008 $d

NO UNDEFINED SYMBOLS
