ARM GAS  C:\Users\ysl\AppData\Local\Temp\ccgzvOF9.s 			page 1


   1              		.cpu cortex-m4
   2              		.arch armv7e-m
   3              		.fpu fpv4-sp-d16
   4              		.eabi_attribute 27, 1
   5              		.eabi_attribute 28, 1
   6              		.eabi_attribute 20, 1
   7              		.eabi_attribute 21, 1
   8              		.eabi_attribute 23, 3
   9              		.eabi_attribute 24, 1
  10              		.eabi_attribute 25, 1
  11              		.eabi_attribute 26, 1
  12              		.eabi_attribute 30, 1
  13              		.eabi_attribute 34, 1
  14              		.eabi_attribute 18, 4
  15              		.file	"ws2812.c"
  16              		.text
  17              	.Ltext0:
  18              		.cfi_sections	.debug_frame
  19              		.section	.text.UpdateOneColorToAllBit,"ax",%progbits
  20              		.align	1
  21              		.global	UpdateOneColorToAllBit
  22              		.syntax unified
  23              		.thumb
  24              		.thumb_func
  26              	UpdateOneColorToAllBit:
  27              	.LVL0:
  28              	.LFB238:
  29              		.file 1 "../STM32CUBEMX/Core/Src/ws2812.c"
   1:../STM32CUBEMX/Core/Src/ws2812.c **** #include "stdio.h"
   2:../STM32CUBEMX/Core/Src/ws2812.c **** #include "stdbool.h"
   3:../STM32CUBEMX/Core/Src/ws2812.c **** #include "ws2812.h"
   4:../STM32CUBEMX/Core/Src/ws2812.c **** 
   5:../STM32CUBEMX/Core/Src/ws2812.c **** const uint8_t WS2812BitDef[2] ={WS2812BIT_LOW,WS2812BIT_HIGH};
   6:../STM32CUBEMX/Core/Src/ws2812.c **** 
   7:../STM32CUBEMX/Core/Src/ws2812.c **** //Assigning a colour to all LEDs
   8:../STM32CUBEMX/Core/Src/ws2812.c **** uint8_t UpdateOneColorToAllBit(uint8_t colors[3],uint16_t dmabuffer[],uint16_t led_nums)	//GRB
   9:../STM32CUBEMX/Core/Src/ws2812.c **** {
  30              		.loc 1 9 1 view -0
  31              		.cfi_startproc
  32              		@ args = 0, pretend = 0, frame = 0
  33              		@ frame_needed = 0, uses_anonymous_args = 0
  10:../STM32CUBEMX/Core/Src/ws2812.c **** 	if(led_nums>WS2812_NUMS)	return false;
  34              		.loc 1 10 2 view .LVU1
  35              		.loc 1 10 4 is_stmt 0 view .LVU2
  36 0000 1E2A     		cmp	r2, #30
  37 0002 2CD8     		bhi	.L7
   9:../STM32CUBEMX/Core/Src/ws2812.c **** 	if(led_nums>WS2812_NUMS)	return false;
  38              		.loc 1 9 1 view .LVU3
  39 0004 70B5     		push	{r4, r5, r6, lr}
  40              	.LCFI0:
  41              		.cfi_def_cfa_offset 16
  42              		.cfi_offset 4, -16
  43              		.cfi_offset 5, -12
  44              		.cfi_offset 6, -8
  45              		.cfi_offset 14, -4
  46 0006 0446     		mov	r4, r0
  47 0008 0D46     		mov	r5, r1
ARM GAS  C:\Users\ysl\AppData\Local\Temp\ccgzvOF9.s 			page 2


  48 000a 1646     		mov	r6, r2
  49              	.LBB2:
  11:../STM32CUBEMX/Core/Src/ws2812.c **** 	for(int i=0;i<led_nums;i++)
  50              		.loc 1 11 10 view .LVU4
  51 000c 0020     		movs	r0, #0
  52              	.LVL1:
  53              		.loc 1 11 10 view .LVU5
  54 000e 1BE0     		b	.L3
  55              	.LVL2:
  56              	.L4:
  57              	.LBB3:
  58              	.LBB4:
  12:../STM32CUBEMX/Core/Src/ws2812.c **** 	{
  13:../STM32CUBEMX/Core/Src/ws2812.c **** 		for(int channel=WS2812_GREEN;channel<WS2812_BLUE+1;channel++)	//???for??????
  14:../STM32CUBEMX/Core/Src/ws2812.c **** 		{
  15:../STM32CUBEMX/Core/Src/ws2812.c **** 			for(int bit=7;bit>=0;bit--)
  16:../STM32CUBEMX/Core/Src/ws2812.c **** 			{
  17:../STM32CUBEMX/Core/Src/ws2812.c **** 				dmabuffer[i*24+channel*8+(7-bit)]=WS2812BitDef[colors[channel]>>bit&0x01];
  59              		.loc 1 17 5 is_stmt 1 discriminator 3 view .LVU6
  60              		.loc 1 17 58 is_stmt 0 discriminator 3 view .LVU7
  61 0010 635C     		ldrb	r3, [r4, r1]	@ zero_extendqisi2
  62              		.loc 1 17 67 discriminator 3 view .LVU8
  63 0012 43FA0CF3 		asr	r3, r3, ip
  64              		.loc 1 17 72 discriminator 3 view .LVU9
  65 0016 03F00103 		and	r3, r3, #1
  66              		.loc 1 17 19 discriminator 3 view .LVU10
  67 001a 00EB4002 		add	r2, r0, r0, lsl #1
  68 001e 0A44     		add	r2, r2, r1
  69              		.loc 1 17 32 discriminator 3 view .LVU11
  70 0020 CCF1070E 		rsb	lr, ip, #7
  71              		.loc 1 17 29 discriminator 3 view .LVU12
  72 0024 0EEBC20E 		add	lr, lr, r2, lsl #3
  73              		.loc 1 17 51 discriminator 3 view .LVU13
  74 0028 0E4A     		ldr	r2, .L16
  75 002a D35C     		ldrb	r3, [r2, r3]	@ zero_extendqisi2
  76              		.loc 1 17 38 discriminator 3 view .LVU14
  77 002c 25F81E30 		strh	r3, [r5, lr, lsl #1]	@ movhi
  15:../STM32CUBEMX/Core/Src/ws2812.c **** 			{
  78              		.loc 1 15 28 is_stmt 1 discriminator 3 view .LVU15
  79 0030 0CF1FF3C 		add	ip, ip, #-1
  80              	.LVL3:
  81              	.L5:
  15:../STM32CUBEMX/Core/Src/ws2812.c **** 			{
  82              		.loc 1 15 21 discriminator 1 view .LVU16
  83 0034 BCF1000F 		cmp	ip, #0
  84 0038 EADA     		bge	.L4
  85              	.LBE4:
  13:../STM32CUBEMX/Core/Src/ws2812.c **** 		{
  86              		.loc 1 13 61 discriminator 2 view .LVU17
  87 003a 0131     		adds	r1, r1, #1
  88              	.LVL4:
  89              	.L6:
  13:../STM32CUBEMX/Core/Src/ws2812.c **** 		{
  90              		.loc 1 13 39 discriminator 1 view .LVU18
  91 003c 0229     		cmp	r1, #2
  92 003e 02DC     		bgt	.L14
  93              	.LBB5:
ARM GAS  C:\Users\ysl\AppData\Local\Temp\ccgzvOF9.s 			page 3


  15:../STM32CUBEMX/Core/Src/ws2812.c **** 			{
  94              		.loc 1 15 12 is_stmt 0 view .LVU19
  95 0040 4FF0070C 		mov	ip, #7
  96 0044 F6E7     		b	.L5
  97              	.L14:
  98              	.LBE5:
  99              	.LBE3:
  11:../STM32CUBEMX/Core/Src/ws2812.c **** 	{
 100              		.loc 1 11 26 is_stmt 1 discriminator 2 view .LVU20
 101 0046 0130     		adds	r0, r0, #1
 102              	.LVL5:
 103              	.L3:
  11:../STM32CUBEMX/Core/Src/ws2812.c **** 	{
 104              		.loc 1 11 15 discriminator 1 view .LVU21
 105 0048 8642     		cmp	r6, r0
 106 004a 01DD     		ble	.L15
 107              	.LBB6:
  13:../STM32CUBEMX/Core/Src/ws2812.c **** 		{
 108              		.loc 1 13 11 is_stmt 0 view .LVU22
 109 004c 0021     		movs	r1, #0
 110 004e F5E7     		b	.L6
 111              	.L15:
 112              	.LBE6:
 113              	.LBE2:
  18:../STM32CUBEMX/Core/Src/ws2812.c **** 			}
  19:../STM32CUBEMX/Core/Src/ws2812.c **** 		}
  20:../STM32CUBEMX/Core/Src/ws2812.c **** 	}
  21:../STM32CUBEMX/Core/Src/ws2812.c **** 	dmabuffer[led_nums*24]=0;
 114              		.loc 1 21 2 is_stmt 1 view .LVU23
 115              		.loc 1 21 11 is_stmt 0 view .LVU24
 116 0050 06EB4606 		add	r6, r6, r6, lsl #1
 117 0054 3301     		lsls	r3, r6, #4
 118              		.loc 1 21 24 view .LVU25
 119 0056 0022     		movs	r2, #0
 120 0058 EA52     		strh	r2, [r5, r3]	@ movhi
  22:../STM32CUBEMX/Core/Src/ws2812.c **** 	return true;
 121              		.loc 1 22 2 is_stmt 1 view .LVU26
 122              		.loc 1 22 9 is_stmt 0 view .LVU27
 123 005a 0120     		movs	r0, #1
 124              	.LVL6:
  23:../STM32CUBEMX/Core/Src/ws2812.c **** }
 125              		.loc 1 23 1 view .LVU28
 126 005c 70BD     		pop	{r4, r5, r6, pc}
 127              	.LVL7:
 128              	.L7:
 129              	.LCFI1:
 130              		.cfi_def_cfa_offset 0
 131              		.cfi_restore 4
 132              		.cfi_restore 5
 133              		.cfi_restore 6
 134              		.cfi_restore 14
  10:../STM32CUBEMX/Core/Src/ws2812.c **** 	for(int i=0;i<led_nums;i++)
 135              		.loc 1 10 34 view .LVU29
 136 005e 0020     		movs	r0, #0
 137              	.LVL8:
 138              		.loc 1 23 1 view .LVU30
 139 0060 7047     		bx	lr
ARM GAS  C:\Users\ysl\AppData\Local\Temp\ccgzvOF9.s 			page 4


 140              	.L17:
 141 0062 00BF     		.align	2
 142              	.L16:
 143 0064 00000000 		.word	.LANCHOR0
 144              		.cfi_endproc
 145              	.LFE238:
 147              		.section	.text.UpdateOneColorsToDesignatedBit,"ax",%progbits
 148              		.align	1
 149              		.global	UpdateOneColorsToDesignatedBit
 150              		.syntax unified
 151              		.thumb
 152              		.thumb_func
 154              	UpdateOneColorsToDesignatedBit:
 155              	.LVL9:
 156              	.LFB239:
  24:../STM32CUBEMX/Core/Src/ws2812.c **** 
  25:../STM32CUBEMX/Core/Src/ws2812.c **** //Assigning a specific colour to a specific LED
  26:../STM32CUBEMX/Core/Src/ws2812.c **** uint8_t UpdateOneColorsToDesignatedBit(uint8_t colors[3],uint8_t designated[], uint16_t dmabuffer[]
  27:../STM32CUBEMX/Core/Src/ws2812.c **** {
 157              		.loc 1 27 1 is_stmt 1 view -0
 158              		.cfi_startproc
 159              		@ args = 0, pretend = 0, frame = 0
 160              		@ frame_needed = 0, uses_anonymous_args = 0
  28:../STM32CUBEMX/Core/Src/ws2812.c **** 	if(led_nums>WS2812_NUMS)	return false;
 161              		.loc 1 28 2 view .LVU32
 162              		.loc 1 28 4 is_stmt 0 view .LVU33
 163 0000 1E2B     		cmp	r3, #30
 164 0002 32D8     		bhi	.L24
  27:../STM32CUBEMX/Core/Src/ws2812.c **** 	if(led_nums>WS2812_NUMS)	return false;
 165              		.loc 1 27 1 view .LVU34
 166 0004 F0B5     		push	{r4, r5, r6, r7, lr}
 167              	.LCFI2:
 168              		.cfi_def_cfa_offset 20
 169              		.cfi_offset 4, -20
 170              		.cfi_offset 5, -16
 171              		.cfi_offset 6, -12
 172              		.cfi_offset 7, -8
 173              		.cfi_offset 14, -4
 174 0006 0446     		mov	r4, r0
 175 0008 0D46     		mov	r5, r1
 176 000a 1646     		mov	r6, r2
 177 000c 1F46     		mov	r7, r3
 178              	.LBB7:
  29:../STM32CUBEMX/Core/Src/ws2812.c **** 	for(int i=0;i<led_nums;i++)
 179              		.loc 1 29 10 view .LVU35
 180 000e 0021     		movs	r1, #0
 181              	.LVL10:
 182              		.loc 1 29 10 view .LVU36
 183 0010 20E0     		b	.L20
 184              	.LVL11:
 185              	.L21:
 186              	.LBB8:
 187              	.LBB9:
  30:../STM32CUBEMX/Core/Src/ws2812.c **** 	{
  31:../STM32CUBEMX/Core/Src/ws2812.c **** 		for(int channel=WS2812_GREEN;channel<WS2812_BLUE+1;channel++)	//???for??????
  32:../STM32CUBEMX/Core/Src/ws2812.c **** 		{
  33:../STM32CUBEMX/Core/Src/ws2812.c **** 			for(int bit=7;bit>=0;bit--)
ARM GAS  C:\Users\ysl\AppData\Local\Temp\ccgzvOF9.s 			page 5


  34:../STM32CUBEMX/Core/Src/ws2812.c **** 			{
  35:../STM32CUBEMX/Core/Src/ws2812.c **** 				dmabuffer[i*24+channel*8+(7-bit)]=WS2812BitDef[ (colors[channel]>>bit&0x01) &designated[i] ];
 188              		.loc 1 35 5 is_stmt 1 discriminator 3 view .LVU37
 189              		.loc 1 35 60 is_stmt 0 discriminator 3 view .LVU38
 190 0012 14F800C0 		ldrb	ip, [r4, r0]	@ zero_extendqisi2
 191              		.loc 1 35 69 discriminator 3 view .LVU39
 192 0016 4CFA0EFC 		asr	ip, ip, lr
 193              		.loc 1 35 74 discriminator 3 view .LVU40
 194 001a 0CF0010C 		and	ip, ip, #1
 195              		.loc 1 35 92 discriminator 3 view .LVU41
 196 001e 6B5C     		ldrb	r3, [r5, r1]	@ zero_extendqisi2
 197              		.loc 1 35 81 discriminator 3 view .LVU42
 198 0020 0CEA030C 		and	ip, ip, r3
 199              		.loc 1 35 19 discriminator 3 view .LVU43
 200 0024 01EB4102 		add	r2, r1, r1, lsl #1
 201 0028 0244     		add	r2, r2, r0
 202              		.loc 1 35 32 discriminator 3 view .LVU44
 203 002a CEF10703 		rsb	r3, lr, #7
 204              		.loc 1 35 29 discriminator 3 view .LVU45
 205 002e 03EBC203 		add	r3, r3, r2, lsl #3
 206              		.loc 1 35 51 discriminator 3 view .LVU46
 207 0032 0F4A     		ldr	r2, .L33
 208 0034 12F80C20 		ldrb	r2, [r2, ip]	@ zero_extendqisi2
 209              		.loc 1 35 38 discriminator 3 view .LVU47
 210 0038 26F81320 		strh	r2, [r6, r3, lsl #1]	@ movhi
  33:../STM32CUBEMX/Core/Src/ws2812.c **** 			{
 211              		.loc 1 33 28 is_stmt 1 discriminator 3 view .LVU48
 212 003c 0EF1FF3E 		add	lr, lr, #-1
 213              	.LVL12:
 214              	.L22:
  33:../STM32CUBEMX/Core/Src/ws2812.c **** 			{
 215              		.loc 1 33 21 discriminator 1 view .LVU49
 216 0040 BEF1000F 		cmp	lr, #0
 217 0044 E5DA     		bge	.L21
 218              	.LBE9:
  31:../STM32CUBEMX/Core/Src/ws2812.c **** 		{
 219              		.loc 1 31 61 discriminator 2 view .LVU50
 220 0046 0130     		adds	r0, r0, #1
 221              	.LVL13:
 222              	.L23:
  31:../STM32CUBEMX/Core/Src/ws2812.c **** 		{
 223              		.loc 1 31 39 discriminator 1 view .LVU51
 224 0048 0228     		cmp	r0, #2
 225 004a 02DC     		bgt	.L31
 226              	.LBB10:
  33:../STM32CUBEMX/Core/Src/ws2812.c **** 			{
 227              		.loc 1 33 12 is_stmt 0 view .LVU52
 228 004c 4FF0070E 		mov	lr, #7
 229 0050 F6E7     		b	.L22
 230              	.L31:
 231              	.LBE10:
 232              	.LBE8:
  29:../STM32CUBEMX/Core/Src/ws2812.c **** 	{
 233              		.loc 1 29 26 is_stmt 1 discriminator 2 view .LVU53
 234 0052 0131     		adds	r1, r1, #1
 235              	.LVL14:
 236              	.L20:
ARM GAS  C:\Users\ysl\AppData\Local\Temp\ccgzvOF9.s 			page 6


  29:../STM32CUBEMX/Core/Src/ws2812.c **** 	{
 237              		.loc 1 29 15 discriminator 1 view .LVU54
 238 0054 8F42     		cmp	r7, r1
 239 0056 01DD     		ble	.L32
 240              	.LBB11:
  31:../STM32CUBEMX/Core/Src/ws2812.c **** 		{
 241              		.loc 1 31 11 is_stmt 0 view .LVU55
 242 0058 0020     		movs	r0, #0
 243 005a F5E7     		b	.L23
 244              	.L32:
 245              	.LBE11:
 246              	.LBE7:
  36:../STM32CUBEMX/Core/Src/ws2812.c **** 			}
  37:../STM32CUBEMX/Core/Src/ws2812.c **** 		}
  38:../STM32CUBEMX/Core/Src/ws2812.c **** 	}
  39:../STM32CUBEMX/Core/Src/ws2812.c **** 	dmabuffer[led_nums*24]=0;
 247              		.loc 1 39 2 is_stmt 1 view .LVU56
 248              		.loc 1 39 11 is_stmt 0 view .LVU57
 249 005c 07EB4707 		add	r7, r7, r7, lsl #1
 250 0060 3B01     		lsls	r3, r7, #4
 251              		.loc 1 39 24 view .LVU58
 252 0062 0022     		movs	r2, #0
 253 0064 F252     		strh	r2, [r6, r3]	@ movhi
  40:../STM32CUBEMX/Core/Src/ws2812.c **** 	return true;
 254              		.loc 1 40 2 is_stmt 1 view .LVU59
 255              		.loc 1 40 9 is_stmt 0 view .LVU60
 256 0066 0120     		movs	r0, #1
  41:../STM32CUBEMX/Core/Src/ws2812.c **** }	
 257              		.loc 1 41 1 view .LVU61
 258 0068 F0BD     		pop	{r4, r5, r6, r7, pc}
 259              	.LVL15:
 260              	.L24:
 261              	.LCFI3:
 262              		.cfi_def_cfa_offset 0
 263              		.cfi_restore 4
 264              		.cfi_restore 5
 265              		.cfi_restore 6
 266              		.cfi_restore 7
 267              		.cfi_restore 14
  28:../STM32CUBEMX/Core/Src/ws2812.c **** 	for(int i=0;i<led_nums;i++)
 268              		.loc 1 28 34 view .LVU62
 269 006a 0020     		movs	r0, #0
 270              	.LVL16:
 271              		.loc 1 41 1 view .LVU63
 272 006c 7047     		bx	lr
 273              	.L34:
 274 006e 00BF     		.align	2
 275              	.L33:
 276 0070 00000000 		.word	.LANCHOR0
 277              		.cfi_endproc
 278              	.LFE239:
 280              		.section	.text.UpdateColorsToBit,"ax",%progbits
 281              		.align	1
 282              		.global	UpdateColorsToBit
 283              		.syntax unified
 284              		.thumb
 285              		.thumb_func
ARM GAS  C:\Users\ysl\AppData\Local\Temp\ccgzvOF9.s 			page 7


 287              	UpdateColorsToBit:
 288              	.LVL17:
 289              	.LFB240:
  42:../STM32CUBEMX/Core/Src/ws2812.c **** 
  43:../STM32CUBEMX/Core/Src/ws2812.c **** //Assigning individual colours to each LED
  44:../STM32CUBEMX/Core/Src/ws2812.c **** uint8_t UpdateColorsToBit(uint8_t colors[][3],uint16_t dmabuffer[],uint16_t led_nums)	//GRB
  45:../STM32CUBEMX/Core/Src/ws2812.c **** {
 290              		.loc 1 45 1 is_stmt 1 view -0
 291              		.cfi_startproc
 292              		@ args = 0, pretend = 0, frame = 0
 293              		@ frame_needed = 0, uses_anonymous_args = 0
  46:../STM32CUBEMX/Core/Src/ws2812.c **** 	if(led_nums>WS2812_NUMS)	return false;
 294              		.loc 1 46 2 view .LVU65
 295              		.loc 1 46 4 is_stmt 0 view .LVU66
 296 0000 1E2A     		cmp	r2, #30
 297 0002 2DD8     		bhi	.L41
  45:../STM32CUBEMX/Core/Src/ws2812.c **** 	if(led_nums>WS2812_NUMS)	return false;
 298              		.loc 1 45 1 view .LVU67
 299 0004 70B5     		push	{r4, r5, r6, lr}
 300              	.LCFI4:
 301              		.cfi_def_cfa_offset 16
 302              		.cfi_offset 4, -16
 303              		.cfi_offset 5, -12
 304              		.cfi_offset 6, -8
 305              		.cfi_offset 14, -4
 306 0006 0446     		mov	r4, r0
 307 0008 0D46     		mov	r5, r1
 308 000a 1646     		mov	r6, r2
 309              	.LBB12:
  47:../STM32CUBEMX/Core/Src/ws2812.c **** 	for(int i=0;i<led_nums;i++)
 310              		.loc 1 47 10 view .LVU68
 311 000c 0021     		movs	r1, #0
 312              	.LVL18:
 313              		.loc 1 47 10 view .LVU69
 314 000e 1CE0     		b	.L37
 315              	.LVL19:
 316              	.L38:
 317              	.LBB13:
 318              	.LBB14:
  48:../STM32CUBEMX/Core/Src/ws2812.c **** 	{
  49:../STM32CUBEMX/Core/Src/ws2812.c **** 		for(int channel=WS2812_GREEN;channel<WS2812_BLUE+1;channel++)	//???for??????
  50:../STM32CUBEMX/Core/Src/ws2812.c **** 		{
  51:../STM32CUBEMX/Core/Src/ws2812.c **** 			for(int bit=7;bit>=0;bit--)
  52:../STM32CUBEMX/Core/Src/ws2812.c **** 			{
  53:../STM32CUBEMX/Core/Src/ws2812.c **** 				dmabuffer[i*24+channel*8+(7-bit)]=WS2812BitDef[*(colors[i] + channel)>>bit&0x01];
 319              		.loc 1 53 5 is_stmt 1 discriminator 3 view .LVU70
 320              		.loc 1 53 60 is_stmt 0 discriminator 3 view .LVU71
 321 0010 01EB410E 		add	lr, r1, r1, lsl #1
 322              		.loc 1 53 64 discriminator 3 view .LVU72
 323 0014 8644     		add	lr, lr, r0
 324              		.loc 1 53 52 discriminator 3 view .LVU73
 325 0016 14F80E30 		ldrb	r3, [r4, lr]	@ zero_extendqisi2
 326              		.loc 1 53 74 discriminator 3 view .LVU74
 327 001a 43FA0CF3 		asr	r3, r3, ip
 328              		.loc 1 53 79 discriminator 3 view .LVU75
 329 001e 03F00103 		and	r3, r3, #1
 330              		.loc 1 53 32 discriminator 3 view .LVU76
ARM GAS  C:\Users\ysl\AppData\Local\Temp\ccgzvOF9.s 			page 8


 331 0022 CCF10702 		rsb	r2, ip, #7
 332              		.loc 1 53 29 discriminator 3 view .LVU77
 333 0026 02EBCE0E 		add	lr, r2, lr, lsl #3
 334              		.loc 1 53 51 discriminator 3 view .LVU78
 335 002a 0E4A     		ldr	r2, .L50
 336 002c D35C     		ldrb	r3, [r2, r3]	@ zero_extendqisi2
 337              		.loc 1 53 38 discriminator 3 view .LVU79
 338 002e 25F81E30 		strh	r3, [r5, lr, lsl #1]	@ movhi
  51:../STM32CUBEMX/Core/Src/ws2812.c **** 			{
 339              		.loc 1 51 28 is_stmt 1 discriminator 3 view .LVU80
 340 0032 0CF1FF3C 		add	ip, ip, #-1
 341              	.LVL20:
 342              	.L39:
  51:../STM32CUBEMX/Core/Src/ws2812.c **** 			{
 343              		.loc 1 51 21 discriminator 1 view .LVU81
 344 0036 BCF1000F 		cmp	ip, #0
 345 003a E9DA     		bge	.L38
 346              	.LBE14:
  49:../STM32CUBEMX/Core/Src/ws2812.c **** 		{
 347              		.loc 1 49 61 discriminator 2 view .LVU82
 348 003c 0130     		adds	r0, r0, #1
 349              	.LVL21:
 350              	.L40:
  49:../STM32CUBEMX/Core/Src/ws2812.c **** 		{
 351              		.loc 1 49 39 discriminator 1 view .LVU83
 352 003e 0228     		cmp	r0, #2
 353 0040 02DC     		bgt	.L48
 354              	.LBB15:
  51:../STM32CUBEMX/Core/Src/ws2812.c **** 			{
 355              		.loc 1 51 12 is_stmt 0 view .LVU84
 356 0042 4FF0070C 		mov	ip, #7
 357 0046 F6E7     		b	.L39
 358              	.L48:
 359              	.LBE15:
 360              	.LBE13:
  47:../STM32CUBEMX/Core/Src/ws2812.c **** 	{
 361              		.loc 1 47 26 is_stmt 1 discriminator 2 view .LVU85
 362 0048 0131     		adds	r1, r1, #1
 363              	.LVL22:
 364              	.L37:
  47:../STM32CUBEMX/Core/Src/ws2812.c **** 	{
 365              		.loc 1 47 15 discriminator 1 view .LVU86
 366 004a 8E42     		cmp	r6, r1
 367 004c 01DD     		ble	.L49
 368              	.LBB16:
  49:../STM32CUBEMX/Core/Src/ws2812.c **** 		{
 369              		.loc 1 49 11 is_stmt 0 view .LVU87
 370 004e 0020     		movs	r0, #0
 371 0050 F5E7     		b	.L40
 372              	.L49:
 373              	.LBE16:
 374              	.LBE12:
  54:../STM32CUBEMX/Core/Src/ws2812.c **** 			}
  55:../STM32CUBEMX/Core/Src/ws2812.c **** 		}
  56:../STM32CUBEMX/Core/Src/ws2812.c **** 	}
  57:../STM32CUBEMX/Core/Src/ws2812.c **** 	dmabuffer[led_nums*24]=0;
 375              		.loc 1 57 2 is_stmt 1 view .LVU88
ARM GAS  C:\Users\ysl\AppData\Local\Temp\ccgzvOF9.s 			page 9


 376              		.loc 1 57 11 is_stmt 0 view .LVU89
 377 0052 06EB4606 		add	r6, r6, r6, lsl #1
 378 0056 3301     		lsls	r3, r6, #4
 379              		.loc 1 57 24 view .LVU90
 380 0058 0022     		movs	r2, #0
 381 005a EA52     		strh	r2, [r5, r3]	@ movhi
  58:../STM32CUBEMX/Core/Src/ws2812.c **** 	//Pwm3_1_Dmasetcounter=led_nums*24+1;
  59:../STM32CUBEMX/Core/Src/ws2812.c **** 	return true;
 382              		.loc 1 59 2 is_stmt 1 view .LVU91
 383              		.loc 1 59 9 is_stmt 0 view .LVU92
 384 005c 0120     		movs	r0, #1
  60:../STM32CUBEMX/Core/Src/ws2812.c **** }
 385              		.loc 1 60 1 view .LVU93
 386 005e 70BD     		pop	{r4, r5, r6, pc}
 387              	.LVL23:
 388              	.L41:
 389              	.LCFI5:
 390              		.cfi_def_cfa_offset 0
 391              		.cfi_restore 4
 392              		.cfi_restore 5
 393              		.cfi_restore 6
 394              		.cfi_restore 14
  46:../STM32CUBEMX/Core/Src/ws2812.c **** 	for(int i=0;i<led_nums;i++)
 395              		.loc 1 46 34 view .LVU94
 396 0060 0020     		movs	r0, #0
 397              	.LVL24:
 398              		.loc 1 60 1 view .LVU95
 399 0062 7047     		bx	lr
 400              	.L51:
 401              		.align	2
 402              	.L50:
 403 0064 00000000 		.word	.LANCHOR0
 404              		.cfi_endproc
 405              	.LFE240:
 407              		.section	.text.pwmdma_testinit,"ax",%progbits
 408              		.align	1
 409              		.global	pwmdma_testinit
 410              		.syntax unified
 411              		.thumb
 412              		.thumb_func
 414              	pwmdma_testinit:
 415              	.LVL25:
 416              	.LFB241:
  61:../STM32CUBEMX/Core/Src/ws2812.c **** 
  62:../STM32CUBEMX/Core/Src/ws2812.c **** void pwmdma_testinit(uint16_t dma1buffer[],uint16_t dma2buffer[])
  63:../STM32CUBEMX/Core/Src/ws2812.c **** {
 417              		.loc 1 63 1 is_stmt 1 view -0
 418              		.cfi_startproc
 419              		@ args = 0, pretend = 0, frame = 8
 420              		@ frame_needed = 0, uses_anonymous_args = 0
 421              		.loc 1 63 1 is_stmt 0 view .LVU97
 422 0000 10B5     		push	{r4, lr}
 423              	.LCFI6:
 424              		.cfi_def_cfa_offset 8
 425              		.cfi_offset 4, -8
 426              		.cfi_offset 14, -4
 427 0002 82B0     		sub	sp, sp, #8
ARM GAS  C:\Users\ysl\AppData\Local\Temp\ccgzvOF9.s 			page 10


 428              	.LCFI7:
 429              		.cfi_def_cfa_offset 16
 430 0004 8446     		mov	ip, r0
 431 0006 0C46     		mov	r4, r1
  64:../STM32CUBEMX/Core/Src/ws2812.c **** 	uint8_t color[2][3]={100,0,0,0,100,0};
 432              		.loc 1 64 2 is_stmt 1 view .LVU98
 433              		.loc 1 64 10 is_stmt 0 view .LVU99
 434 0008 084B     		ldr	r3, .L54
 435 000a 93E80300 		ldm	r3, {r0, r1}
 436              	.LVL26:
 437              		.loc 1 64 10 view .LVU100
 438 000e 0090     		str	r0, [sp]
 439 0010 ADF80410 		strh	r1, [sp, #4]	@ movhi
  65:../STM32CUBEMX/Core/Src/ws2812.c **** 	UpdateColorsToBit(color,dma1buffer,2);
 440              		.loc 1 65 2 is_stmt 1 view .LVU101
 441 0014 0222     		movs	r2, #2
 442 0016 6146     		mov	r1, ip
 443 0018 6846     		mov	r0, sp
 444 001a FFF7FEFF 		bl	UpdateColorsToBit
 445              	.LVL27:
  66:../STM32CUBEMX/Core/Src/ws2812.c **** 	UpdateColorsToBit(color,dma2buffer,2);
 446              		.loc 1 66 2 view .LVU102
 447 001e 0222     		movs	r2, #2
 448 0020 2146     		mov	r1, r4
 449 0022 6846     		mov	r0, sp
 450 0024 FFF7FEFF 		bl	UpdateColorsToBit
 451              	.LVL28:
  67:../STM32CUBEMX/Core/Src/ws2812.c **** }
 452              		.loc 1 67 1 is_stmt 0 view .LVU103
 453 0028 02B0     		add	sp, sp, #8
 454              	.LCFI8:
 455              		.cfi_def_cfa_offset 8
 456              		@ sp needed
 457 002a 10BD     		pop	{r4, pc}
 458              	.LVL29:
 459              	.L55:
 460              		.loc 1 67 1 view .LVU104
 461              		.align	2
 462              	.L54:
 463 002c 00000000 		.word	.LANCHOR1
 464              		.cfi_endproc
 465              	.LFE241:
 467              		.section	.text.shift_by_byte,"ax",%progbits
 468              		.align	1
 469              		.global	shift_by_byte
 470              		.syntax unified
 471              		.thumb
 472              		.thumb_func
 474              	shift_by_byte:
 475              	.LVL30:
 476              	.LFB242:
  68:../STM32CUBEMX/Core/Src/ws2812.c **** 
  69:../STM32CUBEMX/Core/Src/ws2812.c **** 
  70:../STM32CUBEMX/Core/Src/ws2812.c **** /**
  71:../STM32CUBEMX/Core/Src/ws2812.c **** * @movestep Step size for each shift, with the positive direction being the direction of growth of 
  72:../STM32CUBEMX/Core/Src/ws2812.c **** **/
  73:../STM32CUBEMX/Core/Src/ws2812.c **** void shift_by_byte(uint8_t bytes[],uint16_t nums,int16_t movestep)
ARM GAS  C:\Users\ysl\AppData\Local\Temp\ccgzvOF9.s 			page 11


  74:../STM32CUBEMX/Core/Src/ws2812.c **** {
 477              		.loc 1 74 1 is_stmt 1 view -0
 478              		.cfi_startproc
 479              		@ args = 0, pretend = 0, frame = 0
 480              		@ frame_needed = 0, uses_anonymous_args = 0
 481              		@ link register save eliminated.
  75:../STM32CUBEMX/Core/Src/ws2812.c **** 	if(movestep>=nums) return;
 482              		.loc 1 75 2 view .LVU106
 483              		.loc 1 75 4 is_stmt 0 view .LVU107
 484 0000 8A42     		cmp	r2, r1
 485 0002 0CDA     		bge	.L56
  76:../STM32CUBEMX/Core/Src/ws2812.c **** 	if(movestep>0)
 486              		.loc 1 76 2 is_stmt 1 view .LVU108
 487              		.loc 1 76 4 is_stmt 0 view .LVU109
 488 0004 002A     		cmp	r2, #0
 489 0006 08DD     		ble	.L58
  77:../STM32CUBEMX/Core/Src/ws2812.c **** 	{
  78:../STM32CUBEMX/Core/Src/ws2812.c **** 		for(int i =nums-1;i>=movestep;i--)
 490              		.loc 1 78 3 is_stmt 1 view .LVU110
 491              	.LBB17:
 492              		.loc 1 78 7 view .LVU111
 493              		.loc 1 78 11 is_stmt 0 view .LVU112
 494 0008 0139     		subs	r1, r1, #1
 495              	.LVL31:
 496              		.loc 1 78 3 view .LVU113
 497 000a 03E0     		b	.L59
 498              	.L60:
  79:../STM32CUBEMX/Core/Src/ws2812.c **** 		{
  80:../STM32CUBEMX/Core/Src/ws2812.c **** 			bytes[i]=bytes[i-movestep];
 499              		.loc 1 80 4 is_stmt 1 discriminator 3 view .LVU114
 500              		.loc 1 80 20 is_stmt 0 discriminator 3 view .LVU115
 501 000c 8B1A     		subs	r3, r1, r2
 502              		.loc 1 80 18 discriminator 3 view .LVU116
 503 000e C35C     		ldrb	r3, [r0, r3]	@ zero_extendqisi2
 504              		.loc 1 80 12 discriminator 3 view .LVU117
 505 0010 4354     		strb	r3, [r0, r1]
  78:../STM32CUBEMX/Core/Src/ws2812.c **** 		{
 506              		.loc 1 78 34 is_stmt 1 discriminator 3 view .LVU118
 507 0012 0139     		subs	r1, r1, #1
 508              	.LVL32:
 509              	.L59:
  78:../STM32CUBEMX/Core/Src/ws2812.c **** 		{
 510              		.loc 1 78 22 discriminator 1 view .LVU119
 511 0014 8A42     		cmp	r2, r1
 512 0016 F9DD     		ble	.L60
  78:../STM32CUBEMX/Core/Src/ws2812.c **** 		{
 513              		.loc 1 78 22 is_stmt 0 discriminator 1 view .LVU120
 514 0018 7047     		bx	lr
 515              	.LVL33:
 516              	.L58:
  78:../STM32CUBEMX/Core/Src/ws2812.c **** 		{
 517              		.loc 1 78 22 discriminator 1 view .LVU121
 518              	.LBE17:
  81:../STM32CUBEMX/Core/Src/ws2812.c **** 		}
  82:../STM32CUBEMX/Core/Src/ws2812.c **** 	}
  83:../STM32CUBEMX/Core/Src/ws2812.c **** 	else if(movestep<0)
 519              		.loc 1 83 7 is_stmt 1 view .LVU122
ARM GAS  C:\Users\ysl\AppData\Local\Temp\ccgzvOF9.s 			page 12


 520              		.loc 1 83 9 is_stmt 0 view .LVU123
 521 001a 002A     		cmp	r2, #0
 522 001c 0CDB     		blt	.L64
 523              	.L56:
  84:../STM32CUBEMX/Core/Src/ws2812.c **** 	{
  85:../STM32CUBEMX/Core/Src/ws2812.c **** 		for(int i =0;i<nums+movestep;i++)
  86:../STM32CUBEMX/Core/Src/ws2812.c **** 		{
  87:../STM32CUBEMX/Core/Src/ws2812.c **** 			bytes[i]=bytes[i-movestep];
  88:../STM32CUBEMX/Core/Src/ws2812.c **** 		}
  89:../STM32CUBEMX/Core/Src/ws2812.c **** 	}
  90:../STM32CUBEMX/Core/Src/ws2812.c **** }
 524              		.loc 1 90 1 view .LVU124
 525 001e 7047     		bx	lr
 526              	.LVL34:
 527              	.L62:
 528              	.LBB18:
  87:../STM32CUBEMX/Core/Src/ws2812.c **** 		}
 529              		.loc 1 87 4 is_stmt 1 discriminator 3 view .LVU125
  87:../STM32CUBEMX/Core/Src/ws2812.c **** 		}
 530              		.loc 1 87 20 is_stmt 0 discriminator 3 view .LVU126
 531 0020 A3EB020C 		sub	ip, r3, r2
  87:../STM32CUBEMX/Core/Src/ws2812.c **** 		}
 532              		.loc 1 87 18 discriminator 3 view .LVU127
 533 0024 10F80CC0 		ldrb	ip, [r0, ip]	@ zero_extendqisi2
  87:../STM32CUBEMX/Core/Src/ws2812.c **** 		}
 534              		.loc 1 87 12 discriminator 3 view .LVU128
 535 0028 00F803C0 		strb	ip, [r0, r3]
  85:../STM32CUBEMX/Core/Src/ws2812.c **** 		{
 536              		.loc 1 85 33 is_stmt 1 discriminator 3 view .LVU129
 537 002c 0133     		adds	r3, r3, #1
 538              	.LVL35:
 539              	.L61:
  85:../STM32CUBEMX/Core/Src/ws2812.c **** 		{
 540              		.loc 1 85 17 discriminator 1 view .LVU130
  85:../STM32CUBEMX/Core/Src/ws2812.c **** 		{
 541              		.loc 1 85 22 is_stmt 0 discriminator 1 view .LVU131
 542 002e 02EB010C 		add	ip, r2, r1
  85:../STM32CUBEMX/Core/Src/ws2812.c **** 		{
 543              		.loc 1 85 17 discriminator 1 view .LVU132
 544 0032 9C45     		cmp	ip, r3
 545 0034 F4DC     		bgt	.L62
 546 0036 F2E7     		b	.L56
 547              	.LVL36:
 548              	.L64:
  85:../STM32CUBEMX/Core/Src/ws2812.c **** 		{
 549              		.loc 1 85 11 view .LVU133
 550 0038 0023     		movs	r3, #0
 551 003a F8E7     		b	.L61
 552              	.LBE18:
 553              		.cfi_endproc
 554              	.LFE242:
 556              		.section	.text.ColorsRamp,"ax",%progbits
 557              		.align	1
 558              		.global	ColorsRamp
 559              		.syntax unified
 560              		.thumb
 561              		.thumb_func
ARM GAS  C:\Users\ysl\AppData\Local\Temp\ccgzvOF9.s 			page 13


 563              	ColorsRamp:
 564              	.LVL37:
 565              	.LFB243:
  91:../STM32CUBEMX/Core/Src/ws2812.c **** 
  92:../STM32CUBEMX/Core/Src/ws2812.c **** 
  93:../STM32CUBEMX/Core/Src/ws2812.c **** //To be improved to pointer form, compatible with 1-dimensional arrays and 2-dimensional arrays
  94:../STM32CUBEMX/Core/Src/ws2812.c **** void ColorsRamp(uint8_t tarcolors[][3],uint8_t realcolors[][3],uint8_t rampstep,uint16_t led_nums)
  95:../STM32CUBEMX/Core/Src/ws2812.c **** {
 566              		.loc 1 95 1 is_stmt 1 view -0
 567              		.cfi_startproc
 568              		@ args = 0, pretend = 0, frame = 0
 569              		@ frame_needed = 0, uses_anonymous_args = 0
  96:../STM32CUBEMX/Core/Src/ws2812.c **** 	if(led_nums>WS2812_NUMS)	return;
 570              		.loc 1 96 2 view .LVU135
 571              		.loc 1 96 4 is_stmt 0 view .LVU136
 572 0000 1E2B     		cmp	r3, #30
 573 0002 29D8     		bhi	.L75
  95:../STM32CUBEMX/Core/Src/ws2812.c **** 	if(led_nums>WS2812_NUMS)	return;
 574              		.loc 1 95 1 view .LVU137
 575 0004 2DE9F041 		push	{r4, r5, r6, r7, r8, lr}
 576              	.LCFI9:
 577              		.cfi_def_cfa_offset 24
 578              		.cfi_offset 4, -24
 579              		.cfi_offset 5, -20
 580              		.cfi_offset 6, -16
 581              		.cfi_offset 7, -12
 582              		.cfi_offset 8, -8
 583              		.cfi_offset 14, -4
 584              	.LBB19:
  97:../STM32CUBEMX/Core/Src/ws2812.c **** 	for(int i=0;i<led_nums;i++)
 585              		.loc 1 97 10 view .LVU138
 586 0008 0026     		movs	r6, #0
 587 000a 1EE0     		b	.L67
 588              	.LVL38:
 589              	.L68:
 590              	.LBB20:
  98:../STM32CUBEMX/Core/Src/ws2812.c **** 	{
  99:../STM32CUBEMX/Core/Src/ws2812.c **** 		for(int channel=WS2812_GREEN;channel<WS2812_BLUE+1;channel++)	//???for??????
 100:../STM32CUBEMX/Core/Src/ws2812.c **** 		{
 101:../STM32CUBEMX/Core/Src/ws2812.c **** 			if((int8_t)(*(tarcolors[i] + channel) - *(realcolors[i] + channel)) > rampstep)
 102:../STM32CUBEMX/Core/Src/ws2812.c **** 			{
 103:../STM32CUBEMX/Core/Src/ws2812.c **** 				*(realcolors[i] + channel)+=rampstep;
 104:../STM32CUBEMX/Core/Src/ws2812.c **** 			}
 105:../STM32CUBEMX/Core/Src/ws2812.c **** 			else if((int8_t)(*(tarcolors[i] + channel) - *(realcolors[i] + channel)) < -rampstep)
 591              		.loc 1 105 9 is_stmt 1 view .LVU139
 592              		.loc 1 105 79 is_stmt 0 view .LVU140
 593 000c C2F10008 		rsb	r8, r2, #0
 594              		.loc 1 105 11 view .LVU141
 595 0010 4445     		cmp	r4, r8
 596 0012 16DA     		bge	.L70
 106:../STM32CUBEMX/Core/Src/ws2812.c **** 			{
 107:../STM32CUBEMX/Core/Src/ws2812.c **** 				*(realcolors[i] + channel)-=rampstep;
 597              		.loc 1 107 5 is_stmt 1 view .LVU142
 598              		.loc 1 107 31 is_stmt 0 view .LVU143
 599 0014 AD1A     		subs	r5, r5, r2
 600 0016 01F80C50 		strb	r5, [r1, ip]
 601              	.L69:
ARM GAS  C:\Users\ysl\AppData\Local\Temp\ccgzvOF9.s 			page 14


  99:../STM32CUBEMX/Core/Src/ws2812.c **** 		{
 602              		.loc 1 99 61 is_stmt 1 discriminator 2 view .LVU144
 603 001a 0EF1010E 		add	lr, lr, #1
 604              	.LVL39:
 605              	.L72:
  99:../STM32CUBEMX/Core/Src/ws2812.c **** 		{
 606              		.loc 1 99 39 discriminator 1 view .LVU145
 607 001e BEF1020F 		cmp	lr, #2
 608 0022 11DC     		bgt	.L78
 101:../STM32CUBEMX/Core/Src/ws2812.c **** 			{
 609              		.loc 1 101 4 view .LVU146
 101:../STM32CUBEMX/Core/Src/ws2812.c **** 			{
 610              		.loc 1 101 27 is_stmt 0 view .LVU147
 611 0024 06EB460C 		add	ip, r6, r6, lsl #1
 612 0028 F444     		add	ip, ip, lr
 101:../STM32CUBEMX/Core/Src/ws2812.c **** 			{
 613              		.loc 1 101 16 view .LVU148
 614 002a 10F80C70 		ldrb	r7, [r0, ip]	@ zero_extendqisi2
 101:../STM32CUBEMX/Core/Src/ws2812.c **** 			{
 615              		.loc 1 101 44 view .LVU149
 616 002e 11F80C50 		ldrb	r5, [r1, ip]	@ zero_extendqisi2
 101:../STM32CUBEMX/Core/Src/ws2812.c **** 			{
 617              		.loc 1 101 42 view .LVU150
 618 0032 7C1B     		subs	r4, r7, r5
 101:../STM32CUBEMX/Core/Src/ws2812.c **** 			{
 619              		.loc 1 101 7 view .LVU151
 620 0034 64B2     		sxtb	r4, r4
 101:../STM32CUBEMX/Core/Src/ws2812.c **** 			{
 621              		.loc 1 101 6 view .LVU152
 622 0036 9442     		cmp	r4, r2
 623 0038 E8DD     		ble	.L68
 103:../STM32CUBEMX/Core/Src/ws2812.c **** 			}
 624              		.loc 1 103 5 is_stmt 1 view .LVU153
 103:../STM32CUBEMX/Core/Src/ws2812.c **** 			}
 625              		.loc 1 103 31 is_stmt 0 view .LVU154
 626 003a 1544     		add	r5, r5, r2
 627 003c 01F80C50 		strb	r5, [r1, ip]
 628 0040 EBE7     		b	.L69
 629              	.L70:
 108:../STM32CUBEMX/Core/Src/ws2812.c **** 			}
 109:../STM32CUBEMX/Core/Src/ws2812.c **** 			else
 110:../STM32CUBEMX/Core/Src/ws2812.c **** 			{
 111:../STM32CUBEMX/Core/Src/ws2812.c **** 				*(realcolors[i] + channel)=*(tarcolors[i] + channel);
 630              		.loc 1 111 5 is_stmt 1 view .LVU155
 631              		.loc 1 111 31 is_stmt 0 view .LVU156
 632 0042 01F80C70 		strb	r7, [r1, ip]
 633 0046 E8E7     		b	.L69
 634              	.L78:
 635              		.loc 1 111 31 view .LVU157
 636              	.LBE20:
  97:../STM32CUBEMX/Core/Src/ws2812.c **** 	{
 637              		.loc 1 97 26 is_stmt 1 discriminator 2 view .LVU158
 638 0048 0136     		adds	r6, r6, #1
 639              	.LVL40:
 640              	.L67:
  97:../STM32CUBEMX/Core/Src/ws2812.c **** 	{
 641              		.loc 1 97 15 discriminator 1 view .LVU159
ARM GAS  C:\Users\ysl\AppData\Local\Temp\ccgzvOF9.s 			page 15


 642 004a B342     		cmp	r3, r6
 643 004c 02DD     		ble	.L79
 644              	.LBB21:
  99:../STM32CUBEMX/Core/Src/ws2812.c **** 		{
 645              		.loc 1 99 11 is_stmt 0 view .LVU160
 646 004e 4FF0000E 		mov	lr, #0
 647 0052 E4E7     		b	.L72
 648              	.L79:
 649              	.LBE21:
 650              	.LBE19:
 112:../STM32CUBEMX/Core/Src/ws2812.c **** 			}
 113:../STM32CUBEMX/Core/Src/ws2812.c **** 		}
 114:../STM32CUBEMX/Core/Src/ws2812.c **** 	}
 115:../STM32CUBEMX/Core/Src/ws2812.c **** }
 651              		.loc 1 115 1 view .LVU161
 652 0054 BDE8F081 		pop	{r4, r5, r6, r7, r8, pc}
 653              	.LVL41:
 654              	.L75:
 655              	.LCFI10:
 656              		.cfi_def_cfa_offset 0
 657              		.cfi_restore 4
 658              		.cfi_restore 5
 659              		.cfi_restore 6
 660              		.cfi_restore 7
 661              		.cfi_restore 8
 662              		.cfi_restore 14
 663              		.loc 1 115 1 view .LVU162
 664 0058 7047     		bx	lr
 665              		.cfi_endproc
 666              	.LFE243:
 668              		.section	.text.OneColorRamp,"ax",%progbits
 669              		.align	1
 670              		.global	OneColorRamp
 671              		.syntax unified
 672              		.thumb
 673              		.thumb_func
 675              	OneColorRamp:
 676              	.LVL42:
 677              	.LFB244:
 116:../STM32CUBEMX/Core/Src/ws2812.c **** 
 117:../STM32CUBEMX/Core/Src/ws2812.c **** void OneColorRamp(uint8_t tarcolors[3],uint8_t realcolors[3],uint8_t rampstep)
 118:../STM32CUBEMX/Core/Src/ws2812.c **** {
 678              		.loc 1 118 1 is_stmt 1 view -0
 679              		.cfi_startproc
 680              		@ args = 0, pretend = 0, frame = 0
 681              		@ frame_needed = 0, uses_anonymous_args = 0
 119:../STM32CUBEMX/Core/Src/ws2812.c **** 
 120:../STM32CUBEMX/Core/Src/ws2812.c **** 	for(int channel=WS2812_GREEN;channel<WS2812_BLUE+1;channel++)	//???for??????
 682              		.loc 1 120 2 view .LVU164
 683              	.LBB22:
 684              		.loc 1 120 6 view .LVU165
 685              		.loc 1 120 10 is_stmt 0 view .LVU166
 686 0000 0023     		movs	r3, #0
 687              	.LVL43:
 688              		.loc 1 120 38 is_stmt 1 view .LVU167
 689 0002 022B     		cmp	r3, #2
 690 0004 1ADC     		bgt	.L89
ARM GAS  C:\Users\ysl\AppData\Local\Temp\ccgzvOF9.s 			page 16


 691              	.LBE22:
 118:../STM32CUBEMX/Core/Src/ws2812.c **** 
 692              		.loc 1 118 1 is_stmt 0 view .LVU168
 693 0006 70B5     		push	{r4, r5, r6, lr}
 694              	.LCFI11:
 695              		.cfi_def_cfa_offset 16
 696              		.cfi_offset 4, -16
 697              		.cfi_offset 5, -12
 698              		.cfi_offset 6, -8
 699              		.cfi_offset 14, -4
 700 0008 09E0     		b	.L85
 701              	.L82:
 702              	.LBB23:
 121:../STM32CUBEMX/Core/Src/ws2812.c **** 	{
 122:../STM32CUBEMX/Core/Src/ws2812.c **** 		if((int16_t)(*(tarcolors + channel) - *(realcolors + channel)) > rampstep)
 123:../STM32CUBEMX/Core/Src/ws2812.c **** 		{
 124:../STM32CUBEMX/Core/Src/ws2812.c **** 			*(realcolors + channel)+=rampstep;
 125:../STM32CUBEMX/Core/Src/ws2812.c **** 		}
 126:../STM32CUBEMX/Core/Src/ws2812.c **** 		else if((int16_t)(*(tarcolors + channel) - *(realcolors + channel)) < -rampstep)
 703              		.loc 1 126 8 is_stmt 1 view .LVU169
 704              		.loc 1 126 73 is_stmt 0 view .LVU170
 705 000a 5642     		rsbs	r6, r2, #0
 706              		.loc 1 126 10 view .LVU171
 707 000c B645     		cmp	lr, r6
 708 000e 12DA     		bge	.L84
 127:../STM32CUBEMX/Core/Src/ws2812.c **** 		{
 128:../STM32CUBEMX/Core/Src/ws2812.c **** 			*(realcolors + channel)-=rampstep;
 709              		.loc 1 128 4 is_stmt 1 view .LVU172
 710              		.loc 1 128 27 is_stmt 0 view .LVU173
 711 0010 ACEB020C 		sub	ip, ip, r2
 712 0014 85F800C0 		strb	ip, [r5]
 713              	.L83:
 120:../STM32CUBEMX/Core/Src/ws2812.c **** 	{
 714              		.loc 1 120 60 is_stmt 1 discriminator 2 view .LVU174
 715 0018 0133     		adds	r3, r3, #1
 716              	.LVL44:
 120:../STM32CUBEMX/Core/Src/ws2812.c **** 	{
 717              		.loc 1 120 38 discriminator 2 view .LVU175
 718 001a 022B     		cmp	r3, #2
 719 001c 0DDC     		bgt	.L90
 720              	.L85:
 122:../STM32CUBEMX/Core/Src/ws2812.c **** 		{
 721              		.loc 1 122 3 view .LVU176
 122:../STM32CUBEMX/Core/Src/ws2812.c **** 		{
 722              		.loc 1 122 16 is_stmt 0 view .LVU177
 723 001e C45C     		ldrb	r4, [r0, r3]	@ zero_extendqisi2
 122:../STM32CUBEMX/Core/Src/ws2812.c **** 		{
 724              		.loc 1 122 54 view .LVU178
 725 0020 CD18     		adds	r5, r1, r3
 122:../STM32CUBEMX/Core/Src/ws2812.c **** 		{
 726              		.loc 1 122 41 view .LVU179
 727 0022 11F803C0 		ldrb	ip, [r1, r3]	@ zero_extendqisi2
 122:../STM32CUBEMX/Core/Src/ws2812.c **** 		{
 728              		.loc 1 122 6 view .LVU180
 729 0026 A4EB0C0E 		sub	lr, r4, ip
 122:../STM32CUBEMX/Core/Src/ws2812.c **** 		{
 730              		.loc 1 122 5 view .LVU181
ARM GAS  C:\Users\ysl\AppData\Local\Temp\ccgzvOF9.s 			page 17


 731 002a 9645     		cmp	lr, r2
 732 002c EDDD     		ble	.L82
 124:../STM32CUBEMX/Core/Src/ws2812.c **** 		}
 733              		.loc 1 124 4 is_stmt 1 view .LVU182
 124:../STM32CUBEMX/Core/Src/ws2812.c **** 		}
 734              		.loc 1 124 27 is_stmt 0 view .LVU183
 735 002e 9444     		add	ip, ip, r2
 736 0030 01F803C0 		strb	ip, [r1, r3]
 737 0034 F0E7     		b	.L83
 738              	.L84:
 129:../STM32CUBEMX/Core/Src/ws2812.c **** 		}
 130:../STM32CUBEMX/Core/Src/ws2812.c **** 		else
 131:../STM32CUBEMX/Core/Src/ws2812.c **** 		{
 132:../STM32CUBEMX/Core/Src/ws2812.c **** 			*(realcolors + channel)=*(tarcolors + channel);
 739              		.loc 1 132 4 is_stmt 1 view .LVU184
 740              		.loc 1 132 27 is_stmt 0 view .LVU185
 741 0036 2C70     		strb	r4, [r5]
 742 0038 EEE7     		b	.L83
 743              	.L90:
 744              		.loc 1 132 27 view .LVU186
 745              	.LBE23:
 133:../STM32CUBEMX/Core/Src/ws2812.c **** 		}
 134:../STM32CUBEMX/Core/Src/ws2812.c **** 	}
 135:../STM32CUBEMX/Core/Src/ws2812.c **** 
 136:../STM32CUBEMX/Core/Src/ws2812.c **** }
 746              		.loc 1 136 1 view .LVU187
 747 003a 70BD     		pop	{r4, r5, r6, pc}
 748              	.L89:
 749              	.LCFI12:
 750              		.cfi_def_cfa_offset 0
 751              		.cfi_restore 4
 752              		.cfi_restore 5
 753              		.cfi_restore 6
 754              		.cfi_restore 14
 755              		.loc 1 136 1 view .LVU188
 756 003c 7047     		bx	lr
 757              		.cfi_endproc
 758              	.LFE244:
 760              		.section	.text.normal_LightingEffects,"ax",%progbits
 761              		.align	1
 762              		.global	normal_LightingEffects
 763              		.syntax unified
 764              		.thumb
 765              		.thumb_func
 767              	normal_LightingEffects:
 768              	.LFB245:
 137:../STM32CUBEMX/Core/Src/ws2812.c **** 
 138:../STM32CUBEMX/Core/Src/ws2812.c **** uint8_t led_Designated[WS2812_NUMS]={0};// 1 light;0 off
 139:../STM32CUBEMX/Core/Src/ws2812.c **** extern uint16_t pwm4_1_DMAData[WS2812_NUMS*3*8+1];
 140:../STM32CUBEMX/Core/Src/ws2812.c **** extern unsigned int time_5ms_count;
 141:../STM32CUBEMX/Core/Src/ws2812.c **** static uint8_t tarcolors[3]={0};
 142:../STM32CUBEMX/Core/Src/ws2812.c **** static uint8_t sendcolors[3]={0};
 143:../STM32CUBEMX/Core/Src/ws2812.c **** void normal_LightingEffects(void)
 144:../STM32CUBEMX/Core/Src/ws2812.c **** {
 769              		.loc 1 144 1 is_stmt 1 view -0
 770              		.cfi_startproc
 771              		@ args = 0, pretend = 0, frame = 0
ARM GAS  C:\Users\ysl\AppData\Local\Temp\ccgzvOF9.s 			page 18


 772              		@ frame_needed = 0, uses_anonymous_args = 0
 773 0000 10B5     		push	{r4, lr}
 774              	.LCFI13:
 775              		.cfi_def_cfa_offset 8
 776              		.cfi_offset 4, -8
 777              		.cfi_offset 14, -4
 145:../STM32CUBEMX/Core/Src/ws2812.c **** 	if(time_5ms_count%400==20)//GRB
 778              		.loc 1 145 2 view .LVU190
 779              		.loc 1 145 19 is_stmt 0 view .LVU191
 780 0002 214B     		ldr	r3, .L101
 781 0004 1A68     		ldr	r2, [r3]
 782 0006 214B     		ldr	r3, .L101+4
 783 0008 A3FB0213 		umull	r1, r3, r3, r2
 784 000c DB09     		lsrs	r3, r3, #7
 785 000e 4FF4C871 		mov	r1, #400
 786 0012 01FB1323 		mls	r3, r1, r3, r2
 787              		.loc 1 145 4 view .LVU192
 788 0016 142B     		cmp	r3, #20
 789 0018 13D0     		beq	.L97
 146:../STM32CUBEMX/Core/Src/ws2812.c **** 	{
 147:../STM32CUBEMX/Core/Src/ws2812.c **** 		tarcolors[0]=90;
 148:../STM32CUBEMX/Core/Src/ws2812.c **** 		tarcolors[1]=0;
 149:../STM32CUBEMX/Core/Src/ws2812.c **** 		tarcolors[2]=0;
 150:../STM32CUBEMX/Core/Src/ws2812.c **** 	}
 151:../STM32CUBEMX/Core/Src/ws2812.c **** 	else if(time_5ms_count%400==200)
 790              		.loc 1 151 7 is_stmt 1 view .LVU193
 791              		.loc 1 151 9 is_stmt 0 view .LVU194
 792 001a C82B     		cmp	r3, #200
 793 001c 18D0     		beq	.L98
 794              	.L93:
 152:../STM32CUBEMX/Core/Src/ws2812.c **** 	{
 153:../STM32CUBEMX/Core/Src/ws2812.c **** 		tarcolors[0]=0;
 154:../STM32CUBEMX/Core/Src/ws2812.c **** 		tarcolors[1]=0;
 155:../STM32CUBEMX/Core/Src/ws2812.c **** 		tarcolors[2]=0;
 156:../STM32CUBEMX/Core/Src/ws2812.c **** 	}
 157:../STM32CUBEMX/Core/Src/ws2812.c **** 	
 158:../STM32CUBEMX/Core/Src/ws2812.c **** 	
 159:../STM32CUBEMX/Core/Src/ws2812.c **** 	if(time_5ms_count%5==0&&time_5ms_count>430)
 795              		.loc 1 159 2 is_stmt 1 view .LVU195
 796              		.loc 1 159 19 is_stmt 0 view .LVU196
 797 001e 1C4B     		ldr	r3, .L101+8
 798 0020 A3FB0213 		umull	r1, r3, r3, r2
 799 0024 23F00301 		bic	r1, r3, #3
 800 0028 01EB9303 		add	r3, r1, r3, lsr #2
 801              		.loc 1 159 4 view .LVU197
 802 002c 9A42     		cmp	r2, r3
 803 002e 02D1     		bne	.L94
 804              		.loc 1 159 24 discriminator 1 view .LVU198
 805 0030 B2F5D77F 		cmp	r2, #430
 806 0034 12D8     		bhi	.L99
 807              	.L94:
 160:../STM32CUBEMX/Core/Src/ws2812.c **** 	{
 161:../STM32CUBEMX/Core/Src/ws2812.c **** 		shift_by_byte(led_Designated,WS2812_NUMS,1);
 162:../STM32CUBEMX/Core/Src/ws2812.c **** 		led_Designated[0]=1;
 163:../STM32CUBEMX/Core/Src/ws2812.c **** 	}
 164:../STM32CUBEMX/Core/Src/ws2812.c **** 	
 165:../STM32CUBEMX/Core/Src/ws2812.c **** 	if(time_5ms_count%2==0)
ARM GAS  C:\Users\ysl\AppData\Local\Temp\ccgzvOF9.s 			page 19


 808              		.loc 1 165 2 is_stmt 1 view .LVU199
 809              		.loc 1 165 19 is_stmt 0 view .LVU200
 810 0036 144B     		ldr	r3, .L101
 811 0038 1B68     		ldr	r3, [r3]
 812              		.loc 1 165 4 view .LVU201
 813 003a 13F0010F 		tst	r3, #1
 814 003e 16D0     		beq	.L100
 815              	.L91:
 166:../STM32CUBEMX/Core/Src/ws2812.c **** 	{
 167:../STM32CUBEMX/Core/Src/ws2812.c **** 		OneColorRamp(tarcolors,sendcolors,1);
 168:../STM32CUBEMX/Core/Src/ws2812.c **** 		//UpdateOneColorToAllBit(sendcolors,pwm4_1_DMAData,WS2812_NUMS);
 169:../STM32CUBEMX/Core/Src/ws2812.c **** 		UpdateOneColorsToDesignatedBit(sendcolors,led_Designated,pwm4_1_DMAData,WS2812_NUMS);
 170:../STM32CUBEMX/Core/Src/ws2812.c **** 	}
 171:../STM32CUBEMX/Core/Src/ws2812.c **** }
 816              		.loc 1 171 1 view .LVU202
 817 0040 10BD     		pop	{r4, pc}
 818              	.L97:
 147:../STM32CUBEMX/Core/Src/ws2812.c **** 		tarcolors[1]=0;
 819              		.loc 1 147 3 is_stmt 1 view .LVU203
 147:../STM32CUBEMX/Core/Src/ws2812.c **** 		tarcolors[1]=0;
 820              		.loc 1 147 15 is_stmt 0 view .LVU204
 821 0042 144B     		ldr	r3, .L101+12
 822 0044 5A21     		movs	r1, #90
 823 0046 1970     		strb	r1, [r3]
 148:../STM32CUBEMX/Core/Src/ws2812.c **** 		tarcolors[2]=0;
 824              		.loc 1 148 3 is_stmt 1 view .LVU205
 148:../STM32CUBEMX/Core/Src/ws2812.c **** 		tarcolors[2]=0;
 825              		.loc 1 148 15 is_stmt 0 view .LVU206
 826 0048 0021     		movs	r1, #0
 827 004a 5970     		strb	r1, [r3, #1]
 149:../STM32CUBEMX/Core/Src/ws2812.c **** 	}
 828              		.loc 1 149 3 is_stmt 1 view .LVU207
 149:../STM32CUBEMX/Core/Src/ws2812.c **** 	}
 829              		.loc 1 149 15 is_stmt 0 view .LVU208
 830 004c 9970     		strb	r1, [r3, #2]
 831 004e E6E7     		b	.L93
 832              	.L98:
 153:../STM32CUBEMX/Core/Src/ws2812.c **** 		tarcolors[1]=0;
 833              		.loc 1 153 3 is_stmt 1 view .LVU209
 153:../STM32CUBEMX/Core/Src/ws2812.c **** 		tarcolors[1]=0;
 834              		.loc 1 153 15 is_stmt 0 view .LVU210
 835 0050 104B     		ldr	r3, .L101+12
 836 0052 0021     		movs	r1, #0
 837 0054 1970     		strb	r1, [r3]
 154:../STM32CUBEMX/Core/Src/ws2812.c **** 		tarcolors[2]=0;
 838              		.loc 1 154 3 is_stmt 1 view .LVU211
 154:../STM32CUBEMX/Core/Src/ws2812.c **** 		tarcolors[2]=0;
 839              		.loc 1 154 15 is_stmt 0 view .LVU212
 840 0056 5970     		strb	r1, [r3, #1]
 155:../STM32CUBEMX/Core/Src/ws2812.c **** 	}
 841              		.loc 1 155 3 is_stmt 1 view .LVU213
 155:../STM32CUBEMX/Core/Src/ws2812.c **** 	}
 842              		.loc 1 155 15 is_stmt 0 view .LVU214
 843 0058 9970     		strb	r1, [r3, #2]
 844 005a E0E7     		b	.L93
 845              	.L99:
 161:../STM32CUBEMX/Core/Src/ws2812.c **** 		led_Designated[0]=1;
ARM GAS  C:\Users\ysl\AppData\Local\Temp\ccgzvOF9.s 			page 20


 846              		.loc 1 161 3 is_stmt 1 view .LVU215
 847 005c 0E4C     		ldr	r4, .L101+16
 848 005e 0122     		movs	r2, #1
 849 0060 1E21     		movs	r1, #30
 850 0062 2046     		mov	r0, r4
 851 0064 FFF7FEFF 		bl	shift_by_byte
 852              	.LVL45:
 162:../STM32CUBEMX/Core/Src/ws2812.c **** 	}
 853              		.loc 1 162 3 view .LVU216
 162:../STM32CUBEMX/Core/Src/ws2812.c **** 	}
 854              		.loc 1 162 20 is_stmt 0 view .LVU217
 855 0068 0123     		movs	r3, #1
 856 006a 2370     		strb	r3, [r4]
 857 006c E3E7     		b	.L94
 858              	.L100:
 167:../STM32CUBEMX/Core/Src/ws2812.c **** 		//UpdateOneColorToAllBit(sendcolors,pwm4_1_DMAData,WS2812_NUMS);
 859              		.loc 1 167 3 is_stmt 1 view .LVU218
 860 006e 0B4C     		ldr	r4, .L101+20
 861 0070 0122     		movs	r2, #1
 862 0072 2146     		mov	r1, r4
 863 0074 0748     		ldr	r0, .L101+12
 864 0076 FFF7FEFF 		bl	OneColorRamp
 865              	.LVL46:
 169:../STM32CUBEMX/Core/Src/ws2812.c **** 	}
 866              		.loc 1 169 3 view .LVU219
 867 007a 1E23     		movs	r3, #30
 868 007c 084A     		ldr	r2, .L101+24
 869 007e 0649     		ldr	r1, .L101+16
 870 0080 2046     		mov	r0, r4
 871 0082 FFF7FEFF 		bl	UpdateOneColorsToDesignatedBit
 872              	.LVL47:
 873              		.loc 1 171 1 is_stmt 0 view .LVU220
 874 0086 DBE7     		b	.L91
 875              	.L102:
 876              		.align	2
 877              	.L101:
 878 0088 00000000 		.word	time_5ms_count
 879 008c 1F85EB51 		.word	1374389535
 880 0090 CDCCCCCC 		.word	-858993459
 881 0094 00000000 		.word	.LANCHOR2
 882 0098 00000000 		.word	.LANCHOR3
 883 009c 00000000 		.word	.LANCHOR4
 884 00a0 00000000 		.word	pwm4_1_DMAData
 885              		.cfi_endproc
 886              	.LFE245:
 888              		.section	.text.connecting_LightingEffects,"ax",%progbits
 889              		.align	1
 890              		.global	connecting_LightingEffects
 891              		.syntax unified
 892              		.thumb
 893              		.thumb_func
 895              	connecting_LightingEffects:
 896              	.LFB246:
 172:../STM32CUBEMX/Core/Src/ws2812.c **** 
 173:../STM32CUBEMX/Core/Src/ws2812.c **** void connecting_LightingEffects(void)
 174:../STM32CUBEMX/Core/Src/ws2812.c **** {
 897              		.loc 1 174 1 is_stmt 1 view -0
ARM GAS  C:\Users\ysl\AppData\Local\Temp\ccgzvOF9.s 			page 21


 898              		.cfi_startproc
 899              		@ args = 0, pretend = 0, frame = 0
 900              		@ frame_needed = 0, uses_anonymous_args = 0
 901 0000 10B5     		push	{r4, lr}
 902              	.LCFI14:
 903              		.cfi_def_cfa_offset 8
 904              		.cfi_offset 4, -8
 905              		.cfi_offset 14, -4
 175:../STM32CUBEMX/Core/Src/ws2812.c **** 	if(time_5ms_count%300==0)
 906              		.loc 1 175 2 view .LVU222
 907              		.loc 1 175 19 is_stmt 0 view .LVU223
 908 0002 2D4B     		ldr	r3, .L115
 909 0004 1A68     		ldr	r2, [r3]
 910 0006 2D4B     		ldr	r3, .L115+4
 911 0008 A3FB0213 		umull	r1, r3, r3, r2
 912 000c 5B09     		lsrs	r3, r3, #5
 913 000e 4FF49671 		mov	r1, #300
 914 0012 01FB1323 		mls	r3, r1, r3, r2
 915              		.loc 1 175 4 view .LVU224
 916 0016 A3B9     		cbnz	r3, .L104
 176:../STM32CUBEMX/Core/Src/ws2812.c **** 	{
 177:../STM32CUBEMX/Core/Src/ws2812.c **** 		tarcolors[0]=120;
 917              		.loc 1 177 3 is_stmt 1 view .LVU225
 918              		.loc 1 177 15 is_stmt 0 view .LVU226
 919 0018 294B     		ldr	r3, .L115+8
 920 001a 7821     		movs	r1, #120
 921 001c 1970     		strb	r1, [r3]
 178:../STM32CUBEMX/Core/Src/ws2812.c **** 		tarcolors[1]=0;
 922              		.loc 1 178 3 is_stmt 1 view .LVU227
 923              		.loc 1 178 15 is_stmt 0 view .LVU228
 924 001e 0021     		movs	r1, #0
 925 0020 5970     		strb	r1, [r3, #1]
 179:../STM32CUBEMX/Core/Src/ws2812.c **** 		tarcolors[2]=0;
 926              		.loc 1 179 3 is_stmt 1 view .LVU229
 927              		.loc 1 179 15 is_stmt 0 view .LVU230
 928 0022 9970     		strb	r1, [r3, #2]
 929              	.L105:
 180:../STM32CUBEMX/Core/Src/ws2812.c **** 	}
 181:../STM32CUBEMX/Core/Src/ws2812.c **** 	else if(time_5ms_count%300==100)
 182:../STM32CUBEMX/Core/Src/ws2812.c **** 	{
 183:../STM32CUBEMX/Core/Src/ws2812.c **** 		tarcolors[0]=0;
 184:../STM32CUBEMX/Core/Src/ws2812.c **** 		tarcolors[1]=90;
 185:../STM32CUBEMX/Core/Src/ws2812.c **** 		tarcolors[2]=0;
 186:../STM32CUBEMX/Core/Src/ws2812.c **** 	}
 187:../STM32CUBEMX/Core/Src/ws2812.c **** 	else if(time_5ms_count%300==200)
 188:../STM32CUBEMX/Core/Src/ws2812.c **** 	{
 189:../STM32CUBEMX/Core/Src/ws2812.c **** 		tarcolors[0]=0;
 190:../STM32CUBEMX/Core/Src/ws2812.c **** 		tarcolors[1]=0;
 191:../STM32CUBEMX/Core/Src/ws2812.c **** 		tarcolors[2]=120;
 192:../STM32CUBEMX/Core/Src/ws2812.c **** 	}
 193:../STM32CUBEMX/Core/Src/ws2812.c **** 	
 194:../STM32CUBEMX/Core/Src/ws2812.c **** 	
 195:../STM32CUBEMX/Core/Src/ws2812.c **** 	if(time_5ms_count%5==0)
 930              		.loc 1 195 2 is_stmt 1 view .LVU231
 931              		.loc 1 195 19 is_stmt 0 view .LVU232
 932 0024 274B     		ldr	r3, .L115+12
 933 0026 A3FB0213 		umull	r1, r3, r3, r2
ARM GAS  C:\Users\ysl\AppData\Local\Temp\ccgzvOF9.s 			page 22


 934 002a 23F00301 		bic	r1, r3, #3
 935 002e 01EB9303 		add	r3, r1, r3, lsr #2
 936              		.loc 1 195 4 view .LVU233
 937 0032 9A42     		cmp	r2, r3
 938 0034 17D0     		beq	.L112
 939              	.L107:
 196:../STM32CUBEMX/Core/Src/ws2812.c **** 	{
 197:../STM32CUBEMX/Core/Src/ws2812.c **** 		shift_by_byte(led_Designated,WS2812_NUMS,1);
 198:../STM32CUBEMX/Core/Src/ws2812.c **** 		if(time_5ms_count%155==0||time_5ms_count%155==5)//10*30+10=310  //5*30+5=155
 199:../STM32CUBEMX/Core/Src/ws2812.c **** 		{
 200:../STM32CUBEMX/Core/Src/ws2812.c **** 			led_Designated[0]=1;
 201:../STM32CUBEMX/Core/Src/ws2812.c **** 		}
 202:../STM32CUBEMX/Core/Src/ws2812.c **** 		else
 203:../STM32CUBEMX/Core/Src/ws2812.c **** 		{
 204:../STM32CUBEMX/Core/Src/ws2812.c **** 			led_Designated[0]=0;
 205:../STM32CUBEMX/Core/Src/ws2812.c **** 		}
 206:../STM32CUBEMX/Core/Src/ws2812.c **** 	}
 207:../STM32CUBEMX/Core/Src/ws2812.c **** 	
 208:../STM32CUBEMX/Core/Src/ws2812.c **** 	if(time_5ms_count%2==0)
 940              		.loc 1 208 2 is_stmt 1 view .LVU234
 941              		.loc 1 208 19 is_stmt 0 view .LVU235
 942 0036 204B     		ldr	r3, .L115
 943 0038 1B68     		ldr	r3, [r3]
 944              		.loc 1 208 4 view .LVU236
 945 003a 13F0010F 		tst	r3, #1
 946 003e 2DD0     		beq	.L113
 947              	.L103:
 209:../STM32CUBEMX/Core/Src/ws2812.c **** 	{
 210:../STM32CUBEMX/Core/Src/ws2812.c **** 		OneColorRamp(tarcolors,sendcolors,1);
 211:../STM32CUBEMX/Core/Src/ws2812.c **** 		//UpdateOneColorToAllBit(sendcolors,pwm4_1_DMAData,WS2812_NUMS);
 212:../STM32CUBEMX/Core/Src/ws2812.c **** 		UpdateOneColorsToDesignatedBit(sendcolors,led_Designated,pwm4_1_DMAData,WS2812_NUMS);
 213:../STM32CUBEMX/Core/Src/ws2812.c **** 	}
 214:../STM32CUBEMX/Core/Src/ws2812.c **** }
 948              		.loc 1 214 1 view .LVU237
 949 0040 10BD     		pop	{r4, pc}
 950              	.L104:
 181:../STM32CUBEMX/Core/Src/ws2812.c **** 	{
 951              		.loc 1 181 7 is_stmt 1 view .LVU238
 181:../STM32CUBEMX/Core/Src/ws2812.c **** 	{
 952              		.loc 1 181 9 is_stmt 0 view .LVU239
 953 0042 642B     		cmp	r3, #100
 954 0044 08D0     		beq	.L114
 187:../STM32CUBEMX/Core/Src/ws2812.c **** 	{
 955              		.loc 1 187 7 is_stmt 1 view .LVU240
 187:../STM32CUBEMX/Core/Src/ws2812.c **** 	{
 956              		.loc 1 187 9 is_stmt 0 view .LVU241
 957 0046 C82B     		cmp	r3, #200
 958 0048 ECD1     		bne	.L105
 189:../STM32CUBEMX/Core/Src/ws2812.c **** 		tarcolors[1]=0;
 959              		.loc 1 189 3 is_stmt 1 view .LVU242
 189:../STM32CUBEMX/Core/Src/ws2812.c **** 		tarcolors[1]=0;
 960              		.loc 1 189 15 is_stmt 0 view .LVU243
 961 004a 1D4B     		ldr	r3, .L115+8
 962 004c 0021     		movs	r1, #0
 963 004e 1970     		strb	r1, [r3]
 190:../STM32CUBEMX/Core/Src/ws2812.c **** 		tarcolors[2]=120;
 964              		.loc 1 190 3 is_stmt 1 view .LVU244
ARM GAS  C:\Users\ysl\AppData\Local\Temp\ccgzvOF9.s 			page 23


 190:../STM32CUBEMX/Core/Src/ws2812.c **** 		tarcolors[2]=120;
 965              		.loc 1 190 15 is_stmt 0 view .LVU245
 966 0050 5970     		strb	r1, [r3, #1]
 191:../STM32CUBEMX/Core/Src/ws2812.c **** 	}
 967              		.loc 1 191 3 is_stmt 1 view .LVU246
 191:../STM32CUBEMX/Core/Src/ws2812.c **** 	}
 968              		.loc 1 191 15 is_stmt 0 view .LVU247
 969 0052 7821     		movs	r1, #120
 970 0054 9970     		strb	r1, [r3, #2]
 971 0056 E5E7     		b	.L105
 972              	.L114:
 183:../STM32CUBEMX/Core/Src/ws2812.c **** 		tarcolors[1]=90;
 973              		.loc 1 183 3 is_stmt 1 view .LVU248
 183:../STM32CUBEMX/Core/Src/ws2812.c **** 		tarcolors[1]=90;
 974              		.loc 1 183 15 is_stmt 0 view .LVU249
 975 0058 194B     		ldr	r3, .L115+8
 976 005a 0021     		movs	r1, #0
 977 005c 1970     		strb	r1, [r3]
 184:../STM32CUBEMX/Core/Src/ws2812.c **** 		tarcolors[2]=0;
 978              		.loc 1 184 3 is_stmt 1 view .LVU250
 184:../STM32CUBEMX/Core/Src/ws2812.c **** 		tarcolors[2]=0;
 979              		.loc 1 184 15 is_stmt 0 view .LVU251
 980 005e 5A20     		movs	r0, #90
 981 0060 5870     		strb	r0, [r3, #1]
 185:../STM32CUBEMX/Core/Src/ws2812.c **** 	}
 982              		.loc 1 185 3 is_stmt 1 view .LVU252
 185:../STM32CUBEMX/Core/Src/ws2812.c **** 	}
 983              		.loc 1 185 15 is_stmt 0 view .LVU253
 984 0062 9970     		strb	r1, [r3, #2]
 985 0064 DEE7     		b	.L105
 986              	.L112:
 197:../STM32CUBEMX/Core/Src/ws2812.c **** 		if(time_5ms_count%155==0||time_5ms_count%155==5)//10*30+10=310  //5*30+5=155
 987              		.loc 1 197 3 is_stmt 1 view .LVU254
 988 0066 0122     		movs	r2, #1
 989 0068 1E21     		movs	r1, #30
 990 006a 1748     		ldr	r0, .L115+16
 991 006c FFF7FEFF 		bl	shift_by_byte
 992              	.LVL48:
 198:../STM32CUBEMX/Core/Src/ws2812.c **** 		{
 993              		.loc 1 198 3 view .LVU255
 198:../STM32CUBEMX/Core/Src/ws2812.c **** 		{
 994              		.loc 1 198 20 is_stmt 0 view .LVU256
 995 0070 114B     		ldr	r3, .L115
 996 0072 1A68     		ldr	r2, [r3]
 997 0074 154B     		ldr	r3, .L115+20
 998 0076 A3FB0213 		umull	r1, r3, r3, r2
 999 007a DB09     		lsrs	r3, r3, #7
 1000 007c 03EB8303 		add	r3, r3, r3, lsl #2
 1001 0080 C3EB4313 		rsb	r3, r3, r3, lsl #5
 198:../STM32CUBEMX/Core/Src/ws2812.c **** 		{
 1002              		.loc 1 198 5 view .LVU257
 1003 0084 D31A     		subs	r3, r2, r3
 1004 0086 05D0     		beq	.L108
 198:../STM32CUBEMX/Core/Src/ws2812.c **** 		{
 1005              		.loc 1 198 27 discriminator 1 view .LVU258
 1006 0088 052B     		cmp	r3, #5
 1007 008a 03D0     		beq	.L108
ARM GAS  C:\Users\ysl\AppData\Local\Temp\ccgzvOF9.s 			page 24


 204:../STM32CUBEMX/Core/Src/ws2812.c **** 		}
 1008              		.loc 1 204 4 is_stmt 1 view .LVU259
 204:../STM32CUBEMX/Core/Src/ws2812.c **** 		}
 1009              		.loc 1 204 21 is_stmt 0 view .LVU260
 1010 008c 0E4B     		ldr	r3, .L115+16
 1011 008e 0022     		movs	r2, #0
 1012 0090 1A70     		strb	r2, [r3]
 1013 0092 D0E7     		b	.L107
 1014              	.L108:
 200:../STM32CUBEMX/Core/Src/ws2812.c **** 		}
 1015              		.loc 1 200 4 is_stmt 1 view .LVU261
 200:../STM32CUBEMX/Core/Src/ws2812.c **** 		}
 1016              		.loc 1 200 21 is_stmt 0 view .LVU262
 1017 0094 0C4B     		ldr	r3, .L115+16
 1018 0096 0122     		movs	r2, #1
 1019 0098 1A70     		strb	r2, [r3]
 1020 009a CCE7     		b	.L107
 1021              	.L113:
 210:../STM32CUBEMX/Core/Src/ws2812.c **** 		//UpdateOneColorToAllBit(sendcolors,pwm4_1_DMAData,WS2812_NUMS);
 1022              		.loc 1 210 3 is_stmt 1 view .LVU263
 1023 009c 0C4C     		ldr	r4, .L115+24
 1024 009e 0122     		movs	r2, #1
 1025 00a0 2146     		mov	r1, r4
 1026 00a2 0748     		ldr	r0, .L115+8
 1027 00a4 FFF7FEFF 		bl	OneColorRamp
 1028              	.LVL49:
 212:../STM32CUBEMX/Core/Src/ws2812.c **** 	}
 1029              		.loc 1 212 3 view .LVU264
 1030 00a8 1E23     		movs	r3, #30
 1031 00aa 0A4A     		ldr	r2, .L115+28
 1032 00ac 0649     		ldr	r1, .L115+16
 1033 00ae 2046     		mov	r0, r4
 1034 00b0 FFF7FEFF 		bl	UpdateOneColorsToDesignatedBit
 1035              	.LVL50:
 1036              		.loc 1 214 1 is_stmt 0 view .LVU265
 1037 00b4 C4E7     		b	.L103
 1038              	.L116:
 1039 00b6 00BF     		.align	2
 1040              	.L115:
 1041 00b8 00000000 		.word	time_5ms_count
 1042 00bc B5814E1B 		.word	458129845
 1043 00c0 00000000 		.word	.LANCHOR2
 1044 00c4 CDCCCCCC 		.word	-858993459
 1045 00c8 00000000 		.word	.LANCHOR3
 1046 00cc 370D68D3 		.word	-748155593
 1047 00d0 00000000 		.word	.LANCHOR4
 1048 00d4 00000000 		.word	pwm4_1_DMAData
 1049              		.cfi_endproc
 1050              	.LFE246:
 1052              		.section	.text.connected_LightingEffects,"ax",%progbits
 1053              		.align	1
 1054              		.global	connected_LightingEffects
 1055              		.syntax unified
 1056              		.thumb
 1057              		.thumb_func
 1059              	connected_LightingEffects:
 1060              	.LFB247:
ARM GAS  C:\Users\ysl\AppData\Local\Temp\ccgzvOF9.s 			page 25


 215:../STM32CUBEMX/Core/Src/ws2812.c **** 
 216:../STM32CUBEMX/Core/Src/ws2812.c **** void connected_LightingEffects(void)
 217:../STM32CUBEMX/Core/Src/ws2812.c **** {
 1061              		.loc 1 217 1 is_stmt 1 view -0
 1062              		.cfi_startproc
 1063              		@ args = 0, pretend = 0, frame = 0
 1064              		@ frame_needed = 0, uses_anonymous_args = 0
 1065 0000 10B5     		push	{r4, lr}
 1066              	.LCFI15:
 1067              		.cfi_def_cfa_offset 8
 1068              		.cfi_offset 4, -8
 1069              		.cfi_offset 14, -4
 218:../STM32CUBEMX/Core/Src/ws2812.c **** 		if(time_5ms_count%400==20)//GRB
 1070              		.loc 1 218 3 view .LVU267
 1071              		.loc 1 218 20 is_stmt 0 view .LVU268
 1072 0002 204B     		ldr	r3, .L127
 1073 0004 1A68     		ldr	r2, [r3]
 1074 0006 204B     		ldr	r3, .L127+4
 1075 0008 A3FB0213 		umull	r1, r3, r3, r2
 1076 000c DB09     		lsrs	r3, r3, #7
 1077 000e 4FF4C871 		mov	r1, #400
 1078 0012 01FB1323 		mls	r3, r1, r3, r2
 1079              		.loc 1 218 5 view .LVU269
 1080 0016 142B     		cmp	r3, #20
 1081 0018 10D0     		beq	.L123
 219:../STM32CUBEMX/Core/Src/ws2812.c **** 	{
 220:../STM32CUBEMX/Core/Src/ws2812.c **** 		tarcolors[0]=0;
 221:../STM32CUBEMX/Core/Src/ws2812.c **** 		tarcolors[1]=0;
 222:../STM32CUBEMX/Core/Src/ws2812.c **** 		tarcolors[2]=90;
 223:../STM32CUBEMX/Core/Src/ws2812.c **** 	}
 224:../STM32CUBEMX/Core/Src/ws2812.c **** 	else if(time_5ms_count%400==200)
 1082              		.loc 1 224 7 is_stmt 1 view .LVU270
 1083              		.loc 1 224 9 is_stmt 0 view .LVU271
 1084 001a C82B     		cmp	r3, #200
 1085 001c 15D0     		beq	.L124
 1086              	.L119:
 225:../STM32CUBEMX/Core/Src/ws2812.c **** 	{
 226:../STM32CUBEMX/Core/Src/ws2812.c **** 		tarcolors[0]=0;
 227:../STM32CUBEMX/Core/Src/ws2812.c **** 		tarcolors[1]=0;
 228:../STM32CUBEMX/Core/Src/ws2812.c **** 		tarcolors[2]=0;
 229:../STM32CUBEMX/Core/Src/ws2812.c **** 	}
 230:../STM32CUBEMX/Core/Src/ws2812.c **** 	
 231:../STM32CUBEMX/Core/Src/ws2812.c **** 	
 232:../STM32CUBEMX/Core/Src/ws2812.c **** 	if(time_5ms_count%5==0)
 1087              		.loc 1 232 2 is_stmt 1 view .LVU272
 1088              		.loc 1 232 19 is_stmt 0 view .LVU273
 1089 001e 1B4B     		ldr	r3, .L127+8
 1090 0020 A3FB0213 		umull	r1, r3, r3, r2
 1091 0024 23F00301 		bic	r1, r3, #3
 1092 0028 01EB9303 		add	r3, r1, r3, lsr #2
 1093              		.loc 1 232 4 view .LVU274
 1094 002c 9A42     		cmp	r2, r3
 1095 002e 12D0     		beq	.L125
 1096              	.L120:
 233:../STM32CUBEMX/Core/Src/ws2812.c **** 	{
 234:../STM32CUBEMX/Core/Src/ws2812.c **** 		shift_by_byte(led_Designated,WS2812_NUMS,1);
 235:../STM32CUBEMX/Core/Src/ws2812.c **** 		led_Designated[0]=1;
ARM GAS  C:\Users\ysl\AppData\Local\Temp\ccgzvOF9.s 			page 26


 236:../STM32CUBEMX/Core/Src/ws2812.c **** 	}
 237:../STM32CUBEMX/Core/Src/ws2812.c **** 	
 238:../STM32CUBEMX/Core/Src/ws2812.c **** 	if(time_5ms_count%2==0)
 1097              		.loc 1 238 2 is_stmt 1 view .LVU275
 1098              		.loc 1 238 19 is_stmt 0 view .LVU276
 1099 0030 144B     		ldr	r3, .L127
 1100 0032 1B68     		ldr	r3, [r3]
 1101              		.loc 1 238 4 view .LVU277
 1102 0034 13F0010F 		tst	r3, #1
 1103 0038 16D0     		beq	.L126
 1104              	.L117:
 239:../STM32CUBEMX/Core/Src/ws2812.c **** 	{
 240:../STM32CUBEMX/Core/Src/ws2812.c **** 		OneColorRamp(tarcolors,sendcolors,1);
 241:../STM32CUBEMX/Core/Src/ws2812.c **** 		//UpdateOneColorToAllBit(sendcolors,pwm4_1_DMAData,WS2812_NUMS);
 242:../STM32CUBEMX/Core/Src/ws2812.c **** 		UpdateOneColorsToDesignatedBit(sendcolors,led_Designated,pwm4_1_DMAData,WS2812_NUMS);
 243:../STM32CUBEMX/Core/Src/ws2812.c **** 	}
 244:../STM32CUBEMX/Core/Src/ws2812.c **** }
 1105              		.loc 1 244 1 view .LVU278
 1106 003a 10BD     		pop	{r4, pc}
 1107              	.L123:
 220:../STM32CUBEMX/Core/Src/ws2812.c **** 		tarcolors[1]=0;
 1108              		.loc 1 220 3 is_stmt 1 view .LVU279
 220:../STM32CUBEMX/Core/Src/ws2812.c **** 		tarcolors[1]=0;
 1109              		.loc 1 220 15 is_stmt 0 view .LVU280
 1110 003c 144B     		ldr	r3, .L127+12
 1111 003e 0021     		movs	r1, #0
 1112 0040 1970     		strb	r1, [r3]
 221:../STM32CUBEMX/Core/Src/ws2812.c **** 		tarcolors[2]=90;
 1113              		.loc 1 221 3 is_stmt 1 view .LVU281
 221:../STM32CUBEMX/Core/Src/ws2812.c **** 		tarcolors[2]=90;
 1114              		.loc 1 221 15 is_stmt 0 view .LVU282
 1115 0042 5970     		strb	r1, [r3, #1]
 222:../STM32CUBEMX/Core/Src/ws2812.c **** 	}
 1116              		.loc 1 222 3 is_stmt 1 view .LVU283
 222:../STM32CUBEMX/Core/Src/ws2812.c **** 	}
 1117              		.loc 1 222 15 is_stmt 0 view .LVU284
 1118 0044 5A21     		movs	r1, #90
 1119 0046 9970     		strb	r1, [r3, #2]
 1120 0048 E9E7     		b	.L119
 1121              	.L124:
 226:../STM32CUBEMX/Core/Src/ws2812.c **** 		tarcolors[1]=0;
 1122              		.loc 1 226 3 is_stmt 1 view .LVU285
 226:../STM32CUBEMX/Core/Src/ws2812.c **** 		tarcolors[1]=0;
 1123              		.loc 1 226 15 is_stmt 0 view .LVU286
 1124 004a 114B     		ldr	r3, .L127+12
 1125 004c 0021     		movs	r1, #0
 1126 004e 1970     		strb	r1, [r3]
 227:../STM32CUBEMX/Core/Src/ws2812.c **** 		tarcolors[2]=0;
 1127              		.loc 1 227 3 is_stmt 1 view .LVU287
 227:../STM32CUBEMX/Core/Src/ws2812.c **** 		tarcolors[2]=0;
 1128              		.loc 1 227 15 is_stmt 0 view .LVU288
 1129 0050 5970     		strb	r1, [r3, #1]
 228:../STM32CUBEMX/Core/Src/ws2812.c **** 	}
 1130              		.loc 1 228 3 is_stmt 1 view .LVU289
 228:../STM32CUBEMX/Core/Src/ws2812.c **** 	}
 1131              		.loc 1 228 15 is_stmt 0 view .LVU290
 1132 0052 9970     		strb	r1, [r3, #2]
ARM GAS  C:\Users\ysl\AppData\Local\Temp\ccgzvOF9.s 			page 27


 1133 0054 E3E7     		b	.L119
 1134              	.L125:
 234:../STM32CUBEMX/Core/Src/ws2812.c **** 		led_Designated[0]=1;
 1135              		.loc 1 234 3 is_stmt 1 view .LVU291
 1136 0056 0F4C     		ldr	r4, .L127+16
 1137 0058 0122     		movs	r2, #1
 1138 005a 1E21     		movs	r1, #30
 1139 005c 2046     		mov	r0, r4
 1140 005e FFF7FEFF 		bl	shift_by_byte
 1141              	.LVL51:
 235:../STM32CUBEMX/Core/Src/ws2812.c **** 	}
 1142              		.loc 1 235 3 view .LVU292
 235:../STM32CUBEMX/Core/Src/ws2812.c **** 	}
 1143              		.loc 1 235 20 is_stmt 0 view .LVU293
 1144 0062 0123     		movs	r3, #1
 1145 0064 2370     		strb	r3, [r4]
 1146 0066 E3E7     		b	.L120
 1147              	.L126:
 240:../STM32CUBEMX/Core/Src/ws2812.c **** 		//UpdateOneColorToAllBit(sendcolors,pwm4_1_DMAData,WS2812_NUMS);
 1148              		.loc 1 240 3 is_stmt 1 view .LVU294
 1149 0068 0B4C     		ldr	r4, .L127+20
 1150 006a 0122     		movs	r2, #1
 1151 006c 2146     		mov	r1, r4
 1152 006e 0848     		ldr	r0, .L127+12
 1153 0070 FFF7FEFF 		bl	OneColorRamp
 1154              	.LVL52:
 242:../STM32CUBEMX/Core/Src/ws2812.c **** 	}
 1155              		.loc 1 242 3 view .LVU295
 1156 0074 1E23     		movs	r3, #30
 1157 0076 094A     		ldr	r2, .L127+24
 1158 0078 0649     		ldr	r1, .L127+16
 1159 007a 2046     		mov	r0, r4
 1160 007c FFF7FEFF 		bl	UpdateOneColorsToDesignatedBit
 1161              	.LVL53:
 1162              		.loc 1 244 1 is_stmt 0 view .LVU296
 1163 0080 DBE7     		b	.L117
 1164              	.L128:
 1165 0082 00BF     		.align	2
 1166              	.L127:
 1167 0084 00000000 		.word	time_5ms_count
 1168 0088 1F85EB51 		.word	1374389535
 1169 008c CDCCCCCC 		.word	-858993459
 1170 0090 00000000 		.word	.LANCHOR2
 1171 0094 00000000 		.word	.LANCHOR3
 1172 0098 00000000 		.word	.LANCHOR4
 1173 009c 00000000 		.word	pwm4_1_DMAData
 1174              		.cfi_endproc
 1175              	.LFE247:
 1177              		.global	led_Designated
 1178              		.global	WS2812BitDef
 1179              		.section	.rodata
 1180              		.align	2
 1181              		.set	.LANCHOR1,. + 0
 1182              	.LC0:
 1183 0000 640000   		.ascii	"d\000\000"
 1184 0003 006400   		.ascii	"\000d\000"
 1185              		.section	.bss.led_Designated,"aw",%nobits
ARM GAS  C:\Users\ysl\AppData\Local\Temp\ccgzvOF9.s 			page 28


 1186              		.align	2
 1187              		.set	.LANCHOR3,. + 0
 1190              	led_Designated:
 1191 0000 00000000 		.space	30
 1191      00000000 
 1191      00000000 
 1191      00000000 
 1191      00000000 
 1192              		.section	.bss.sendcolors,"aw",%nobits
 1193              		.align	2
 1194              		.set	.LANCHOR4,. + 0
 1197              	sendcolors:
 1198 0000 000000   		.space	3
 1199              		.section	.bss.tarcolors,"aw",%nobits
 1200              		.align	2
 1201              		.set	.LANCHOR2,. + 0
 1204              	tarcolors:
 1205 0000 000000   		.space	3
 1206              		.section	.rodata.WS2812BitDef,"a"
 1207              		.align	2
 1208              		.set	.LANCHOR0,. + 0
 1211              	WS2812BitDef:
 1212 0000 060F     		.ascii	"\006\017"
 1213              		.text
 1214              	.Letext0:
 1215              		.file 2 "c:\\program files (x86)\\arm gnu toolchain arm-none-eabi\\11.2 2022.02\\arm-none-eabi\\in
 1216              		.file 3 "c:\\program files (x86)\\arm gnu toolchain arm-none-eabi\\11.2 2022.02\\arm-none-eabi\\in
 1217              		.file 4 "../STM32CUBEMX/Core/Inc/ws2812.h"
ARM GAS  C:\Users\ysl\AppData\Local\Temp\ccgzvOF9.s 			page 29


DEFINED SYMBOLS
                            *ABS*:00000000 ws2812.c
C:\Users\ysl\AppData\Local\Temp\ccgzvOF9.s:20     .text.UpdateOneColorToAllBit:00000000 $t
C:\Users\ysl\AppData\Local\Temp\ccgzvOF9.s:26     .text.UpdateOneColorToAllBit:00000000 UpdateOneColorToAllBit
C:\Users\ysl\AppData\Local\Temp\ccgzvOF9.s:143    .text.UpdateOneColorToAllBit:00000064 $d
C:\Users\ysl\AppData\Local\Temp\ccgzvOF9.s:148    .text.UpdateOneColorsToDesignatedBit:00000000 $t
C:\Users\ysl\AppData\Local\Temp\ccgzvOF9.s:154    .text.UpdateOneColorsToDesignatedBit:00000000 UpdateOneColorsToDesignatedBit
C:\Users\ysl\AppData\Local\Temp\ccgzvOF9.s:276    .text.UpdateOneColorsToDesignatedBit:00000070 $d
C:\Users\ysl\AppData\Local\Temp\ccgzvOF9.s:281    .text.UpdateColorsToBit:00000000 $t
C:\Users\ysl\AppData\Local\Temp\ccgzvOF9.s:287    .text.UpdateColorsToBit:00000000 UpdateColorsToBit
C:\Users\ysl\AppData\Local\Temp\ccgzvOF9.s:403    .text.UpdateColorsToBit:00000064 $d
C:\Users\ysl\AppData\Local\Temp\ccgzvOF9.s:408    .text.pwmdma_testinit:00000000 $t
C:\Users\ysl\AppData\Local\Temp\ccgzvOF9.s:414    .text.pwmdma_testinit:00000000 pwmdma_testinit
C:\Users\ysl\AppData\Local\Temp\ccgzvOF9.s:463    .text.pwmdma_testinit:0000002c $d
C:\Users\ysl\AppData\Local\Temp\ccgzvOF9.s:468    .text.shift_by_byte:00000000 $t
C:\Users\ysl\AppData\Local\Temp\ccgzvOF9.s:474    .text.shift_by_byte:00000000 shift_by_byte
C:\Users\ysl\AppData\Local\Temp\ccgzvOF9.s:557    .text.ColorsRamp:00000000 $t
C:\Users\ysl\AppData\Local\Temp\ccgzvOF9.s:563    .text.ColorsRamp:00000000 ColorsRamp
C:\Users\ysl\AppData\Local\Temp\ccgzvOF9.s:669    .text.OneColorRamp:00000000 $t
C:\Users\ysl\AppData\Local\Temp\ccgzvOF9.s:675    .text.OneColorRamp:00000000 OneColorRamp
C:\Users\ysl\AppData\Local\Temp\ccgzvOF9.s:761    .text.normal_LightingEffects:00000000 $t
C:\Users\ysl\AppData\Local\Temp\ccgzvOF9.s:767    .text.normal_LightingEffects:00000000 normal_LightingEffects
C:\Users\ysl\AppData\Local\Temp\ccgzvOF9.s:878    .text.normal_LightingEffects:00000088 $d
C:\Users\ysl\AppData\Local\Temp\ccgzvOF9.s:889    .text.connecting_LightingEffects:00000000 $t
C:\Users\ysl\AppData\Local\Temp\ccgzvOF9.s:895    .text.connecting_LightingEffects:00000000 connecting_LightingEffects
C:\Users\ysl\AppData\Local\Temp\ccgzvOF9.s:1041   .text.connecting_LightingEffects:000000b8 $d
C:\Users\ysl\AppData\Local\Temp\ccgzvOF9.s:1053   .text.connected_LightingEffects:00000000 $t
C:\Users\ysl\AppData\Local\Temp\ccgzvOF9.s:1059   .text.connected_LightingEffects:00000000 connected_LightingEffects
C:\Users\ysl\AppData\Local\Temp\ccgzvOF9.s:1167   .text.connected_LightingEffects:00000084 $d
C:\Users\ysl\AppData\Local\Temp\ccgzvOF9.s:1190   .bss.led_Designated:00000000 led_Designated
C:\Users\ysl\AppData\Local\Temp\ccgzvOF9.s:1211   .rodata.WS2812BitDef:00000000 WS2812BitDef
C:\Users\ysl\AppData\Local\Temp\ccgzvOF9.s:1180   .rodata:00000000 $d
C:\Users\ysl\AppData\Local\Temp\ccgzvOF9.s:1186   .bss.led_Designated:00000000 $d
C:\Users\ysl\AppData\Local\Temp\ccgzvOF9.s:1193   .bss.sendcolors:00000000 $d
C:\Users\ysl\AppData\Local\Temp\ccgzvOF9.s:1197   .bss.sendcolors:00000000 sendcolors
C:\Users\ysl\AppData\Local\Temp\ccgzvOF9.s:1200   .bss.tarcolors:00000000 $d
C:\Users\ysl\AppData\Local\Temp\ccgzvOF9.s:1204   .bss.tarcolors:00000000 tarcolors
C:\Users\ysl\AppData\Local\Temp\ccgzvOF9.s:1207   .rodata.WS2812BitDef:00000000 $d

UNDEFINED SYMBOLS
time_5ms_count
pwm4_1_DMAData
