ARM GAS  C:\Users\ysl\AppData\Local\Temp\cccoRVKd.s 			page 1


   1              		.cpu cortex-m4
   2              		.arch armv7e-m
   3              		.fpu fpv4-sp-d16
   4              		.eabi_attribute 27, 1
   5              		.eabi_attribute 28, 1
   6              		.eabi_attribute 20, 1
   7              		.eabi_attribute 21, 1
   8              		.eabi_attribute 23, 3
   9              		.eabi_attribute 24, 1
  10              		.eabi_attribute 25, 1
  11              		.eabi_attribute 26, 1
  12              		.eabi_attribute 30, 1
  13              		.eabi_attribute 34, 1
  14              		.eabi_attribute 18, 4
  15              		.file	"angle_led.c"
  16              		.text
  17              	.Ltext0:
  18              		.cfi_sections	.debug_frame
  19              		.section	.text.angle_led_step,"ax",%progbits
  20              		.align	1
  21              		.global	angle_led_step
  22              		.syntax unified
  23              		.thumb
  24              		.thumb_func
  26              	angle_led_step:
  27              	.LFB238:
  28              		.file 1 "angle_led.c"
   1:angle_led.c   **** /*
   2:angle_led.c   ****  * File: angle_led.c
   3:angle_led.c   ****  *
   4:angle_led.c   ****  * Code generated for Simulink model 'angle_led'.
   5:angle_led.c   ****  *
   6:angle_led.c   ****  * Model version                  : 1.0
   7:angle_led.c   ****  * Simulink Coder version         : 9.6 (R2021b) 14-May-2021
   8:angle_led.c   ****  * C/C++ source code generated on : Sat Oct 29 21:45:31 2022
   9:angle_led.c   ****  *
  10:angle_led.c   ****  * Target selection: stacklite_dualdrive.tlc
  11:angle_led.c   ****  * Embedded hardware selection: Intel->x86-64 (Windows64)
  12:angle_led.c   ****  * Code generation objectives: Unspecified
  13:angle_led.c   ****  * Validation result: Not run
  14:angle_led.c   ****  */
  15:angle_led.c   **** 
  16:angle_led.c   **** #include "main.h"
  17:angle_led.c   **** #include "tim.h"
  18:angle_led.c   **** #include "gpio.h"
  19:angle_led.c   **** #include "stdio.h"
  20:angle_led.c   **** #include <string.h>
  21:angle_led.c   **** #include "angle_led.h"
  22:angle_led.c   **** #include "angle_led_private.h"
  23:angle_led.c   **** 
  24:angle_led.c   **** /* Block signals (default storage) */
  25:angle_led.c   **** B_angle_led_T angle_led_B;
  26:angle_led.c   **** 
  27:angle_led.c   **** /* Block states (default storage) */
  28:angle_led.c   **** DW_angle_led_T angle_led_DW;
  29:angle_led.c   **** 
  30:angle_led.c   **** /* Real-time model */
ARM GAS  C:\Users\ysl\AppData\Local\Temp\cccoRVKd.s 			page 2


  31:angle_led.c   **** static RT_MODEL_angle_led_T angle_led_M_;
  32:angle_led.c   **** RT_MODEL_angle_led_T *const angle_led_M = &angle_led_M_;
  33:angle_led.c   **** extern int16_t HI226_Angle[3];
  34:angle_led.c   **** extern int16_t HI226_AngleV[3];
  35:angle_led.c   **** extern int16_t adc_rawvalue[2][5];
  36:angle_led.c   **** extern int16_t motor1_PwmData;
  37:angle_led.c   **** extern int16_t motor2_PwmData;
  38:angle_led.c   **** extern uint8_t led_data;
  39:angle_led.c   **** extern uint8_t ws2812_data[3];
  40:angle_led.c   **** 
  41:angle_led.c   **** /* Model step function */
  42:angle_led.c   **** void angle_led_step(void)
  43:angle_led.c   **** {
  29              		.loc 1 43 1 view -0
  30              		.cfi_startproc
  31              		@ args = 0, pretend = 0, frame = 0
  32              		@ frame_needed = 0, uses_anonymous_args = 0
  33 0000 08B5     		push	{r3, lr}
  34              	.LCFI0:
  35              		.cfi_def_cfa_offset 8
  36              		.cfi_offset 3, -8
  37              		.cfi_offset 14, -4
  44:angle_led.c   ****   int16_T tmp_0;
  38              		.loc 1 44 3 view .LVU1
  45:angle_led.c   ****   boolean_T tmp;
  39              		.loc 1 45 3 view .LVU2
  46:angle_led.c   **** 
  47:angle_led.c   ****   /* S-Function (StackLiteDualDrive_Input): '<Root>/Input' */
  48:angle_led.c   ****   /*Input Data*/
  49:angle_led.c   ****   memcpy(&angle_led_B.angle[0],HI226_Angle,3*2);
  40              		.loc 1 49 3 view .LVU3
  41 0002 3D4B     		ldr	r3, .L12
  42 0004 3D4A     		ldr	r2, .L12+4
  43 0006 1068     		ldr	r0, [r2]	@ unaligned
  44 0008 9860     		str	r0, [r3, #8]
  45 000a 9288     		ldrh	r2, [r2, #4]	@ unaligned
  46 000c 9A81     		strh	r2, [r3, #12]	@ unaligned
  50:angle_led.c   ****   memcpy(&angle_led_B.anglev[0],HI226_AngleV,3*2);
  47              		.loc 1 50 3 view .LVU4
  48 000e 3C4A     		ldr	r2, .L12+8
  49 0010 1168     		ldr	r1, [r2]	@ unaligned
  50 0012 C3F80E10 		str	r1, [r3, #14]	@ unaligned
  51 0016 9288     		ldrh	r2, [r2, #4]	@ unaligned
  52 0018 5A82     		strh	r2, [r3, #18]	@ unaligned
  51:angle_led.c   ****   angle_led_B.encoder1= (int32_t)(__HAL_TIM_GetCounter(&htim2));
  53              		.loc 1 51 3 view .LVU5
  54              		.loc 1 51 35 is_stmt 0 view .LVU6
  55 001a 3A4A     		ldr	r2, .L12+12
  56 001c 1268     		ldr	r2, [r2]
  57 001e 526A     		ldr	r2, [r2, #36]
  58              		.loc 1 51 23 view .LVU7
  59 0020 1A60     		str	r2, [r3]
  52:angle_led.c   ****   angle_led_B.encoder2= -(int32_t)(__HAL_TIM_GetCounter(&htim5));
  60              		.loc 1 52 3 is_stmt 1 view .LVU8
  61              		.loc 1 52 36 is_stmt 0 view .LVU9
  62 0022 394A     		ldr	r2, .L12+16
  63 0024 1268     		ldr	r2, [r2]
ARM GAS  C:\Users\ysl\AppData\Local\Temp\cccoRVKd.s 			page 3


  64 0026 526A     		ldr	r2, [r2, #36]
  65              		.loc 1 52 25 view .LVU10
  66 0028 5242     		rsbs	r2, r2, #0
  67              		.loc 1 52 23 view .LVU11
  68 002a 5A60     		str	r2, [r3, #4]
  53:angle_led.c   ****   memcpy(&angle_led_B.current1[0],adc_rawvalue[0],5*2);
  69              		.loc 1 53 3 is_stmt 1 view .LVU12
  70 002c 374A     		ldr	r2, .L12+20
  71 002e 03F1140C 		add	ip, r3, #20
  72 0032 1068     		ldr	r0, [r2]	@ unaligned
  73 0034 5168     		ldr	r1, [r2, #4]	@ unaligned
  74 0036 ACE80300 		stmia	ip!, {r0, r1}
  75 003a 1189     		ldrh	r1, [r2, #8]	@ unaligned
  76 003c ACF80010 		strh	r1, [ip]	@ unaligned
  54:angle_led.c   ****   memcpy(&angle_led_B.current2[0],adc_rawvalue[1],5*2);
  77              		.loc 1 54 3 view .LVU13
  78 0040 D2F80A00 		ldr	r0, [r2, #10]	@ unaligned
  79 0044 D2F80E10 		ldr	r1, [r2, #14]	@ unaligned
  80 0048 C3F81E00 		str	r0, [r3, #30]	@ unaligned
  81 004c C3F82210 		str	r1, [r3, #34]	@ unaligned
  82 0050 528A     		ldrh	r2, [r2, #18]	@ unaligned
  83 0052 DA84     		strh	r2, [r3, #38]	@ unaligned
  55:angle_led.c   **** 
  56:angle_led.c   ****   /* Abs: '<Root>/Abs' */
  57:angle_led.c   ****   if (angle_led_B.angle[1] < 0) {
  84              		.loc 1 57 3 view .LVU14
  85              		.loc 1 57 24 is_stmt 0 view .LVU15
  86 0054 B3F90A30 		ldrsh	r3, [r3, #10]
  87              		.loc 1 57 6 view .LVU16
  88 0058 002B     		cmp	r3, #0
  89 005a 3ADB     		blt	.L11
  90              	.L2:
  91              	.LVL0:
  58:angle_led.c   ****     tmp_0 = (int16_T)-angle_led_B.angle[1];
  59:angle_led.c   ****   } else {
  60:angle_led.c   ****     tmp_0 = angle_led_B.angle[1];
  61:angle_led.c   ****   }
  62:angle_led.c   **** 
  63:angle_led.c   ****   /* End of Abs: '<Root>/Abs' */
  64:angle_led.c   **** 
  65:angle_led.c   ****   /* Switch: '<Root>/Switch' incorporates:
  66:angle_led.c   ****    *  Constant: '<S1>/Constant'
  67:angle_led.c   ****    *  Constant: '<S2>/Constant'
  68:angle_led.c   ****    *  RelationalOperator: '<S1>/Compare'
  69:angle_led.c   ****    *  RelationalOperator: '<S2>/Compare'
  70:angle_led.c   ****    *  UnitDelay: '<S3>/Output'
  71:angle_led.c   ****    *  UnitDelay: '<S4>/Output'
  72:angle_led.c   ****    */
  73:angle_led.c   ****   if (tmp_0 > 3000) {
  92              		.loc 1 73 3 is_stmt 1 view .LVU17
  93              		.loc 1 73 6 is_stmt 0 view .LVU18
  94 005c 40F6B832 		movw	r2, #3000
  95 0060 9342     		cmp	r3, r2
  96 0062 3ADD     		ble	.L3
  74:angle_led.c   ****     tmp = (angle_led_DW.Output_DSTATE_a == 200);
  97              		.loc 1 74 5 is_stmt 1 view .LVU19
  98              		.loc 1 74 24 is_stmt 0 view .LVU20
ARM GAS  C:\Users\ysl\AppData\Local\Temp\cccoRVKd.s 			page 4


  99 0064 2A4B     		ldr	r3, .L12+24
 100              	.LVL1:
 101              		.loc 1 74 24 view .LVU21
 102 0066 9B78     		ldrb	r3, [r3, #2]	@ zero_extendqisi2
 103              		.loc 1 74 41 view .LVU22
 104 0068 C82B     		cmp	r3, #200
 105 006a 14BF     		ite	ne
 106 006c 0023     		movne	r3, #0
 107 006e 0123     		moveq	r3, #1
 108              	.LVL2:
 109              	.L4:
  75:angle_led.c   ****   } else {
  76:angle_led.c   ****     tmp = (angle_led_DW.Output_DSTATE == 500);
  77:angle_led.c   ****   }
  78:angle_led.c   **** 
  79:angle_led.c   ****   /* End of Switch: '<Root>/Switch' */
  80:angle_led.c   **** 
  81:angle_led.c   ****   /* Outputs for Enabled SubSystem: '<Root>/LED Blink1' incorporates:
  82:angle_led.c   ****    *  EnablePort: '<S5>/Enable'
  83:angle_led.c   ****    */
  84:angle_led.c   ****   if (tmp) {
 110              		.loc 1 84 3 is_stmt 1 view .LVU23
 111              		.loc 1 84 6 is_stmt 0 view .LVU24
 112 0070 43B1     		cbz	r3, .L5
  85:angle_led.c   ****     /* Logic: '<S5>/Logical Operator' incorporates:
  86:angle_led.c   ****      *  Delay: '<S5>/Delay1'
  87:angle_led.c   ****      */
  88:angle_led.c   ****     angle_led_B.LogicalOperator = (uint8_T)(angle_led_DW.Delay1_DSTATE == 0);
 113              		.loc 1 88 5 is_stmt 1 view .LVU25
 114              		.loc 1 88 57 is_stmt 0 view .LVU26
 115 0072 274A     		ldr	r2, .L12+24
 116 0074 D378     		ldrb	r3, [r2, #3]	@ zero_extendqisi2
 117              	.LVL3:
 118              		.loc 1 88 35 view .LVU27
 119 0076 B3FA83F3 		clz	r3, r3
 120 007a 5B09     		lsrs	r3, r3, #5
 121              		.loc 1 88 33 view .LVU28
 122 007c 1E49     		ldr	r1, .L12
 123 007e 81F82830 		strb	r3, [r1, #40]
  89:angle_led.c   **** 
  90:angle_led.c   ****     /* Update for Delay: '<S5>/Delay1' */
  91:angle_led.c   ****     angle_led_DW.Delay1_DSTATE = angle_led_B.LogicalOperator;
 124              		.loc 1 91 5 is_stmt 1 view .LVU29
 125              		.loc 1 91 32 is_stmt 0 view .LVU30
 126 0082 D370     		strb	r3, [r2, #3]
 127              	.L5:
  92:angle_led.c   ****   }
  93:angle_led.c   **** 
  94:angle_led.c   ****   /* End of Outputs for SubSystem: '<Root>/LED Blink1' */
  95:angle_led.c   **** 
  96:angle_led.c   ****   /* Switch: '<S9>/FixPt Switch' incorporates:
  97:angle_led.c   ****    *  Constant: '<S8>/FixPt Constant'
  98:angle_led.c   ****    *  Constant: '<S9>/Constant'
  99:angle_led.c   ****    *  Sum: '<S8>/FixPt Sum1'
 100:angle_led.c   ****    *  UnitDelay: '<S4>/Output'
 101:angle_led.c   ****    */
 102:angle_led.c   ****   if ((uint16_T)(angle_led_DW.Output_DSTATE + 1) > 500) {
ARM GAS  C:\Users\ysl\AppData\Local\Temp\cccoRVKd.s 			page 5


 128              		.loc 1 102 3 is_stmt 1 view .LVU31
 129              		.loc 1 102 30 is_stmt 0 view .LVU32
 130 0084 224B     		ldr	r3, .L12+24
 131 0086 1B88     		ldrh	r3, [r3]
 132              		.loc 1 102 7 view .LVU33
 133 0088 0133     		adds	r3, r3, #1
 134 008a 9BB2     		uxth	r3, r3
 135              		.loc 1 102 6 view .LVU34
 136 008c B3F5FA7F 		cmp	r3, #500
 137 0090 2BD9     		bls	.L6
 103:angle_led.c   ****     angle_led_DW.Output_DSTATE = 0U;
 138              		.loc 1 103 5 is_stmt 1 view .LVU35
 139              		.loc 1 103 32 is_stmt 0 view .LVU36
 140 0092 1F4B     		ldr	r3, .L12+24
 141 0094 0022     		movs	r2, #0
 142 0096 1A80     		strh	r2, [r3]	@ movhi
 143              	.L7:
 104:angle_led.c   ****   } else {
 105:angle_led.c   ****     angle_led_DW.Output_DSTATE++;
 106:angle_led.c   ****   }
 107:angle_led.c   **** 
 108:angle_led.c   ****   /* End of Switch: '<S9>/FixPt Switch' */
 109:angle_led.c   **** 
 110:angle_led.c   ****   /* Switch: '<S7>/FixPt Switch' incorporates:
 111:angle_led.c   ****    *  Constant: '<S6>/FixPt Constant'
 112:angle_led.c   ****    *  Constant: '<S7>/Constant'
 113:angle_led.c   ****    *  Sum: '<S6>/FixPt Sum1'
 114:angle_led.c   ****    *  UnitDelay: '<S3>/Output'
 115:angle_led.c   ****    */
 116:angle_led.c   ****   if ((uint8_T)(angle_led_DW.Output_DSTATE_a + 1) > 200) {
 144              		.loc 1 116 3 is_stmt 1 view .LVU37
 145              		.loc 1 116 29 is_stmt 0 view .LVU38
 146 0098 1D4B     		ldr	r3, .L12+24
 147 009a 9B78     		ldrb	r3, [r3, #2]	@ zero_extendqisi2
 148              		.loc 1 116 7 view .LVU39
 149 009c 0133     		adds	r3, r3, #1
 150 009e DBB2     		uxtb	r3, r3
 151              		.loc 1 116 6 view .LVU40
 152 00a0 C82B     		cmp	r3, #200
 153 00a2 25D9     		bls	.L8
 117:angle_led.c   ****     angle_led_DW.Output_DSTATE_a = 0U;
 154              		.loc 1 117 5 is_stmt 1 view .LVU41
 155              		.loc 1 117 34 is_stmt 0 view .LVU42
 156 00a4 1A4B     		ldr	r3, .L12+24
 157 00a6 0022     		movs	r2, #0
 158 00a8 9A70     		strb	r2, [r3, #2]
 159              	.L9:
 118:angle_led.c   ****   } else {
 119:angle_led.c   ****     angle_led_DW.Output_DSTATE_a++;
 120:angle_led.c   ****   }
 121:angle_led.c   **** 
 122:angle_led.c   ****   /* End of Switch: '<S7>/FixPt Switch' */
 123:angle_led.c   **** 
 124:angle_led.c   ****   /* S-Function (StackLiteDualDrive_Output): '<Root>/Output' incorporates:
 125:angle_led.c   ****    *  Constant: '<Root>/Constant'
 126:angle_led.c   ****    *  Constant: '<Root>/Constant1'
 127:angle_led.c   ****    *  Constant: '<Root>/Constant2'
ARM GAS  C:\Users\ysl\AppData\Local\Temp\cccoRVKd.s 			page 6


 128:angle_led.c   ****    */
 129:angle_led.c   ****   /*Output Data*/
 130:angle_led.c   ****   motor1_PwmData= 0;
 160              		.loc 1 130 3 is_stmt 1 view .LVU43
 161              		.loc 1 130 17 is_stmt 0 view .LVU44
 162 00aa 0023     		movs	r3, #0
 163 00ac 194A     		ldr	r2, .L12+28
 164 00ae 1380     		strh	r3, [r2]	@ movhi
 131:angle_led.c   ****   motor2_PwmData= 0;
 165              		.loc 1 131 3 is_stmt 1 view .LVU45
 166              		.loc 1 131 17 is_stmt 0 view .LVU46
 167 00b0 194A     		ldr	r2, .L12+32
 168 00b2 1380     		strh	r3, [r2]	@ movhi
 132:angle_led.c   ****   HAL_GPIO_WritePin(USER_LED_GPIO_Port,USER_LED_Pin,(GPIO_PinState)
 169              		.loc 1 132 3 is_stmt 1 view .LVU47
 170 00b4 104B     		ldr	r3, .L12
 171 00b6 93F82820 		ldrb	r2, [r3, #40]	@ zero_extendqisi2
 172 00ba 4FF48041 		mov	r1, #16384
 173 00be 1748     		ldr	r0, .L12+36
 174 00c0 FFF7FEFF 		bl	HAL_GPIO_WritePin
 175              	.LVL4:
 133:angle_led.c   ****                     angle_led_B.LogicalOperator);
 134:angle_led.c   ****   memcpy(ws2812_data,angle_led_ConstP.Constant1_Value,3);
 176              		.loc 1 134 3 view .LVU48
 177 00c4 164B     		ldr	r3, .L12+40
 178 00c6 174A     		ldr	r2, .L12+44
 179 00c8 1188     		ldrh	r1, [r2]	@ unaligned
 180 00ca 9278     		ldrb	r2, [r2, #2]	@ zero_extendqisi2
 181 00cc 1980     		strh	r1, [r3]	@ unaligned
 182 00ce 9A70     		strb	r2, [r3, #2]
 135:angle_led.c   **** }
 183              		.loc 1 135 1 is_stmt 0 view .LVU49
 184 00d0 08BD     		pop	{r3, pc}
 185              	.L11:
  58:angle_led.c   ****   } else {
 186              		.loc 1 58 5 is_stmt 1 view .LVU50
  58:angle_led.c   ****   } else {
 187              		.loc 1 58 40 is_stmt 0 view .LVU51
 188 00d2 9BB2     		uxth	r3, r3
  58:angle_led.c   ****   } else {
 189              		.loc 1 58 13 view .LVU52
 190 00d4 5B42     		rsbs	r3, r3, #0
  58:angle_led.c   ****   } else {
 191              		.loc 1 58 11 view .LVU53
 192 00d6 1BB2     		sxth	r3, r3
 193              	.LVL5:
  58:angle_led.c   ****   } else {
 194              		.loc 1 58 11 view .LVU54
 195 00d8 C0E7     		b	.L2
 196              	.L3:
  76:angle_led.c   ****   }
 197              		.loc 1 76 5 is_stmt 1 view .LVU55
  76:angle_led.c   ****   }
 198              		.loc 1 76 24 is_stmt 0 view .LVU56
 199 00da 0D4B     		ldr	r3, .L12+24
 200              	.LVL6:
  76:angle_led.c   ****   }
ARM GAS  C:\Users\ysl\AppData\Local\Temp\cccoRVKd.s 			page 7


 201              		.loc 1 76 24 view .LVU57
 202 00dc 1B88     		ldrh	r3, [r3]
  76:angle_led.c   ****   }
 203              		.loc 1 76 39 view .LVU58
 204 00de B3F5FA7F 		cmp	r3, #500
 205 00e2 14BF     		ite	ne
 206 00e4 0023     		movne	r3, #0
 207 00e6 0123     		moveq	r3, #1
 208              	.LVL7:
  76:angle_led.c   ****   }
 209              		.loc 1 76 39 view .LVU59
 210 00e8 C2E7     		b	.L4
 211              	.LVL8:
 212              	.L6:
 105:angle_led.c   ****   }
 213              		.loc 1 105 5 is_stmt 1 view .LVU60
 105:angle_led.c   ****   }
 214              		.loc 1 105 31 is_stmt 0 view .LVU61
 215 00ea 094A     		ldr	r2, .L12+24
 216 00ec 1380     		strh	r3, [r2]	@ movhi
 217 00ee D3E7     		b	.L7
 218              	.L8:
 119:angle_led.c   ****   }
 219              		.loc 1 119 5 is_stmt 1 view .LVU62
 119:angle_led.c   ****   }
 220              		.loc 1 119 33 is_stmt 0 view .LVU63
 221 00f0 074A     		ldr	r2, .L12+24
 222 00f2 9370     		strb	r3, [r2, #2]
 223 00f4 D9E7     		b	.L9
 224              	.L13:
 225 00f6 00BF     		.align	2
 226              	.L12:
 227 00f8 00000000 		.word	.LANCHOR0
 228 00fc 00000000 		.word	HI226_Angle
 229 0100 00000000 		.word	HI226_AngleV
 230 0104 00000000 		.word	htim2
 231 0108 00000000 		.word	htim5
 232 010c 00000000 		.word	adc_rawvalue
 233 0110 00000000 		.word	.LANCHOR1
 234 0114 00000000 		.word	motor1_PwmData
 235 0118 00000000 		.word	motor2_PwmData
 236 011c 00080240 		.word	1073874944
 237 0120 00000000 		.word	ws2812_data
 238 0124 00000000 		.word	angle_led_ConstP
 239              		.cfi_endproc
 240              	.LFE238:
 242              		.section	.text.angle_led_initialize,"ax",%progbits
 243              		.align	1
 244              		.global	angle_led_initialize
 245              		.syntax unified
 246              		.thumb
 247              		.thumb_func
 249              	angle_led_initialize:
 250              	.LFB239:
 136:angle_led.c   **** 
 137:angle_led.c   **** /* Model initialize function */
 138:angle_led.c   **** void angle_led_initialize(void)
ARM GAS  C:\Users\ysl\AppData\Local\Temp\cccoRVKd.s 			page 8


 139:angle_led.c   **** {
 251              		.loc 1 139 1 is_stmt 1 view -0
 252              		.cfi_startproc
 253              		@ args = 0, pretend = 0, frame = 0
 254              		@ frame_needed = 0, uses_anonymous_args = 0
 255              		@ link register save eliminated.
 140:angle_led.c   ****   /* (no initialization code required) */
 141:angle_led.c   **** }
 256              		.loc 1 141 1 view .LVU65
 257 0000 7047     		bx	lr
 258              		.cfi_endproc
 259              	.LFE239:
 261              		.section	.text.angle_led_terminate,"ax",%progbits
 262              		.align	1
 263              		.global	angle_led_terminate
 264              		.syntax unified
 265              		.thumb
 266              		.thumb_func
 268              	angle_led_terminate:
 269              	.LFB240:
 142:angle_led.c   **** 
 143:angle_led.c   **** /* Model terminate function */
 144:angle_led.c   **** void angle_led_terminate(void)
 145:angle_led.c   **** {
 270              		.loc 1 145 1 view -0
 271              		.cfi_startproc
 272              		@ args = 0, pretend = 0, frame = 0
 273              		@ frame_needed = 0, uses_anonymous_args = 0
 274              		@ link register save eliminated.
 146:angle_led.c   ****   /* (no terminate code required) */
 147:angle_led.c   **** }
 275              		.loc 1 147 1 view .LVU67
 276 0000 7047     		bx	lr
 277              		.cfi_endproc
 278              	.LFE240:
 280              		.global	angle_led_M
 281              		.global	angle_led_DW
 282              		.global	angle_led_B
 283              		.section	.bss.angle_led_B,"aw",%nobits
 284              		.align	2
 285              		.set	.LANCHOR0,. + 0
 288              	angle_led_B:
 289 0000 00000000 		.space	44
 289      00000000 
 289      00000000 
 289      00000000 
 289      00000000 
 290              		.section	.bss.angle_led_DW,"aw",%nobits
 291              		.align	2
 292              		.set	.LANCHOR1,. + 0
 295              	angle_led_DW:
 296 0000 00000000 		.space	4
 297              		.section	.bss.angle_led_M_,"aw",%nobits
 298              		.align	2
 301              	angle_led_M_:
 302 0000 00000000 		.space	4
 303              		.section	.rodata.angle_led_M,"a"
ARM GAS  C:\Users\ysl\AppData\Local\Temp\cccoRVKd.s 			page 9


 304              		.align	2
 307              	angle_led_M:
 308 0000 00000000 		.word	angle_led_M_
 309              		.text
 310              	.Letext0:
 311              		.file 2 "c:\\program files (x86)\\arm gnu toolchain arm-none-eabi\\11.2 2022.02\\arm-none-eabi\\in
 312              		.file 3 "c:\\program files (x86)\\arm gnu toolchain arm-none-eabi\\11.2 2022.02\\arm-none-eabi\\in
 313              		.file 4 "../STM32CUBEMX/Drivers/CMSIS/Device/ST/STM32F4xx/Include/stm32f405xx.h"
 314              		.file 5 "../STM32CUBEMX/Drivers/STM32F4xx_HAL_Driver/Inc/stm32f4xx_hal_def.h"
 315              		.file 6 "../STM32CUBEMX/Drivers/STM32F4xx_HAL_Driver/Inc/stm32f4xx_hal_gpio.h"
 316              		.file 7 "../STM32CUBEMX/Drivers/STM32F4xx_HAL_Driver/Inc/stm32f4xx_hal_dma.h"
 317              		.file 8 "../STM32CUBEMX/Drivers/STM32F4xx_HAL_Driver/Inc/stm32f4xx_hal_tim.h"
 318              		.file 9 "../STM32CUBEMX/Core/Inc/tim.h"
 319              		.file 10 "rtwtypes.h"
 320              		.file 11 "angle_led_types.h"
 321              		.file 12 "angle_led.h"
ARM GAS  C:\Users\ysl\AppData\Local\Temp\cccoRVKd.s 			page 10


DEFINED SYMBOLS
                            *ABS*:00000000 angle_led.c
C:\Users\ysl\AppData\Local\Temp\cccoRVKd.s:20     .text.angle_led_step:00000000 $t
C:\Users\ysl\AppData\Local\Temp\cccoRVKd.s:26     .text.angle_led_step:00000000 angle_led_step
C:\Users\ysl\AppData\Local\Temp\cccoRVKd.s:227    .text.angle_led_step:000000f8 $d
C:\Users\ysl\AppData\Local\Temp\cccoRVKd.s:243    .text.angle_led_initialize:00000000 $t
C:\Users\ysl\AppData\Local\Temp\cccoRVKd.s:249    .text.angle_led_initialize:00000000 angle_led_initialize
C:\Users\ysl\AppData\Local\Temp\cccoRVKd.s:262    .text.angle_led_terminate:00000000 $t
C:\Users\ysl\AppData\Local\Temp\cccoRVKd.s:268    .text.angle_led_terminate:00000000 angle_led_terminate
C:\Users\ysl\AppData\Local\Temp\cccoRVKd.s:307    .rodata.angle_led_M:00000000 angle_led_M
C:\Users\ysl\AppData\Local\Temp\cccoRVKd.s:295    .bss.angle_led_DW:00000000 angle_led_DW
C:\Users\ysl\AppData\Local\Temp\cccoRVKd.s:288    .bss.angle_led_B:00000000 angle_led_B
C:\Users\ysl\AppData\Local\Temp\cccoRVKd.s:284    .bss.angle_led_B:00000000 $d
C:\Users\ysl\AppData\Local\Temp\cccoRVKd.s:291    .bss.angle_led_DW:00000000 $d
C:\Users\ysl\AppData\Local\Temp\cccoRVKd.s:298    .bss.angle_led_M_:00000000 $d
C:\Users\ysl\AppData\Local\Temp\cccoRVKd.s:301    .bss.angle_led_M_:00000000 angle_led_M_
C:\Users\ysl\AppData\Local\Temp\cccoRVKd.s:304    .rodata.angle_led_M:00000000 $d

UNDEFINED SYMBOLS
HAL_GPIO_WritePin
HI226_Angle
HI226_AngleV
htim2
htim5
adc_rawvalue
motor1_PwmData
motor2_PwmData
ws2812_data
angle_led_ConstP
