ARM GAS  C:\Users\ysl\AppData\Local\Temp\cchUywSe.s 			page 1


   1              		.cpu cortex-m4
   2              		.arch armv7e-m
   3              		.fpu fpv4-sp-d16
   4              		.eabi_attribute 27, 1
   5              		.eabi_attribute 28, 1
   6              		.eabi_attribute 20, 1
   7              		.eabi_attribute 21, 1
   8              		.eabi_attribute 23, 3
   9              		.eabi_attribute 24, 1
  10              		.eabi_attribute 25, 1
  11              		.eabi_attribute 26, 1
  12              		.eabi_attribute 30, 1
  13              		.eabi_attribute 34, 1
  14              		.eabi_attribute 18, 4
  15              		.file	"ifr-scope_device.c"
  16              		.text
  17              	.Ltext0:
  18              		.cfi_sections	.debug_frame
  19              		.section	.text.Compare_QueryQueue,"ax",%progbits
  20              		.align	1
  21              		.global	Compare_QueryQueue
  22              		.syntax unified
  23              		.thumb
  24              		.thumb_func
  26              	Compare_QueryQueue:
  27              	.LVL0:
  28              	.LFB235:
  29              		.file 1 "../STM32CUBEMX/Core/Src/ifr-scope_device.c"
   1:../STM32CUBEMX/Core/Src/ifr-scope_device.c **** //author YuXin
   2:../STM32CUBEMX/Core/Src/ifr-scope_device.c **** //time 2022/10/18
   3:../STM32CUBEMX/Core/Src/ifr-scope_device.c **** //Version 1.0
   4:../STM32CUBEMX/Core/Src/ifr-scope_device.c **** #include "ifr-scope_device.h"
   5:../STM32CUBEMX/Core/Src/ifr-scope_device.c **** #include "uart_fifo.h"
   6:../STM32CUBEMX/Core/Src/ifr-scope_device.c **** #include "string.h"
   7:../STM32CUBEMX/Core/Src/ifr-scope_device.c **** #include "stdbool.h"
   8:../STM32CUBEMX/Core/Src/ifr-scope_device.c **** #include "usart.h"
   9:../STM32CUBEMX/Core/Src/ifr-scope_device.c **** 
  10:../STM32CUBEMX/Core/Src/ifr-scope_device.c **** extern unsigned int time_5ms_count;
  11:../STM32CUBEMX/Core/Src/ifr-scope_device.c **** extern USART_CircularQueueTypeDef USART1_Software_FIFO;
  12:../STM32CUBEMX/Core/Src/ifr-scope_device.c **** 
  13:../STM32CUBEMX/Core/Src/ifr-scope_device.c **** enum _IFRScopeRunState IFRScopeRunState;
  14:../STM32CUBEMX/Core/Src/ifr-scope_device.c **** 
  15:../STM32CUBEMX/Core/Src/ifr-scope_device.c **** char WFDBG_REP_DESCRI[15]="Banlance-1";
  16:../STM32CUBEMX/Core/Src/ifr-scope_device.c **** char WFDBG_HANDSHAKE[6]="IFR00";
  17:../STM32CUBEMX/Core/Src/ifr-scope_device.c **** char WFDBG_REPDCY[]="#IFR=1:IM=Banlance-1;STA=1;#END";
  18:../STM32CUBEMX/Core/Src/ifr-scope_device.c **** /**********C************/
  19:../STM32CUBEMX/Core/Src/ifr-scope_device.c **** /*       ??       */
  20:../STM32CUBEMX/Core/Src/ifr-scope_device.c **** const char WFDBG_HEAD[]="#IFR=";
  21:../STM32CUBEMX/Core/Src/ifr-scope_device.c **** const char WFDBG_END[]="#END";
  22:../STM32CUBEMX/Core/Src/ifr-scope_device.c **** 
  23:../STM32CUBEMX/Core/Src/ifr-scope_device.c **** /*       ??????       */
  24:../STM32CUBEMX/Core/Src/ifr-scope_device.c **** const char WFDBG_REP_DCY1[]="#IFR=1:IM=";
  25:../STM32CUBEMX/Core/Src/ifr-scope_device.c **** const char WFDBG_REP_DCY2[]=";STA=1;#END";
  26:../STM32CUBEMX/Core/Src/ifr-scope_device.c **** 
  27:../STM32CUBEMX/Core/Src/ifr-scope_device.c **** const char WFDBG_IM[]="IM=";
  28:../STM32CUBEMX/Core/Src/ifr-scope_device.c **** const char WFDBG_STA[]="STA=";
  29:../STM32CUBEMX/Core/Src/ifr-scope_device.c **** /*      HOST?????     */
ARM GAS  C:\Users\ysl\AppData\Local\Temp\cchUywSe.s 			page 2


  30:../STM32CUBEMX/Core/Src/ifr-scope_device.c **** const char WFDBG_HANDSHAKE_HEAD[]="#IFR=_:";//!!!!!
  31:../STM32CUBEMX/Core/Src/ifr-scope_device.c **** const char WFDBG_HANDSHAKE_KEY[]="KEY=";
  32:../STM32CUBEMX/Core/Src/ifr-scope_device.c **** 
  33:../STM32CUBEMX/Core/Src/ifr-scope_device.c **** /*        connect ok         */
  34:../STM32CUBEMX/Core/Src/ifr-scope_device.c **** const char WFDBG_HANDSHAKE_OK[]="#IFR=`:#END";
  35:../STM32CUBEMX/Core/Src/ifr-scope_device.c **** const char WFDBG_HANDSHAKE_Fail[]="#IFR=a:#END";
  36:../STM32CUBEMX/Core/Src/ifr-scope_device.c **** /**data**/
  37:../STM32CUBEMX/Core/Src/ifr-scope_device.c **** const char WFDBG_DATA_MASK[]="MASK=";
  38:../STM32CUBEMX/Core/Src/ifr-scope_device.c **** 
  39:../STM32CUBEMX/Core/Src/ifr-scope_device.c **** /**Query queue based comparison with specified string**/
  40:../STM32CUBEMX/Core/Src/ifr-scope_device.c **** bool Compare_QueryQueue(USART_CircularQueueTypeDef const * queue, const char ch_source[])	//???????
  41:../STM32CUBEMX/Core/Src/ifr-scope_device.c **** {
  30              		.loc 1 41 1 view -0
  31              		.cfi_startproc
  32              		@ args = 0, pretend = 0, frame = 0
  33              		@ frame_needed = 0, uses_anonymous_args = 0
  34              		.loc 1 41 1 is_stmt 0 view .LVU1
  35 0000 F8B5     		push	{r3, r4, r5, r6, r7, lr}
  36              	.LCFI0:
  37              		.cfi_def_cfa_offset 24
  38              		.cfi_offset 3, -24
  39              		.cfi_offset 4, -20
  40              		.cfi_offset 5, -16
  41              		.cfi_offset 6, -12
  42              		.cfi_offset 7, -8
  43              		.cfi_offset 14, -4
  44 0002 0646     		mov	r6, r0
  45 0004 0F46     		mov	r7, r1
  42:../STM32CUBEMX/Core/Src/ifr-scope_device.c **** 	uint16_t ch_len=strlen(ch_source);
  46              		.loc 1 42 2 is_stmt 1 view .LVU2
  47              		.loc 1 42 18 is_stmt 0 view .LVU3
  48 0006 0846     		mov	r0, r1
  49              	.LVL1:
  50              		.loc 1 42 18 view .LVU4
  51 0008 FFF7FEFF 		bl	strlen
  52              	.LVL2:
  53              		.loc 1 42 18 view .LVU5
  54 000c 0546     		mov	r5, r0
  55              		.loc 1 42 11 view .LVU6
  56 000e 84B2     		uxth	r4, r0
  57              	.LVL3:
  43:../STM32CUBEMX/Core/Src/ifr-scope_device.c **** 	
  44:../STM32CUBEMX/Core/Src/ifr-scope_device.c **** 	if(ch_len>GetQueueReadCount(queue)) return false;
  58              		.loc 1 44 2 is_stmt 1 view .LVU7
  59              		.loc 1 44 12 is_stmt 0 view .LVU8
  60 0010 3046     		mov	r0, r6
  61 0012 FFF7FEFF 		bl	GetQueueReadCount
  62              	.LVL4:
  63              		.loc 1 44 4 view .LVU9
  64 0016 A042     		cmp	r0, r4
  65 0018 0ED3     		bcc	.L5
  66              	.LBB2:
  45:../STM32CUBEMX/Core/Src/ifr-scope_device.c **** 	
  46:../STM32CUBEMX/Core/Src/ifr-scope_device.c **** 	for(int i=0;i<ch_len;i++)
  67              		.loc 1 46 10 view .LVU10
  68 001a 0024     		movs	r4, #0
  69              	.LVL5:
ARM GAS  C:\Users\ysl\AppData\Local\Temp\cchUywSe.s 			page 3


  70              	.L3:
  71              		.loc 1 46 15 is_stmt 1 discriminator 1 view .LVU11
  72 001c ABB2     		uxth	r3, r5
  73 001e A342     		cmp	r3, r4
  74 0020 08DD     		ble	.L8
  47:../STM32CUBEMX/Core/Src/ifr-scope_device.c **** 	{
  48:../STM32CUBEMX/Core/Src/ifr-scope_device.c **** 		if(QueryAQueue(queue,i)!=ch_source[i])	return false;
  75              		.loc 1 48 3 view .LVU12
  76              		.loc 1 48 6 is_stmt 0 view .LVU13
  77 0022 A1B2     		uxth	r1, r4
  78 0024 3046     		mov	r0, r6
  79 0026 FFF7FEFF 		bl	QueryAQueue
  80              	.LVL6:
  81              		.loc 1 48 26 view .LVU14
  82 002a 3B5D     		ldrb	r3, [r7, r4]	@ zero_extendqisi2
  83              		.loc 1 48 5 view .LVU15
  84 002c 9842     		cmp	r0, r3
  85 002e 05D1     		bne	.L6
  46:../STM32CUBEMX/Core/Src/ifr-scope_device.c **** 	{
  86              		.loc 1 46 24 is_stmt 1 discriminator 2 view .LVU16
  87 0030 0134     		adds	r4, r4, #1
  88              	.LVL7:
  46:../STM32CUBEMX/Core/Src/ifr-scope_device.c **** 	{
  89              		.loc 1 46 24 is_stmt 0 discriminator 2 view .LVU17
  90 0032 F3E7     		b	.L3
  91              	.L8:
  46:../STM32CUBEMX/Core/Src/ifr-scope_device.c **** 	{
  92              		.loc 1 46 24 discriminator 2 view .LVU18
  93              	.LBE2:
  49:../STM32CUBEMX/Core/Src/ifr-scope_device.c **** 	}
  50:../STM32CUBEMX/Core/Src/ifr-scope_device.c **** 	return true;
  94              		.loc 1 50 9 view .LVU19
  95 0034 0120     		movs	r0, #1
  96              	.LBB3:
  97 0036 00E0     		b	.L2
  98              	.LVL8:
  99              	.L5:
 100              		.loc 1 50 9 view .LVU20
 101              	.LBE3:
  44:../STM32CUBEMX/Core/Src/ifr-scope_device.c **** 	
 102              		.loc 1 44 45 view .LVU21
 103 0038 0020     		movs	r0, #0
 104              	.LVL9:
 105              	.L2:
  51:../STM32CUBEMX/Core/Src/ifr-scope_device.c **** }
 106              		.loc 1 51 1 view .LVU22
 107 003a F8BD     		pop	{r3, r4, r5, r6, r7, pc}
 108              	.LVL10:
 109              	.L6:
 110              	.LBB4:
  48:../STM32CUBEMX/Core/Src/ifr-scope_device.c **** 	}
 111              		.loc 1 48 49 view .LVU23
 112 003c 0020     		movs	r0, #0
 113 003e FCE7     		b	.L2
 114              	.LBE4:
 115              		.cfi_endproc
 116              	.LFE235:
ARM GAS  C:\Users\ysl\AppData\Local\Temp\cchUywSe.s 			page 4


 118              		.section	.text.Get_Str_IndexOf,"ax",%progbits
 119              		.align	1
 120              		.global	Get_Str_IndexOf
 121              		.syntax unified
 122              		.thumb
 123              		.thumb_func
 125              	Get_Str_IndexOf:
 126              	.LVL11:
 127              	.LFB236:
  52:../STM32CUBEMX/Core/Src/ifr-scope_device.c **** /**    Query the first occurrence of a substring in the string Return -1 if none   **/
  53:../STM32CUBEMX/Core/Src/ifr-scope_device.c **** uint32_t Get_Str_IndexOf(const char * str1, const char * str2)	//??strstr()
  54:../STM32CUBEMX/Core/Src/ifr-scope_device.c **** {
 128              		.loc 1 54 1 is_stmt 1 view -0
 129              		.cfi_startproc
 130              		@ args = 0, pretend = 0, frame = 0
 131              		@ frame_needed = 0, uses_anonymous_args = 0
 132              		.loc 1 54 1 is_stmt 0 view .LVU25
 133 0000 10B5     		push	{r4, lr}
 134              	.LCFI1:
 135              		.cfi_def_cfa_offset 8
 136              		.cfi_offset 4, -8
 137              		.cfi_offset 14, -4
 138 0002 0446     		mov	r4, r0
  55:../STM32CUBEMX/Core/Src/ifr-scope_device.c **** 	char* index=strstr(str1,str2);
 139              		.loc 1 55 2 is_stmt 1 view .LVU26
 140              		.loc 1 55 14 is_stmt 0 view .LVU27
 141 0004 FFF7FEFF 		bl	strstr
 142              	.LVL12:
  56:../STM32CUBEMX/Core/Src/ifr-scope_device.c **** 	if(index!=NULL)
 143              		.loc 1 56 2 is_stmt 1 view .LVU28
 144              		.loc 1 56 4 is_stmt 0 view .LVU29
 145 0008 08B1     		cbz	r0, .L11
  57:../STM32CUBEMX/Core/Src/ifr-scope_device.c **** 	{
  58:../STM32CUBEMX/Core/Src/ifr-scope_device.c **** 		return (uint32_t)(index-str1);
 146              		.loc 1 58 3 is_stmt 1 view .LVU30
 147              		.loc 1 58 26 is_stmt 0 view .LVU31
 148 000a 001B     		subs	r0, r0, r4
 149              	.LVL13:
 150              	.L9:
  59:../STM32CUBEMX/Core/Src/ifr-scope_device.c **** 	}
  60:../STM32CUBEMX/Core/Src/ifr-scope_device.c **** 	else
  61:../STM32CUBEMX/Core/Src/ifr-scope_device.c **** 	{
  62:../STM32CUBEMX/Core/Src/ifr-scope_device.c **** 		return 0;
  63:../STM32CUBEMX/Core/Src/ifr-scope_device.c **** 	}
  64:../STM32CUBEMX/Core/Src/ifr-scope_device.c **** }
 151              		.loc 1 64 1 view .LVU32
 152 000c 10BD     		pop	{r4, pc}
 153              	.LVL14:
 154              	.L11:
  62:../STM32CUBEMX/Core/Src/ifr-scope_device.c **** 	}
 155              		.loc 1 62 10 view .LVU33
 156 000e 0020     		movs	r0, #0
 157              	.LVL15:
  62:../STM32CUBEMX/Core/Src/ifr-scope_device.c **** 	}
 158              		.loc 1 62 10 view .LVU34
 159 0010 FCE7     		b	.L9
 160              		.cfi_endproc
ARM GAS  C:\Users\ysl\AppData\Local\Temp\cchUywSe.s 			page 5


 161              	.LFE236:
 163              		.section	.text.Get_Str_IndexOfQueue,"ax",%progbits
 164              		.align	1
 165              		.global	Get_Str_IndexOfQueue
 166              		.syntax unified
 167              		.thumb
 168              		.thumb_func
 170              	Get_Str_IndexOfQueue:
 171              	.LVL16:
 172              	.LFB237:
  65:../STM32CUBEMX/Core/Src/ifr-scope_device.c **** 
  66:../STM32CUBEMX/Core/Src/ifr-scope_device.c **** /**     Querying a substring in a queue without taking out the queue    **/
  67:../STM32CUBEMX/Core/Src/ifr-scope_device.c **** int32_t Get_Str_IndexOfQueue(USART_CircularQueueTypeDef const * queue, const char ch_source[])
  68:../STM32CUBEMX/Core/Src/ifr-scope_device.c **** {
 173              		.loc 1 68 1 is_stmt 1 view -0
 174              		.cfi_startproc
 175              		@ args = 0, pretend = 0, frame = 0
 176              		@ frame_needed = 0, uses_anonymous_args = 0
 177              		.loc 1 68 1 is_stmt 0 view .LVU36
 178 0000 2DE9F047 		push	{r4, r5, r6, r7, r8, r9, r10, lr}
 179              	.LCFI2:
 180              		.cfi_def_cfa_offset 32
 181              		.cfi_offset 4, -32
 182              		.cfi_offset 5, -28
 183              		.cfi_offset 6, -24
 184              		.cfi_offset 7, -20
 185              		.cfi_offset 8, -16
 186              		.cfi_offset 9, -12
 187              		.cfi_offset 10, -8
 188              		.cfi_offset 14, -4
 189 0004 8046     		mov	r8, r0
 190 0006 8946     		mov	r9, r1
  69:../STM32CUBEMX/Core/Src/ifr-scope_device.c **** 	uint16_t ch_len=strlen(ch_source);
 191              		.loc 1 69 2 is_stmt 1 view .LVU37
 192              		.loc 1 69 18 is_stmt 0 view .LVU38
 193 0008 0846     		mov	r0, r1
 194              	.LVL17:
 195              		.loc 1 69 18 view .LVU39
 196 000a FFF7FEFF 		bl	strlen
 197              	.LVL18:
 198              		.loc 1 69 18 view .LVU40
 199 000e 0746     		mov	r7, r0
 200              		.loc 1 69 11 view .LVU41
 201 0010 84B2     		uxth	r4, r0
 202              	.LVL19:
  70:../STM32CUBEMX/Core/Src/ifr-scope_device.c **** 	uint16_t data_lengh=GetQueueReadCount(queue);
 203              		.loc 1 70 2 is_stmt 1 view .LVU42
 204              		.loc 1 70 22 is_stmt 0 view .LVU43
 205 0012 4046     		mov	r0, r8
 206 0014 FFF7FEFF 		bl	GetQueueReadCount
 207              	.LVL20:
  71:../STM32CUBEMX/Core/Src/ifr-scope_device.c **** 	
  72:../STM32CUBEMX/Core/Src/ifr-scope_device.c **** 	if(ch_len>data_lengh) return -1;
 208              		.loc 1 72 2 is_stmt 1 view .LVU44
 209              		.loc 1 72 4 is_stmt 0 view .LVU45
 210 0018 8442     		cmp	r4, r0
 211 001a 24D8     		bhi	.L21
ARM GAS  C:\Users\ysl\AppData\Local\Temp\cchUywSe.s 			page 6


 212 001c 8246     		mov	r10, r0
 213              	.LBB5:
  73:../STM32CUBEMX/Core/Src/ifr-scope_device.c **** 	
  74:../STM32CUBEMX/Core/Src/ifr-scope_device.c **** 	for(int i=0;i<=data_lengh-ch_len;i++)
 214              		.loc 1 74 10 view .LVU46
 215 001e 0024     		movs	r4, #0
 216              	.LVL21:
 217              		.loc 1 74 10 view .LVU47
 218 0020 00E0     		b	.L15
 219              	.LVL22:
 220              	.L23:
 221              		.loc 1 74 36 is_stmt 1 discriminator 2 view .LVU48
 222 0022 0134     		adds	r4, r4, #1
 223              	.LVL23:
 224              	.L15:
 225              		.loc 1 74 15 discriminator 1 view .LVU49
 226              		.loc 1 74 27 is_stmt 0 discriminator 1 view .LVU50
 227 0024 BDB2     		uxth	r5, r7
 228 0026 AAEB0503 		sub	r3, r10, r5
 229              		.loc 1 74 15 discriminator 1 view .LVU51
 230 002a A342     		cmp	r3, r4
 231 002c 16DB     		blt	.L25
  75:../STM32CUBEMX/Core/Src/ifr-scope_device.c **** 	{//QueryQueue(data,queue,len) //It is more efficient to retrieve all the data at once and then com
  76:../STM32CUBEMX/Core/Src/ifr-scope_device.c **** 		if(QueryAQueue(queue,i)==ch_source[0])
 232              		.loc 1 76 3 is_stmt 1 view .LVU52
 233              		.loc 1 76 6 is_stmt 0 view .LVU53
 234 002e A6B2     		uxth	r6, r4
 235 0030 3146     		mov	r1, r6
 236 0032 4046     		mov	r0, r8
 237 0034 FFF7FEFF 		bl	QueryAQueue
 238              	.LVL24:
 239              		.loc 1 76 26 view .LVU54
 240 0038 99F80030 		ldrb	r3, [r9]	@ zero_extendqisi2
 241              		.loc 1 76 5 view .LVU55
 242 003c 9842     		cmp	r0, r3
 243 003e F0D1     		bne	.L23
 244              	.LBB6:
  77:../STM32CUBEMX/Core/Src/ifr-scope_device.c **** 		{
  78:../STM32CUBEMX/Core/Src/ifr-scope_device.c **** 			//uint8_t compflag=1;
  79:../STM32CUBEMX/Core/Src/ifr-scope_device.c **** 			for(int stri=1;stri<ch_len;stri++)
 245              		.loc 1 79 12 view .LVU56
 246 0040 0127     		movs	r7, #1
 247              	.L16:
 248              	.LVL25:
 249              		.loc 1 79 23 is_stmt 1 discriminator 1 view .LVU57
 250 0042 BD42     		cmp	r5, r7
 251 0044 0CDD     		ble	.L13
  80:../STM32CUBEMX/Core/Src/ifr-scope_device.c **** 			{
  81:../STM32CUBEMX/Core/Src/ifr-scope_device.c **** 				if(QueryAQueue(queue,i+stri)!=ch_source[stri]) break;
 252              		.loc 1 81 5 view .LVU58
 253              		.loc 1 81 8 is_stmt 0 view .LVU59
 254 0046 F119     		adds	r1, r6, r7
 255 0048 89B2     		uxth	r1, r1
 256 004a 4046     		mov	r0, r8
 257 004c FFF7FEFF 		bl	QueryAQueue
 258              	.LVL26:
 259              		.loc 1 81 33 view .LVU60
ARM GAS  C:\Users\ysl\AppData\Local\Temp\cchUywSe.s 			page 7


 260 0050 19F80730 		ldrb	r3, [r9, r7]	@ zero_extendqisi2
 261              		.loc 1 81 7 view .LVU61
 262 0054 9842     		cmp	r0, r3
 263 0056 03D1     		bne	.L13
  79:../STM32CUBEMX/Core/Src/ifr-scope_device.c **** 			{
 264              		.loc 1 79 35 is_stmt 1 discriminator 2 view .LVU62
 265 0058 0137     		adds	r7, r7, #1
 266              	.LVL27:
  79:../STM32CUBEMX/Core/Src/ifr-scope_device.c **** 			{
 267              		.loc 1 79 35 is_stmt 0 discriminator 2 view .LVU63
 268 005a F2E7     		b	.L16
 269              	.LVL28:
 270              	.L25:
  79:../STM32CUBEMX/Core/Src/ifr-scope_device.c **** 			{
 271              		.loc 1 79 35 discriminator 2 view .LVU64
 272              	.LBE6:
 273              	.LBE5:
  82:../STM32CUBEMX/Core/Src/ifr-scope_device.c **** 			}
  83:../STM32CUBEMX/Core/Src/ifr-scope_device.c **** 			return i;
  84:../STM32CUBEMX/Core/Src/ifr-scope_device.c **** 		}
  85:../STM32CUBEMX/Core/Src/ifr-scope_device.c **** 	}
  86:../STM32CUBEMX/Core/Src/ifr-scope_device.c **** 	return -1;
 274              		.loc 1 86 9 view .LVU65
 275 005c 4FF0FF34 		mov	r4, #-1
 276              	.LVL29:
 277              	.L13:
  87:../STM32CUBEMX/Core/Src/ifr-scope_device.c **** }
 278              		.loc 1 87 1 view .LVU66
 279 0060 2046     		mov	r0, r4
 280 0062 BDE8F087 		pop	{r4, r5, r6, r7, r8, r9, r10, pc}
 281              	.LVL30:
 282              	.L21:
  72:../STM32CUBEMX/Core/Src/ifr-scope_device.c **** 	
 283              		.loc 1 72 31 view .LVU67
 284 0066 4FF0FF34 		mov	r4, #-1
 285              	.LVL31:
  72:../STM32CUBEMX/Core/Src/ifr-scope_device.c **** 	
 286              		.loc 1 72 31 view .LVU68
 287 006a F9E7     		b	.L13
 288              		.cfi_endproc
 289              	.LFE237:
 291              		.section	.text.Find_IFR_Head,"ax",%progbits
 292              		.align	1
 293              		.global	Find_IFR_Head
 294              		.syntax unified
 295              		.thumb
 296              		.thumb_func
 298              	Find_IFR_Head:
 299              	.LVL32:
 300              	.LFB238:
  88:../STM32CUBEMX/Core/Src/ifr-scope_device.c **** 
  89:../STM32CUBEMX/Core/Src/ifr-scope_device.c **** /**      Move forward based on the current tail of the queue to find the head of the protocol: #IFR
  90:../STM32CUBEMX/Core/Src/ifr-scope_device.c **** bool Find_IFR_Head(USART_CircularQueueTypeDef * queue)	//???????????:#RM-DT=
  91:../STM32CUBEMX/Core/Src/ifr-scope_device.c **** {
 301              		.loc 1 91 1 is_stmt 1 view -0
 302              		.cfi_startproc
 303              		@ args = 0, pretend = 0, frame = 0
ARM GAS  C:\Users\ysl\AppData\Local\Temp\cchUywSe.s 			page 8


 304              		@ frame_needed = 0, uses_anonymous_args = 0
 305              		.loc 1 91 1 is_stmt 0 view .LVU70
 306 0000 38B5     		push	{r3, r4, r5, lr}
 307              	.LCFI3:
 308              		.cfi_def_cfa_offset 16
 309              		.cfi_offset 3, -16
 310              		.cfi_offset 4, -12
 311              		.cfi_offset 5, -8
 312              		.cfi_offset 14, -4
 313 0002 0446     		mov	r4, r0
  92:../STM32CUBEMX/Core/Src/ifr-scope_device.c **** 	if(RemoveAQueue(&USART1_Software_FIFO)==WFDBG_HEAD[0])	//??OK	WFDBG_HEAD[0]='#'
 314              		.loc 1 92 2 is_stmt 1 view .LVU71
 315              		.loc 1 92 5 is_stmt 0 view .LVU72
 316 0004 0948     		ldr	r0, .L31
 317              	.LVL33:
 318              		.loc 1 92 5 view .LVU73
 319 0006 FFF7FEFF 		bl	RemoveAQueue
 320              	.LVL34:
 321              		.loc 1 92 4 view .LVU74
 322 000a 2328     		cmp	r0, #35
 323 000c 02D0     		beq	.L30
  93:../STM32CUBEMX/Core/Src/ifr-scope_device.c **** 	{
  94:../STM32CUBEMX/Core/Src/ifr-scope_device.c **** 		if(Compare_QueryQueue(queue,&WFDBG_HEAD[1])==true)	//Find #IFR=
  95:../STM32CUBEMX/Core/Src/ifr-scope_device.c **** 		{
  96:../STM32CUBEMX/Core/Src/ifr-scope_device.c **** 			DeleteQueue(queue,strlen(&WFDBG_HEAD[1]));
  97:../STM32CUBEMX/Core/Src/ifr-scope_device.c **** 			
  98:../STM32CUBEMX/Core/Src/ifr-scope_device.c **** 			return true;
  99:../STM32CUBEMX/Core/Src/ifr-scope_device.c **** 
 100:../STM32CUBEMX/Core/Src/ifr-scope_device.c **** 		}
 101:../STM32CUBEMX/Core/Src/ifr-scope_device.c **** 	}
 102:../STM32CUBEMX/Core/Src/ifr-scope_device.c **** 	
 103:../STM32CUBEMX/Core/Src/ifr-scope_device.c **** 	return false;
 324              		.loc 1 103 9 view .LVU75
 325 000e 0025     		movs	r5, #0
 326              	.L27:
 104:../STM32CUBEMX/Core/Src/ifr-scope_device.c **** }
 327              		.loc 1 104 1 view .LVU76
 328 0010 2846     		mov	r0, r5
 329 0012 38BD     		pop	{r3, r4, r5, pc}
 330              	.LVL35:
 331              	.L30:
  94:../STM32CUBEMX/Core/Src/ifr-scope_device.c **** 		{
 332              		.loc 1 94 3 is_stmt 1 view .LVU77
  94:../STM32CUBEMX/Core/Src/ifr-scope_device.c **** 		{
 333              		.loc 1 94 6 is_stmt 0 view .LVU78
 334 0014 0649     		ldr	r1, .L31+4
 335 0016 2046     		mov	r0, r4
 336 0018 FFF7FEFF 		bl	Compare_QueryQueue
 337              	.LVL36:
  94:../STM32CUBEMX/Core/Src/ifr-scope_device.c **** 		{
 338              		.loc 1 94 5 view .LVU79
 339 001c 0546     		mov	r5, r0
 340 001e 0028     		cmp	r0, #0
 341 0020 F6D0     		beq	.L27
  96:../STM32CUBEMX/Core/Src/ifr-scope_device.c **** 			
 342              		.loc 1 96 4 is_stmt 1 view .LVU80
 343 0022 0421     		movs	r1, #4
ARM GAS  C:\Users\ysl\AppData\Local\Temp\cchUywSe.s 			page 9


 344 0024 2046     		mov	r0, r4
 345 0026 FFF7FEFF 		bl	DeleteQueue
 346              	.LVL37:
  98:../STM32CUBEMX/Core/Src/ifr-scope_device.c **** 
 347              		.loc 1 98 4 view .LVU81
  98:../STM32CUBEMX/Core/Src/ifr-scope_device.c **** 
 348              		.loc 1 98 11 is_stmt 0 view .LVU82
 349 002a F1E7     		b	.L27
 350              	.L32:
 351              		.align	2
 352              	.L31:
 353 002c 00000000 		.word	USART1_Software_FIFO
 354 0030 01000000 		.word	.LANCHOR0+1
 355              		.cfi_endproc
 356              	.LFE238:
 358              		.section	.text.IFR_Scope_Main,"ax",%progbits
 359              		.align	1
 360              		.global	IFR_Scope_Main
 361              		.syntax unified
 362              		.thumb
 363              		.thumb_func
 365              	IFR_Scope_Main:
 366              	.LFB239:
 105:../STM32CUBEMX/Core/Src/ifr-scope_device.c **** 
 106:../STM32CUBEMX/Core/Src/ifr-scope_device.c **** struct _framedata FrameData={
 107:../STM32CUBEMX/Core/Src/ifr-scope_device.c **** .head="#IFR=7:",
 108:../STM32CUBEMX/Core/Src/ifr-scope_device.c **** .link='=',
 109:../STM32CUBEMX/Core/Src/ifr-scope_device.c **** .end=";#END"
 110:../STM32CUBEMX/Core/Src/ifr-scope_device.c **** };
 111:../STM32CUBEMX/Core/Src/ifr-scope_device.c **** 
 112:../STM32CUBEMX/Core/Src/ifr-scope_device.c **** union _floatchar ReceiveData[10];
 113:../STM32CUBEMX/Core/Src/ifr-scope_device.c **** 
 114:../STM32CUBEMX/Core/Src/ifr-scope_device.c **** //5ms
 115:../STM32CUBEMX/Core/Src/ifr-scope_device.c **** void IFR_Scope_Main(void)
 116:../STM32CUBEMX/Core/Src/ifr-scope_device.c **** {
 367              		.loc 1 116 1 is_stmt 1 view -0
 368              		.cfi_startproc
 369              		@ args = 0, pretend = 0, frame = 8
 370              		@ frame_needed = 0, uses_anonymous_args = 0
 371 0000 10B5     		push	{r4, lr}
 372              	.LCFI4:
 373              		.cfi_def_cfa_offset 8
 374              		.cfi_offset 4, -8
 375              		.cfi_offset 14, -4
 376 0002 82B0     		sub	sp, sp, #8
 377              	.LCFI5:
 378              		.cfi_def_cfa_offset 16
 117:../STM32CUBEMX/Core/Src/ifr-scope_device.c **** 	switch(IFRScopeRunState)
 379              		.loc 1 117 2 view .LVU84
 380 0004 444B     		ldr	r3, .L43
 381 0006 1B78     		ldrb	r3, [r3]	@ zero_extendqisi2
 382 0008 012B     		cmp	r3, #1
 383 000a 4FD0     		beq	.L34
 384 000c 022B     		cmp	r3, #2
 385 000e 5ED0     		beq	.L35
 386 0010 0BB1     		cbz	r3, .L42
 387              	.L33:
ARM GAS  C:\Users\ysl\AppData\Local\Temp\cchUywSe.s 			page 10


 118:../STM32CUBEMX/Core/Src/ifr-scope_device.c **** 	{
 119:../STM32CUBEMX/Core/Src/ifr-scope_device.c **** 		case Unconnected:
 120:../STM32CUBEMX/Core/Src/ifr-scope_device.c **** 		{
 121:../STM32CUBEMX/Core/Src/ifr-scope_device.c **** 			//check handshake frame
 122:../STM32CUBEMX/Core/Src/ifr-scope_device.c **** 			if(Find_IFR_Head(&USART1_Software_FIFO)==true)
 123:../STM32CUBEMX/Core/Src/ifr-scope_device.c **** 			{
 124:../STM32CUBEMX/Core/Src/ifr-scope_device.c **** 				//if(Compare_QueryQueue(&USART1_Software_FIFO,WFDBG_END)==false) return;//No full frame,wait ne
 125:../STM32CUBEMX/Core/Src/ifr-scope_device.c **** 				if(RemoveAQueue(&USART1_Software_FIFO)==FrameID_SimpHandShake)
 126:../STM32CUBEMX/Core/Src/ifr-scope_device.c **** 				{
 127:../STM32CUBEMX/Core/Src/ifr-scope_device.c **** 					if(Get_Str_IndexOfQueue(&USART1_Software_FIFO,WFDBG_HANDSHAKE_KEY)!=-1)	//Find #IFR=
 128:../STM32CUBEMX/Core/Src/ifr-scope_device.c **** 					{
 129:../STM32CUBEMX/Core/Src/ifr-scope_device.c **** 						char keydata[6]={0};
 130:../STM32CUBEMX/Core/Src/ifr-scope_device.c **** 						DeleteQueue(&USART1_Software_FIFO,strlen(WFDBG_HANDSHAKE_KEY)+1);
 131:../STM32CUBEMX/Core/Src/ifr-scope_device.c **** 						
 132:../STM32CUBEMX/Core/Src/ifr-scope_device.c **** 						RemoveQueue((uint8_t*)keydata,&USART1_Software_FIFO,5);
 133:../STM32CUBEMX/Core/Src/ifr-scope_device.c **** 						if(strcmp(keydata,WFDBG_HANDSHAKE)==0)
 134:../STM32CUBEMX/Core/Src/ifr-scope_device.c **** 						{
 135:../STM32CUBEMX/Core/Src/ifr-scope_device.c **** 							IFRScopeRunState=ConnectedNoData;
 136:../STM32CUBEMX/Core/Src/ifr-scope_device.c **** 							HAL_UART_Transmit_DMA(&huart1, (uint8_t*)WFDBG_HANDSHAKE_OK, strlen(WFDBG_HANDSHAKE_OK));
 137:../STM32CUBEMX/Core/Src/ifr-scope_device.c **** 						}
 138:../STM32CUBEMX/Core/Src/ifr-scope_device.c **** 						else
 139:../STM32CUBEMX/Core/Src/ifr-scope_device.c **** 						{//Key verification failure
 140:../STM32CUBEMX/Core/Src/ifr-scope_device.c **** 							
 141:../STM32CUBEMX/Core/Src/ifr-scope_device.c **** 							HAL_UART_Transmit_DMA(&huart1, (uint8_t*)WFDBG_HANDSHAKE_Fail, strlen(WFDBG_HANDSHAKE_Fail))
 142:../STM32CUBEMX/Core/Src/ifr-scope_device.c **** 						}
 143:../STM32CUBEMX/Core/Src/ifr-scope_device.c **** 					}
 144:../STM32CUBEMX/Core/Src/ifr-scope_device.c **** 				}
 145:../STM32CUBEMX/Core/Src/ifr-scope_device.c **** 			}
 146:../STM32CUBEMX/Core/Src/ifr-scope_device.c **** 			else
 147:../STM32CUBEMX/Core/Src/ifr-scope_device.c **** 			{
 148:../STM32CUBEMX/Core/Src/ifr-scope_device.c **** 				DeleteAllQueue(&USART1_Software_FIFO);
 149:../STM32CUBEMX/Core/Src/ifr-scope_device.c **** 				if(time_5ms_count%400==100)
 150:../STM32CUBEMX/Core/Src/ifr-scope_device.c **** 				{
 151:../STM32CUBEMX/Core/Src/ifr-scope_device.c **** 					HAL_UART_Transmit_DMA(&huart1, (uint8_t*)WFDBG_REPDCY, strlen(WFDBG_REPDCY));
 152:../STM32CUBEMX/Core/Src/ifr-scope_device.c **** 				}
 153:../STM32CUBEMX/Core/Src/ifr-scope_device.c **** 			}
 154:../STM32CUBEMX/Core/Src/ifr-scope_device.c **** 			break;
 155:../STM32CUBEMX/Core/Src/ifr-scope_device.c **** 		}
 156:../STM32CUBEMX/Core/Src/ifr-scope_device.c **** 		case ConnectedNoData:
 157:../STM32CUBEMX/Core/Src/ifr-scope_device.c **** 		{
 158:../STM32CUBEMX/Core/Src/ifr-scope_device.c **** 			//check dataStart frame
 159:../STM32CUBEMX/Core/Src/ifr-scope_device.c **** 			if(Find_IFR_Head(&USART1_Software_FIFO)==true)
 160:../STM32CUBEMX/Core/Src/ifr-scope_device.c **** 			{
 161:../STM32CUBEMX/Core/Src/ifr-scope_device.c **** 				//if(Compare_QueryQueue(&USART1_Software_FIFO,WFDBG_END)==false) return;//No full frame,wait ne
 162:../STM32CUBEMX/Core/Src/ifr-scope_device.c **** 				if(RemoveAQueue(&USART1_Software_FIFO)==FrameID_StartData)
 163:../STM32CUBEMX/Core/Src/ifr-scope_device.c **** 				{
 164:../STM32CUBEMX/Core/Src/ifr-scope_device.c **** 					IFRScopeRunState=ConnectedDataSend;
 165:../STM32CUBEMX/Core/Src/ifr-scope_device.c **** 				}
 166:../STM32CUBEMX/Core/Src/ifr-scope_device.c **** 			}
 167:../STM32CUBEMX/Core/Src/ifr-scope_device.c **** 			else
 168:../STM32CUBEMX/Core/Src/ifr-scope_device.c **** 			{
 169:../STM32CUBEMX/Core/Src/ifr-scope_device.c **** 				DeleteAllQueue(&USART1_Software_FIFO);
 170:../STM32CUBEMX/Core/Src/ifr-scope_device.c **** 			}
 171:../STM32CUBEMX/Core/Src/ifr-scope_device.c **** 			break;
 172:../STM32CUBEMX/Core/Src/ifr-scope_device.c **** 		}
 173:../STM32CUBEMX/Core/Src/ifr-scope_device.c **** 		case ConnectedDataSend:
 174:../STM32CUBEMX/Core/Src/ifr-scope_device.c **** 		{//todo: add quit connect when host stop
ARM GAS  C:\Users\ysl\AppData\Local\Temp\cchUywSe.s 			page 11


 175:../STM32CUBEMX/Core/Src/ifr-scope_device.c **** //			if(Find_IFR_Head(&USART1_Software_FIFO)==true)
 176:../STM32CUBEMX/Core/Src/ifr-scope_device.c **** //			{
 177:../STM32CUBEMX/Core/Src/ifr-scope_device.c **** //				uint8_t frameid = RemoveAQueue(&USART1_Software_FIFO);
 178:../STM32CUBEMX/Core/Src/ifr-scope_device.c **** //				if(frameid==FrameID_Data)
 179:../STM32CUBEMX/Core/Src/ifr-scope_device.c **** //				{
 180:../STM32CUBEMX/Core/Src/ifr-scope_device.c **** //					uint32_t maski = Get_Str_IndexOfQueue(&USART1_Software_FIFO,WFDBG_DATA_MASK);
 181:../STM32CUBEMX/Core/Src/ifr-scope_device.c **** //					DeleteQueue(&USART1_Software_FIFO,maski+strlen(WFDBG_DATA_MASK));//maski+5
 182:../STM32CUBEMX/Core/Src/ifr-scope_device.c **** //					//The end of the queue now points to the mask value
 183:../STM32CUBEMX/Core/Src/ifr-scope_device.c **** //					uint8_t maskvalue[10]={0};
 184:../STM32CUBEMX/Core/Src/ifr-scope_device.c **** //					RemoveQueue(maskvalue,&USART1_Software_FIFO,10);
 185:../STM32CUBEMX/Core/Src/ifr-scope_device.c **** //					if(RemoveAQueue(&USART1_Software_FIFO)==';')//MASK 10bytes -end
 186:../STM32CUBEMX/Core/Src/ifr-scope_device.c **** //					{
 187:../STM32CUBEMX/Core/Src/ifr-scope_device.c **** //						DeleteQueue(&USART1_Software_FIFO,2);//delete seq=
 188:../STM32CUBEMX/Core/Src/ifr-scope_device.c **** //						for(int i =0; i<10; i++)
 189:../STM32CUBEMX/Core/Src/ifr-scope_device.c **** //						{
 190:../STM32CUBEMX/Core/Src/ifr-scope_device.c **** //							if(maskvalue[i]==1)
 191:../STM32CUBEMX/Core/Src/ifr-scope_device.c **** //							{
 192:../STM32CUBEMX/Core/Src/ifr-scope_device.c **** //								RemoveQueue((uint8_t *)&(ReceiveData[i]),&USART1_Software_FIFO,4);
 193:../STM32CUBEMX/Core/Src/ifr-scope_device.c **** //							}
 194:../STM32CUBEMX/Core/Src/ifr-scope_device.c **** //							else //disable this chdata
 195:../STM32CUBEMX/Core/Src/ifr-scope_device.c **** //							{
 196:../STM32CUBEMX/Core/Src/ifr-scope_device.c **** //								DeleteQueue(&USART1_Software_FIFO,4);
 197:../STM32CUBEMX/Core/Src/ifr-scope_device.c **** //							}
 198:../STM32CUBEMX/Core/Src/ifr-scope_device.c **** //						}
 199:../STM32CUBEMX/Core/Src/ifr-scope_device.c **** //					}
 200:../STM32CUBEMX/Core/Src/ifr-scope_device.c **** //				}
 201:../STM32CUBEMX/Core/Src/ifr-scope_device.c **** //				else if(frameid==FrameID_Heartbeat)
 202:../STM32CUBEMX/Core/Src/ifr-scope_device.c **** //				{
 203:../STM32CUBEMX/Core/Src/ifr-scope_device.c **** //					
 204:../STM32CUBEMX/Core/Src/ifr-scope_device.c **** //				}
 205:../STM32CUBEMX/Core/Src/ifr-scope_device.c **** //			}
 206:../STM32CUBEMX/Core/Src/ifr-scope_device.c **** 			
 207:../STM32CUBEMX/Core/Src/ifr-scope_device.c **** 			if(time_5ms_count%2==0)//10MS FrameData
 208:../STM32CUBEMX/Core/Src/ifr-scope_device.c **** 			{
 209:../STM32CUBEMX/Core/Src/ifr-scope_device.c **** 				FrameData.data[1].point=1.1f;
 210:../STM32CUBEMX/Core/Src/ifr-scope_device.c **** 				FrameData.data[2].point=2.2f;
 211:../STM32CUBEMX/Core/Src/ifr-scope_device.c **** 				FrameData.data[3].point=3.3f;
 212:../STM32CUBEMX/Core/Src/ifr-scope_device.c **** 				FrameData.data[4].point=time_5ms_count%1000;
 213:../STM32CUBEMX/Core/Src/ifr-scope_device.c **** 				HAL_UART_Transmit_DMA(&huart1, (uint8_t*)&FrameData, sizeof(FrameData));
 214:../STM32CUBEMX/Core/Src/ifr-scope_device.c **** 			}
 215:../STM32CUBEMX/Core/Src/ifr-scope_device.c **** 			break;
 216:../STM32CUBEMX/Core/Src/ifr-scope_device.c **** 		}
 217:../STM32CUBEMX/Core/Src/ifr-scope_device.c **** 	}
 218:../STM32CUBEMX/Core/Src/ifr-scope_device.c **** }
 388              		.loc 1 218 1 is_stmt 0 view .LVU85
 389 0012 02B0     		add	sp, sp, #8
 390              	.LCFI6:
 391              		.cfi_remember_state
 392              		.cfi_def_cfa_offset 8
 393              		@ sp needed
 394 0014 10BD     		pop	{r4, pc}
 395              	.L42:
 396              	.LCFI7:
 397              		.cfi_restore_state
 122:../STM32CUBEMX/Core/Src/ifr-scope_device.c **** 			{
 398              		.loc 1 122 4 is_stmt 1 view .LVU86
 122:../STM32CUBEMX/Core/Src/ifr-scope_device.c **** 			{
ARM GAS  C:\Users\ysl\AppData\Local\Temp\cchUywSe.s 			page 12


 399              		.loc 1 122 7 is_stmt 0 view .LVU87
 400 0016 4148     		ldr	r0, .L43+4
 401 0018 FFF7FEFF 		bl	Find_IFR_Head
 402              	.LVL38:
 122:../STM32CUBEMX/Core/Src/ifr-scope_device.c **** 			{
 403              		.loc 1 122 6 view .LVU88
 404 001c 68B3     		cbz	r0, .L37
 125:../STM32CUBEMX/Core/Src/ifr-scope_device.c **** 				{
 405              		.loc 1 125 5 is_stmt 1 view .LVU89
 125:../STM32CUBEMX/Core/Src/ifr-scope_device.c **** 				{
 406              		.loc 1 125 8 is_stmt 0 view .LVU90
 407 001e 3F48     		ldr	r0, .L43+4
 408 0020 FFF7FEFF 		bl	RemoveAQueue
 409              	.LVL39:
 125:../STM32CUBEMX/Core/Src/ifr-scope_device.c **** 				{
 410              		.loc 1 125 7 view .LVU91
 411 0024 5F28     		cmp	r0, #95
 412 0026 F4D1     		bne	.L33
 127:../STM32CUBEMX/Core/Src/ifr-scope_device.c **** 					{
 413              		.loc 1 127 6 is_stmt 1 view .LVU92
 127:../STM32CUBEMX/Core/Src/ifr-scope_device.c **** 					{
 414              		.loc 1 127 9 is_stmt 0 view .LVU93
 415 0028 3D49     		ldr	r1, .L43+8
 416 002a 3C48     		ldr	r0, .L43+4
 417 002c FFF7FEFF 		bl	Get_Str_IndexOfQueue
 418              	.LVL40:
 127:../STM32CUBEMX/Core/Src/ifr-scope_device.c **** 					{
 419              		.loc 1 127 8 view .LVU94
 420 0030 B0F1FF3F 		cmp	r0, #-1
 421 0034 EDD0     		beq	.L33
 422              	.LBB7:
 129:../STM32CUBEMX/Core/Src/ifr-scope_device.c **** 						DeleteQueue(&USART1_Software_FIFO,strlen(WFDBG_HANDSHAKE_KEY)+1);
 423              		.loc 1 129 7 is_stmt 1 view .LVU95
 129:../STM32CUBEMX/Core/Src/ifr-scope_device.c **** 						DeleteQueue(&USART1_Software_FIFO,strlen(WFDBG_HANDSHAKE_KEY)+1);
 424              		.loc 1 129 12 is_stmt 0 view .LVU96
 425 0036 0023     		movs	r3, #0
 426 0038 0093     		str	r3, [sp]
 427 003a ADF80430 		strh	r3, [sp, #4]	@ movhi
 130:../STM32CUBEMX/Core/Src/ifr-scope_device.c **** 						
 428              		.loc 1 130 7 is_stmt 1 view .LVU97
 429 003e 374C     		ldr	r4, .L43+4
 430 0040 0521     		movs	r1, #5
 431 0042 2046     		mov	r0, r4
 432 0044 FFF7FEFF 		bl	DeleteQueue
 433              	.LVL41:
 132:../STM32CUBEMX/Core/Src/ifr-scope_device.c **** 						if(strcmp(keydata,WFDBG_HANDSHAKE)==0)
 434              		.loc 1 132 7 view .LVU98
 435 0048 0522     		movs	r2, #5
 436 004a 2146     		mov	r1, r4
 437 004c 6846     		mov	r0, sp
 438 004e FFF7FEFF 		bl	RemoveQueue
 439              	.LVL42:
 133:../STM32CUBEMX/Core/Src/ifr-scope_device.c **** 						{
 440              		.loc 1 133 7 view .LVU99
 133:../STM32CUBEMX/Core/Src/ifr-scope_device.c **** 						{
 441              		.loc 1 133 10 is_stmt 0 view .LVU100
 442 0052 3449     		ldr	r1, .L43+12
ARM GAS  C:\Users\ysl\AppData\Local\Temp\cchUywSe.s 			page 13


 443 0054 6846     		mov	r0, sp
 444 0056 FFF7FEFF 		bl	strcmp
 445              	.LVL43:
 133:../STM32CUBEMX/Core/Src/ifr-scope_device.c **** 						{
 446              		.loc 1 133 9 view .LVU101
 447 005a 40B9     		cbnz	r0, .L38
 135:../STM32CUBEMX/Core/Src/ifr-scope_device.c **** 							HAL_UART_Transmit_DMA(&huart1, (uint8_t*)WFDBG_HANDSHAKE_OK, strlen(WFDBG_HANDSHAKE_OK));
 448              		.loc 1 135 8 is_stmt 1 view .LVU102
 135:../STM32CUBEMX/Core/Src/ifr-scope_device.c **** 							HAL_UART_Transmit_DMA(&huart1, (uint8_t*)WFDBG_HANDSHAKE_OK, strlen(WFDBG_HANDSHAKE_OK));
 449              		.loc 1 135 24 is_stmt 0 view .LVU103
 450 005c 2E4B     		ldr	r3, .L43
 451 005e 0122     		movs	r2, #1
 452 0060 1A70     		strb	r2, [r3]
 136:../STM32CUBEMX/Core/Src/ifr-scope_device.c **** 						}
 453              		.loc 1 136 8 is_stmt 1 view .LVU104
 454 0062 0B22     		movs	r2, #11
 455 0064 3049     		ldr	r1, .L43+16
 456 0066 3148     		ldr	r0, .L43+20
 457 0068 FFF7FEFF 		bl	HAL_UART_Transmit_DMA
 458              	.LVL44:
 459 006c D1E7     		b	.L33
 460              	.L38:
 141:../STM32CUBEMX/Core/Src/ifr-scope_device.c **** 						}
 461              		.loc 1 141 8 view .LVU105
 462 006e 0B22     		movs	r2, #11
 463 0070 2F49     		ldr	r1, .L43+24
 464 0072 2E48     		ldr	r0, .L43+20
 465 0074 FFF7FEFF 		bl	HAL_UART_Transmit_DMA
 466              	.LVL45:
 467 0078 CBE7     		b	.L33
 468              	.L37:
 469              	.LBE7:
 148:../STM32CUBEMX/Core/Src/ifr-scope_device.c **** 				if(time_5ms_count%400==100)
 470              		.loc 1 148 5 view .LVU106
 471 007a 2848     		ldr	r0, .L43+4
 472 007c FFF7FEFF 		bl	DeleteAllQueue
 473              	.LVL46:
 149:../STM32CUBEMX/Core/Src/ifr-scope_device.c **** 				{
 474              		.loc 1 149 5 view .LVU107
 149:../STM32CUBEMX/Core/Src/ifr-scope_device.c **** 				{
 475              		.loc 1 149 22 is_stmt 0 view .LVU108
 476 0080 2C4B     		ldr	r3, .L43+28
 477 0082 1A68     		ldr	r2, [r3]
 478 0084 2C4B     		ldr	r3, .L43+32
 479 0086 A3FB0213 		umull	r1, r3, r3, r2
 480 008a DB09     		lsrs	r3, r3, #7
 481 008c 4FF4C871 		mov	r1, #400
 482 0090 01FB1323 		mls	r3, r1, r3, r2
 149:../STM32CUBEMX/Core/Src/ifr-scope_device.c **** 				{
 483              		.loc 1 149 7 view .LVU109
 484 0094 642B     		cmp	r3, #100
 485 0096 BCD1     		bne	.L33
 151:../STM32CUBEMX/Core/Src/ifr-scope_device.c **** 				}
 486              		.loc 1 151 6 is_stmt 1 view .LVU110
 151:../STM32CUBEMX/Core/Src/ifr-scope_device.c **** 				}
 487              		.loc 1 151 61 is_stmt 0 view .LVU111
 488 0098 284C     		ldr	r4, .L43+36
ARM GAS  C:\Users\ysl\AppData\Local\Temp\cchUywSe.s 			page 14


 489 009a 2046     		mov	r0, r4
 490 009c FFF7FEFF 		bl	strlen
 491              	.LVL47:
 151:../STM32CUBEMX/Core/Src/ifr-scope_device.c **** 				}
 492              		.loc 1 151 6 view .LVU112
 493 00a0 82B2     		uxth	r2, r0
 494 00a2 2146     		mov	r1, r4
 495 00a4 2148     		ldr	r0, .L43+20
 496 00a6 FFF7FEFF 		bl	HAL_UART_Transmit_DMA
 497              	.LVL48:
 498 00aa B2E7     		b	.L33
 499              	.L34:
 159:../STM32CUBEMX/Core/Src/ifr-scope_device.c **** 			{
 500              		.loc 1 159 4 is_stmt 1 view .LVU113
 159:../STM32CUBEMX/Core/Src/ifr-scope_device.c **** 			{
 501              		.loc 1 159 7 is_stmt 0 view .LVU114
 502 00ac 1B48     		ldr	r0, .L43+4
 503 00ae FFF7FEFF 		bl	Find_IFR_Head
 504              	.LVL49:
 159:../STM32CUBEMX/Core/Src/ifr-scope_device.c **** 			{
 505              		.loc 1 159 6 view .LVU115
 506 00b2 40B1     		cbz	r0, .L40
 162:../STM32CUBEMX/Core/Src/ifr-scope_device.c **** 				{
 507              		.loc 1 162 5 is_stmt 1 view .LVU116
 162:../STM32CUBEMX/Core/Src/ifr-scope_device.c **** 				{
 508              		.loc 1 162 8 is_stmt 0 view .LVU117
 509 00b4 1948     		ldr	r0, .L43+4
 510 00b6 FFF7FEFF 		bl	RemoveAQueue
 511              	.LVL50:
 162:../STM32CUBEMX/Core/Src/ifr-scope_device.c **** 				{
 512              		.loc 1 162 7 view .LVU118
 513 00ba 3628     		cmp	r0, #54
 514 00bc A9D1     		bne	.L33
 164:../STM32CUBEMX/Core/Src/ifr-scope_device.c **** 				}
 515              		.loc 1 164 6 is_stmt 1 view .LVU119
 164:../STM32CUBEMX/Core/Src/ifr-scope_device.c **** 				}
 516              		.loc 1 164 22 is_stmt 0 view .LVU120
 517 00be 164B     		ldr	r3, .L43
 518 00c0 0222     		movs	r2, #2
 519 00c2 1A70     		strb	r2, [r3]
 520 00c4 A5E7     		b	.L33
 521              	.L40:
 169:../STM32CUBEMX/Core/Src/ifr-scope_device.c **** 			}
 522              		.loc 1 169 5 is_stmt 1 view .LVU121
 523 00c6 1548     		ldr	r0, .L43+4
 524 00c8 FFF7FEFF 		bl	DeleteAllQueue
 525              	.LVL51:
 526 00cc A1E7     		b	.L33
 527              	.L35:
 207:../STM32CUBEMX/Core/Src/ifr-scope_device.c **** 			{
 528              		.loc 1 207 4 view .LVU122
 207:../STM32CUBEMX/Core/Src/ifr-scope_device.c **** 			{
 529              		.loc 1 207 21 is_stmt 0 view .LVU123
 530 00ce 194B     		ldr	r3, .L43+28
 531 00d0 1A68     		ldr	r2, [r3]
 207:../STM32CUBEMX/Core/Src/ifr-scope_device.c **** 			{
 532              		.loc 1 207 6 view .LVU124
ARM GAS  C:\Users\ysl\AppData\Local\Temp\cchUywSe.s 			page 15


 533 00d2 12F0010F 		tst	r2, #1
 534 00d6 9CD1     		bne	.L33
 209:../STM32CUBEMX/Core/Src/ifr-scope_device.c **** 				FrameData.data[2].point=2.2f;
 535              		.loc 1 209 5 is_stmt 1 view .LVU125
 209:../STM32CUBEMX/Core/Src/ifr-scope_device.c **** 				FrameData.data[2].point=2.2f;
 536              		.loc 1 209 28 is_stmt 0 view .LVU126
 537 00d8 1949     		ldr	r1, .L43+40
 538 00da 1A4B     		ldr	r3, .L43+44
 539 00dc C1F80D30 		str	r3, [r1, #13]	@ unaligned
 210:../STM32CUBEMX/Core/Src/ifr-scope_device.c **** 				FrameData.data[3].point=3.3f;
 540              		.loc 1 210 5 is_stmt 1 view .LVU127
 210:../STM32CUBEMX/Core/Src/ifr-scope_device.c **** 				FrameData.data[3].point=3.3f;
 541              		.loc 1 210 28 is_stmt 0 view .LVU128
 542 00e0 194B     		ldr	r3, .L43+48
 543 00e2 C1F81130 		str	r3, [r1, #17]	@ unaligned
 211:../STM32CUBEMX/Core/Src/ifr-scope_device.c **** 				FrameData.data[4].point=time_5ms_count%1000;
 544              		.loc 1 211 5 is_stmt 1 view .LVU129
 211:../STM32CUBEMX/Core/Src/ifr-scope_device.c **** 				FrameData.data[4].point=time_5ms_count%1000;
 545              		.loc 1 211 28 is_stmt 0 view .LVU130
 546 00e6 194B     		ldr	r3, .L43+52
 547 00e8 C1F81530 		str	r3, [r1, #21]	@ unaligned
 212:../STM32CUBEMX/Core/Src/ifr-scope_device.c **** 				HAL_UART_Transmit_DMA(&huart1, (uint8_t*)&FrameData, sizeof(FrameData));
 548              		.loc 1 212 5 is_stmt 1 view .LVU131
 212:../STM32CUBEMX/Core/Src/ifr-scope_device.c **** 				HAL_UART_Transmit_DMA(&huart1, (uint8_t*)&FrameData, sizeof(FrameData));
 549              		.loc 1 212 43 is_stmt 0 view .LVU132
 550 00ec 184B     		ldr	r3, .L43+56
 551 00ee A3FB0203 		umull	r0, r3, r3, r2
 552 00f2 9B09     		lsrs	r3, r3, #6
 553 00f4 4FF47A70 		mov	r0, #1000
 554 00f8 00FB1323 		mls	r3, r0, r3, r2
 212:../STM32CUBEMX/Core/Src/ifr-scope_device.c **** 				HAL_UART_Transmit_DMA(&huart1, (uint8_t*)&FrameData, sizeof(FrameData));
 555              		.loc 1 212 28 view .LVU133
 556 00fc 07EE903A 		vmov	s15, r3	@ int
 557 0100 F8EE677A 		vcvt.f32.u32	s15, s15
 558 0104 17EE903A 		vmov	r3, s15
 559 0108 C1F81930 		str	r3, [r1, #25]	@ unaligned
 213:../STM32CUBEMX/Core/Src/ifr-scope_device.c **** 			}
 560              		.loc 1 213 5 is_stmt 1 view .LVU134
 561 010c 5E22     		movs	r2, #94
 562 010e 0748     		ldr	r0, .L43+20
 563 0110 FFF7FEFF 		bl	HAL_UART_Transmit_DMA
 564              	.LVL52:
 565              		.loc 1 218 1 is_stmt 0 view .LVU135
 566 0114 7DE7     		b	.L33
 567              	.L44:
 568 0116 00BF     		.align	2
 569              	.L43:
 570 0118 00000000 		.word	.LANCHOR1
 571 011c 00000000 		.word	USART1_Software_FIFO
 572 0120 00000000 		.word	.LANCHOR2
 573 0124 00000000 		.word	.LANCHOR3
 574 0128 00000000 		.word	.LANCHOR4
 575 012c 00000000 		.word	huart1
 576 0130 00000000 		.word	.LANCHOR5
 577 0134 00000000 		.word	time_5ms_count
 578 0138 1F85EB51 		.word	1374389535
 579 013c 00000000 		.word	.LANCHOR6
ARM GAS  C:\Users\ysl\AppData\Local\Temp\cchUywSe.s 			page 16


 580 0140 00000000 		.word	.LANCHOR7
 581 0144 CDCC8C3F 		.word	1066192077
 582 0148 CDCC0C40 		.word	1074580685
 583 014c 33335340 		.word	1079194419
 584 0150 D34D6210 		.word	274877907
 585              		.cfi_endproc
 586              	.LFE239:
 588              		.global	ReceiveData
 589              		.global	FrameData
 590              		.global	WFDBG_DATA_MASK
 591              		.global	WFDBG_HANDSHAKE_Fail
 592              		.global	WFDBG_HANDSHAKE_OK
 593              		.global	WFDBG_HANDSHAKE_KEY
 594              		.global	WFDBG_HANDSHAKE_HEAD
 595              		.global	WFDBG_STA
 596              		.global	WFDBG_IM
 597              		.global	WFDBG_REP_DCY2
 598              		.global	WFDBG_REP_DCY1
 599              		.global	WFDBG_END
 600              		.global	WFDBG_HEAD
 601              		.global	WFDBG_REPDCY
 602              		.global	WFDBG_HANDSHAKE
 603              		.global	WFDBG_REP_DESCRI
 604              		.global	IFRScopeRunState
 605              		.section	.bss.IFRScopeRunState,"aw",%nobits
 606              		.set	.LANCHOR1,. + 0
 609              	IFRScopeRunState:
 610 0000 00       		.space	1
 611              		.section	.bss.ReceiveData,"aw",%nobits
 612              		.align	2
 615              	ReceiveData:
 616 0000 00000000 		.space	40
 616      00000000 
 616      00000000 
 616      00000000 
 616      00000000 
 617              		.section	.data.FrameData,"aw"
 618              		.align	2
 619              		.set	.LANCHOR7,. + 0
 622              	FrameData:
 623 0000 23494652 		.ascii	"#IFR=7:"
 623      3D373A
 624 0007 00       		.space	1
 625 0008 3D       		.byte	61
 626 0009 00000000 		.space	80
 626      00000000 
 626      00000000 
 626      00000000 
 626      00000000 
 627 0059 3B23454E 		.ascii	";#END"
 627      44
 628              		.section	.data.WFDBG_HANDSHAKE,"aw"
 629              		.align	2
 630              		.set	.LANCHOR3,. + 0
 633              	WFDBG_HANDSHAKE:
 634 0000 49465230 		.ascii	"IFR00\000"
 634      3000
ARM GAS  C:\Users\ysl\AppData\Local\Temp\cchUywSe.s 			page 17


 635              		.section	.data.WFDBG_REPDCY,"aw"
 636              		.align	2
 637              		.set	.LANCHOR6,. + 0
 640              	WFDBG_REPDCY:
 641 0000 23494652 		.ascii	"#IFR=1:IM=Banlance-1;STA=1;#END\000"
 641      3D313A49 
 641      4D3D4261 
 641      6E6C616E 
 641      63652D31 
 642              		.section	.data.WFDBG_REP_DESCRI,"aw"
 643              		.align	2
 646              	WFDBG_REP_DESCRI:
 647 0000 42616E6C 		.ascii	"Banlance-1\000"
 647      616E6365 
 647      2D3100
 648 000b 00000000 		.space	4
 649              		.section	.rodata.WFDBG_DATA_MASK,"a"
 650              		.align	2
 653              	WFDBG_DATA_MASK:
 654 0000 4D41534B 		.ascii	"MASK=\000"
 654      3D00
 655              		.section	.rodata.WFDBG_END,"a"
 656              		.align	2
 659              	WFDBG_END:
 660 0000 23454E44 		.ascii	"#END\000"
 660      00
 661              		.section	.rodata.WFDBG_HANDSHAKE_Fail,"a"
 662              		.align	2
 663              		.set	.LANCHOR5,. + 0
 666              	WFDBG_HANDSHAKE_Fail:
 667 0000 23494652 		.ascii	"#IFR=a:#END\000"
 667      3D613A23 
 667      454E4400 
 668              		.section	.rodata.WFDBG_HANDSHAKE_HEAD,"a"
 669              		.align	2
 672              	WFDBG_HANDSHAKE_HEAD:
 673 0000 23494652 		.ascii	"#IFR=_:\000"
 673      3D5F3A00 
 674              		.section	.rodata.WFDBG_HANDSHAKE_KEY,"a"
 675              		.align	2
 676              		.set	.LANCHOR2,. + 0
 679              	WFDBG_HANDSHAKE_KEY:
 680 0000 4B45593D 		.ascii	"KEY=\000"
 680      00
 681              		.section	.rodata.WFDBG_HANDSHAKE_OK,"a"
 682              		.align	2
 683              		.set	.LANCHOR4,. + 0
 686              	WFDBG_HANDSHAKE_OK:
 687 0000 23494652 		.ascii	"#IFR=`:#END\000"
 687      3D603A23 
 687      454E4400 
 688              		.section	.rodata.WFDBG_HEAD,"a"
 689              		.align	2
 690              		.set	.LANCHOR0,. + 0
 693              	WFDBG_HEAD:
 694 0000 23494652 		.ascii	"#IFR=\000"
 694      3D00
ARM GAS  C:\Users\ysl\AppData\Local\Temp\cchUywSe.s 			page 18


 695              		.section	.rodata.WFDBG_IM,"a"
 696              		.align	2
 699              	WFDBG_IM:
 700 0000 494D3D00 		.ascii	"IM=\000"
 701              		.section	.rodata.WFDBG_REP_DCY1,"a"
 702              		.align	2
 705              	WFDBG_REP_DCY1:
 706 0000 23494652 		.ascii	"#IFR=1:IM=\000"
 706      3D313A49 
 706      4D3D00
 707              		.section	.rodata.WFDBG_REP_DCY2,"a"
 708              		.align	2
 711              	WFDBG_REP_DCY2:
 712 0000 3B535441 		.ascii	";STA=1;#END\000"
 712      3D313B23 
 712      454E4400 
 713              		.section	.rodata.WFDBG_STA,"a"
 714              		.align	2
 717              	WFDBG_STA:
 718 0000 5354413D 		.ascii	"STA=\000"
 718      00
 719              		.text
 720              	.Letext0:
 721              		.file 2 "c:\\program files (x86)\\arm gnu toolchain arm-none-eabi\\11.2 2022.02\\arm-none-eabi\\in
 722              		.file 3 "c:\\program files (x86)\\arm gnu toolchain arm-none-eabi\\11.2 2022.02\\arm-none-eabi\\in
 723              		.file 4 "../STM32CUBEMX/Drivers/CMSIS/Device/ST/STM32F4xx/Include/stm32f405xx.h"
 724              		.file 5 "c:\\program files (x86)\\arm gnu toolchain arm-none-eabi\\11.2 2022.02\\lib\\gcc\\arm-non
 725              		.file 6 "../STM32CUBEMX/Drivers/STM32F4xx_HAL_Driver/Inc/stm32f4xx_hal_def.h"
 726              		.file 7 "../STM32CUBEMX/Drivers/STM32F4xx_HAL_Driver/Inc/stm32f4xx_hal_dma.h"
 727              		.file 8 "../STM32CUBEMX/Drivers/STM32F4xx_HAL_Driver/Inc/stm32f4xx_hal_uart.h"
 728              		.file 9 "../STM32CUBEMX/Core/Inc/ifr-scope_device.h"
 729              		.file 10 "../STM32CUBEMX/Core/Src/uart_fifo.h"
 730              		.file 11 "../STM32CUBEMX/Core/Inc/usart.h"
 731              		.file 12 "c:\\program files (x86)\\arm gnu toolchain arm-none-eabi\\11.2 2022.02\\arm-none-eabi\\i
ARM GAS  C:\Users\ysl\AppData\Local\Temp\cchUywSe.s 			page 19


DEFINED SYMBOLS
                            *ABS*:00000000 ifr-scope_device.c
C:\Users\ysl\AppData\Local\Temp\cchUywSe.s:20     .text.Compare_QueryQueue:00000000 $t
C:\Users\ysl\AppData\Local\Temp\cchUywSe.s:26     .text.Compare_QueryQueue:00000000 Compare_QueryQueue
C:\Users\ysl\AppData\Local\Temp\cchUywSe.s:119    .text.Get_Str_IndexOf:00000000 $t
C:\Users\ysl\AppData\Local\Temp\cchUywSe.s:125    .text.Get_Str_IndexOf:00000000 Get_Str_IndexOf
C:\Users\ysl\AppData\Local\Temp\cchUywSe.s:164    .text.Get_Str_IndexOfQueue:00000000 $t
C:\Users\ysl\AppData\Local\Temp\cchUywSe.s:170    .text.Get_Str_IndexOfQueue:00000000 Get_Str_IndexOfQueue
C:\Users\ysl\AppData\Local\Temp\cchUywSe.s:292    .text.Find_IFR_Head:00000000 $t
C:\Users\ysl\AppData\Local\Temp\cchUywSe.s:298    .text.Find_IFR_Head:00000000 Find_IFR_Head
C:\Users\ysl\AppData\Local\Temp\cchUywSe.s:353    .text.Find_IFR_Head:0000002c $d
C:\Users\ysl\AppData\Local\Temp\cchUywSe.s:359    .text.IFR_Scope_Main:00000000 $t
C:\Users\ysl\AppData\Local\Temp\cchUywSe.s:365    .text.IFR_Scope_Main:00000000 IFR_Scope_Main
C:\Users\ysl\AppData\Local\Temp\cchUywSe.s:570    .text.IFR_Scope_Main:00000118 $d
C:\Users\ysl\AppData\Local\Temp\cchUywSe.s:615    .bss.ReceiveData:00000000 ReceiveData
C:\Users\ysl\AppData\Local\Temp\cchUywSe.s:622    .data.FrameData:00000000 FrameData
C:\Users\ysl\AppData\Local\Temp\cchUywSe.s:653    .rodata.WFDBG_DATA_MASK:00000000 WFDBG_DATA_MASK
C:\Users\ysl\AppData\Local\Temp\cchUywSe.s:666    .rodata.WFDBG_HANDSHAKE_Fail:00000000 WFDBG_HANDSHAKE_Fail
C:\Users\ysl\AppData\Local\Temp\cchUywSe.s:686    .rodata.WFDBG_HANDSHAKE_OK:00000000 WFDBG_HANDSHAKE_OK
C:\Users\ysl\AppData\Local\Temp\cchUywSe.s:679    .rodata.WFDBG_HANDSHAKE_KEY:00000000 WFDBG_HANDSHAKE_KEY
C:\Users\ysl\AppData\Local\Temp\cchUywSe.s:672    .rodata.WFDBG_HANDSHAKE_HEAD:00000000 WFDBG_HANDSHAKE_HEAD
C:\Users\ysl\AppData\Local\Temp\cchUywSe.s:717    .rodata.WFDBG_STA:00000000 WFDBG_STA
C:\Users\ysl\AppData\Local\Temp\cchUywSe.s:699    .rodata.WFDBG_IM:00000000 WFDBG_IM
C:\Users\ysl\AppData\Local\Temp\cchUywSe.s:711    .rodata.WFDBG_REP_DCY2:00000000 WFDBG_REP_DCY2
C:\Users\ysl\AppData\Local\Temp\cchUywSe.s:705    .rodata.WFDBG_REP_DCY1:00000000 WFDBG_REP_DCY1
C:\Users\ysl\AppData\Local\Temp\cchUywSe.s:659    .rodata.WFDBG_END:00000000 WFDBG_END
C:\Users\ysl\AppData\Local\Temp\cchUywSe.s:693    .rodata.WFDBG_HEAD:00000000 WFDBG_HEAD
C:\Users\ysl\AppData\Local\Temp\cchUywSe.s:640    .data.WFDBG_REPDCY:00000000 WFDBG_REPDCY
C:\Users\ysl\AppData\Local\Temp\cchUywSe.s:633    .data.WFDBG_HANDSHAKE:00000000 WFDBG_HANDSHAKE
C:\Users\ysl\AppData\Local\Temp\cchUywSe.s:646    .data.WFDBG_REP_DESCRI:00000000 WFDBG_REP_DESCRI
C:\Users\ysl\AppData\Local\Temp\cchUywSe.s:609    .bss.IFRScopeRunState:00000000 IFRScopeRunState
C:\Users\ysl\AppData\Local\Temp\cchUywSe.s:610    .bss.IFRScopeRunState:00000000 $d
C:\Users\ysl\AppData\Local\Temp\cchUywSe.s:612    .bss.ReceiveData:00000000 $d
C:\Users\ysl\AppData\Local\Temp\cchUywSe.s:618    .data.FrameData:00000000 $d
C:\Users\ysl\AppData\Local\Temp\cchUywSe.s:629    .data.WFDBG_HANDSHAKE:00000000 $d
C:\Users\ysl\AppData\Local\Temp\cchUywSe.s:636    .data.WFDBG_REPDCY:00000000 $d
C:\Users\ysl\AppData\Local\Temp\cchUywSe.s:643    .data.WFDBG_REP_DESCRI:00000000 $d
C:\Users\ysl\AppData\Local\Temp\cchUywSe.s:650    .rodata.WFDBG_DATA_MASK:00000000 $d
C:\Users\ysl\AppData\Local\Temp\cchUywSe.s:656    .rodata.WFDBG_END:00000000 $d
C:\Users\ysl\AppData\Local\Temp\cchUywSe.s:662    .rodata.WFDBG_HANDSHAKE_Fail:00000000 $d
C:\Users\ysl\AppData\Local\Temp\cchUywSe.s:669    .rodata.WFDBG_HANDSHAKE_HEAD:00000000 $d
C:\Users\ysl\AppData\Local\Temp\cchUywSe.s:675    .rodata.WFDBG_HANDSHAKE_KEY:00000000 $d
C:\Users\ysl\AppData\Local\Temp\cchUywSe.s:682    .rodata.WFDBG_HANDSHAKE_OK:00000000 $d
C:\Users\ysl\AppData\Local\Temp\cchUywSe.s:689    .rodata.WFDBG_HEAD:00000000 $d
C:\Users\ysl\AppData\Local\Temp\cchUywSe.s:696    .rodata.WFDBG_IM:00000000 $d
C:\Users\ysl\AppData\Local\Temp\cchUywSe.s:702    .rodata.WFDBG_REP_DCY1:00000000 $d
C:\Users\ysl\AppData\Local\Temp\cchUywSe.s:708    .rodata.WFDBG_REP_DCY2:00000000 $d
C:\Users\ysl\AppData\Local\Temp\cchUywSe.s:714    .rodata.WFDBG_STA:00000000 $d

UNDEFINED SYMBOLS
strlen
GetQueueReadCount
QueryAQueue
strstr
RemoveAQueue
DeleteQueue
USART1_Software_FIFO
ARM GAS  C:\Users\ysl\AppData\Local\Temp\cchUywSe.s 			page 20


RemoveQueue
strcmp
HAL_UART_Transmit_DMA
DeleteAllQueue
huart1
time_5ms_count
