ARM GAS  C:\Users\ysl\AppData\Local\Temp\ccxXEK9e.s 			page 1


   1              		.cpu cortex-m4
   2              		.arch armv7e-m
   3              		.fpu fpv4-sp-d16
   4              		.eabi_attribute 27, 1
   5              		.eabi_attribute 28, 1
   6              		.eabi_attribute 20, 1
   7              		.eabi_attribute 21, 1
   8              		.eabi_attribute 23, 3
   9              		.eabi_attribute 24, 1
  10              		.eabi_attribute 25, 1
  11              		.eabi_attribute 26, 1
  12              		.eabi_attribute 30, 1
  13              		.eabi_attribute 34, 1
  14              		.eabi_attribute 18, 4
  15              		.file	"main.c"
  16              		.text
  17              	.Ltext0:
  18              		.cfi_sections	.debug_frame
  19              		.section	.text.timer_5ms_callback,"ax",%progbits
  20              		.align	1
  21              		.global	timer_5ms_callback
  22              		.syntax unified
  23              		.thumb
  24              		.thumb_func
  26              	timer_5ms_callback:
  27              	.LFB238:
  28              		.file 1 "main.c"
   1:main.c        **** /* USER CODE BEGIN Header */
   2:main.c        **** /**
   3:main.c        ****  ******************************************************************************
   4:main.c        ****  * @file           : main.c
   5:main.c        ****  * @brief          : Main program body
   6:main.c        ****  ******************************************************************************
   7:main.c        ****  * @attention
   8:main.c        ****  *
   9:main.c        ****  * Copyright (c) 2022 STMicroelectronics.
  10:main.c        ****  * All rights reserved.
  11:main.c        ****  *
  12:main.c        ****  * This software is licensed under terms that can be found in the LICENSE file
  13:main.c        ****  * in the root directory of this software component.
  14:main.c        ****  * If no LICENSE file comes with this software, it is provided AS-IS.
  15:main.c        ****  *
  16:main.c        ****  ******************************************************************************
  17:main.c        ****  */
  18:main.c        **** /* USER CODE END Header */
  19:main.c        **** /* Includes ------------------------------------------------------------------*/
  20:main.c        **** 
  21:main.c        **** #include "main.h"
  22:main.c        **** #include "adc.h"
  23:main.c        **** #include "dma.h"
  24:main.c        **** #include "tim.h"
  25:main.c        **** #include "usart.h"
  26:main.c        **** #include "gpio.h"
  27:main.c        **** 
  28:main.c        **** /* Private includes ----------------------------------------------------------*/
  29:main.c        **** /* USER CODE BEGIN Includes */
  30:main.c        **** #include "stdio.h"
ARM GAS  C:\Users\ysl\AppData\Local\Temp\ccxXEK9e.s 			page 2


  31:main.c        **** #include "angle_led.h"
  32:main.c        **** #include "rtwtypes.h"
  33:main.c        **** 
  34:main.c        **** /* USER CODE END Includes */
  35:main.c        **** 
  36:main.c        **** /* Private typedef -----------------------------------------------------------*/
  37:main.c        **** /* USER CODE BEGIN PTD */
  38:main.c        **** 
  39:main.c        **** /* USER CODE END PTD */
  40:main.c        **** 
  41:main.c        **** /* Private define ------------------------------------------------------------*/
  42:main.c        **** /* USER CODE BEGIN PD */
  43:main.c        **** /* USER CODE END PD */
  44:main.c        **** 
  45:main.c        **** /* Private macro -------------------------------------------------------------*/
  46:main.c        **** /* USER CODE BEGIN PM */
  47:main.c        **** 
  48:main.c        **** /* USER CODE END PM */
  49:main.c        **** 
  50:main.c        **** /* Private variables ---------------------------------------------------------*/
  51:main.c        **** 
  52:main.c        **** /* USER CODE BEGIN PV */
  53:main.c        **** extern volatile uint32_t simulinkRunFlag[2];
  54:main.c        **** uint32_t simulinkOverrunCount= 0;
  55:main.c        **** //When the step funtion runs out of cycle time, simulinkRunFlag>1, and simulinkOverrunCount will in
  56:main.c        **** extern int16_t HI226_Angle[3];
  57:main.c        **** extern int16_t HI226_AngleV[3];
  58:main.c        **** extern uint16_t adc_rawvalue[2][5];
  59:main.c        **** volatile uint16_t adc1_DMAData[10]= { 0 };
  60:main.c        **** 
  61:main.c        **** volatile uint16_t adc2_DMAData[10]= { 0 };
  62:main.c        **** 
  63:main.c        **** uint8_t Uart3DMABuffer[UART3DMA_RXBUFFER_SIZE]= { 0 };
  64:main.c        **** 
  65:main.c        **** int32_t time2_enc[2]= { 0 };
  66:main.c        **** 
  67:main.c        **** int32_t time5_enc[2]= { 0 };
  68:main.c        **** 
  69:main.c        **** int32_t motor1_speed= 0;
  70:main.c        **** int32_t motor2_speed= 0;
  71:main.c        **** unsigned int time_1ms_count= 0;
  72:main.c        **** int16_t motor1_PwmData= 0;
  73:main.c        **** int16_t motor2_PwmData= 0;
  74:main.c        **** uint8_t led_data= 0;
  75:main.c        **** uint8_t ws2812_data[3]= { 0 };
  76:main.c        **** 
  77:main.c        **** /* USER CODE END PV */
  78:main.c        **** 
  79:main.c        **** /* Private function prototypes -----------------------------------------------*/
  80:main.c        **** void SystemClock_Config(void);
  81:main.c        **** 
  82:main.c        **** /* USER CODE BEGIN PFP */
  83:main.c        **** static inline void simulinkInputRefresh(void);
  84:main.c        **** static inline void simulinkOutputProcess(void);
  85:main.c        **** 
  86:main.c        **** /* USER CODE END PFP */
  87:main.c        **** 
ARM GAS  C:\Users\ysl\AppData\Local\Temp\ccxXEK9e.s 			page 3


  88:main.c        **** /* Private user code ---------------------------------------------------------*/
  89:main.c        **** /* USER CODE BEGIN 0 */
  90:main.c        **** int32_t adcrunfreq[2]= { 0 };
  91:main.c        **** 
  92:main.c        **** extern uint16_t HI226_FreqCount;
  93:main.c        **** uint16_t HI226_Freq= 0;
  94:main.c        **** void timer_5ms_callback(void)
  95:main.c        **** {
  29              		.loc 1 95 1 view -0
  30              		.cfi_startproc
  31              		@ args = 0, pretend = 0, frame = 0
  32              		@ frame_needed = 0, uses_anonymous_args = 0
  33              		@ link register save eliminated.
  34 0000 30B4     		push	{r4, r5}
  35              	.LCFI0:
  36              		.cfi_def_cfa_offset 8
  37              		.cfi_offset 4, -8
  38              		.cfi_offset 5, -4
  96:main.c        ****   time_1ms_count++;
  39              		.loc 1 96 3 view .LVU1
  40              		.loc 1 96 17 is_stmt 0 view .LVU2
  41 0002 1D4B     		ldr	r3, .L5
  42 0004 1A68     		ldr	r2, [r3]
  43 0006 0132     		adds	r2, r2, #1
  44 0008 1A60     		str	r2, [r3]
  97:main.c        ****   if (time_1ms_count%1000==0) {
  45              		.loc 1 97 3 is_stmt 1 view .LVU3
  46              		.loc 1 97 21 is_stmt 0 view .LVU4
  47 000a 1C4B     		ldr	r3, .L5+4
  48 000c A3FB0213 		umull	r1, r3, r3, r2
  49 0010 9B09     		lsrs	r3, r3, #6
  50 0012 4FF47A71 		mov	r1, #1000
  51 0016 01FB1323 		mls	r3, r1, r3, r2
  52              		.loc 1 97 6 view .LVU5
  53 001a 6BB9     		cbnz	r3, .L2
  98:main.c        ****     adcrunfreq[0]= simulinkRunFlag[0];
  54              		.loc 1 98 5 is_stmt 1 view .LVU6
  55              		.loc 1 98 35 is_stmt 0 view .LVU7
  56 001c 184B     		ldr	r3, .L5+8
  57 001e 1868     		ldr	r0, [r3]
  58              		.loc 1 98 18 view .LVU8
  59 0020 1849     		ldr	r1, .L5+12
  60 0022 0860     		str	r0, [r1]
  99:main.c        ****     adcrunfreq[1]= simulinkRunFlag[1];
  61              		.loc 1 99 5 is_stmt 1 view .LVU9
  62              		.loc 1 99 35 is_stmt 0 view .LVU10
  63 0024 5868     		ldr	r0, [r3, #4]
  64              		.loc 1 99 18 view .LVU11
  65 0026 4860     		str	r0, [r1, #4]
 100:main.c        ****     simulinkRunFlag[0]= 0;
  66              		.loc 1 100 5 is_stmt 1 view .LVU12
  67              		.loc 1 100 23 is_stmt 0 view .LVU13
  68 0028 0021     		movs	r1, #0
  69 002a 1960     		str	r1, [r3]
 101:main.c        ****     simulinkRunFlag[1]= 0;
  70              		.loc 1 101 5 is_stmt 1 view .LVU14
  71              		.loc 1 101 23 is_stmt 0 view .LVU15
ARM GAS  C:\Users\ysl\AppData\Local\Temp\ccxXEK9e.s 			page 4


  72 002c 5960     		str	r1, [r3, #4]
 102:main.c        ****     HI226_Freq= HI226_FreqCount;
  73              		.loc 1 102 5 is_stmt 1 view .LVU16
  74              		.loc 1 102 15 is_stmt 0 view .LVU17
  75 002e 164B     		ldr	r3, .L5+16
  76 0030 1C88     		ldrh	r4, [r3]
  77 0032 1648     		ldr	r0, .L5+20
  78 0034 0480     		strh	r4, [r0]	@ movhi
 103:main.c        ****     HI226_FreqCount= 0;
  79              		.loc 1 103 5 is_stmt 1 view .LVU18
  80              		.loc 1 103 20 is_stmt 0 view .LVU19
  81 0036 1980     		strh	r1, [r3]	@ movhi
  82              	.L2:
 104:main.c        **** 
 105:main.c        ****     //HAL_GPIO_TogglePin(USER_LED_GPIO_Port,USER_LED_Pin);
 106:main.c        ****   }
 107:main.c        **** 
 108:main.c        ****   if (time_1ms_count%10==0) {
  83              		.loc 1 108 3 is_stmt 1 view .LVU20
  84              		.loc 1 108 21 is_stmt 0 view .LVU21
  85 0038 154B     		ldr	r3, .L5+24
  86 003a A3FB0213 		umull	r1, r3, r3, r2
  87 003e DB08     		lsrs	r3, r3, #3
  88 0040 03EB8303 		add	r3, r3, r3, lsl #2
  89 0044 5900     		lsls	r1, r3, #1
  90              		.loc 1 108 6 view .LVU22
  91 0046 8A42     		cmp	r2, r1
  92 0048 13D1     		bne	.L1
 109:main.c        ****     time2_enc[0]= (int32_t)(__HAL_TIM_GetCounter(&htim2));
  93              		.loc 1 109 5 is_stmt 1 view .LVU23
  94              		.loc 1 109 29 is_stmt 0 view .LVU24
  95 004a 124B     		ldr	r3, .L5+28
  96 004c 1B68     		ldr	r3, [r3]
  97 004e 5A6A     		ldr	r2, [r3, #36]
  98              		.loc 1 109 17 view .LVU25
  99 0050 114B     		ldr	r3, .L5+32
 100 0052 1A60     		str	r2, [r3]
 110:main.c        ****     time5_enc[0]= (int32_t)(__HAL_TIM_GetCounter(&htim5));
 101              		.loc 1 110 5 is_stmt 1 view .LVU26
 102              		.loc 1 110 29 is_stmt 0 view .LVU27
 103 0054 1149     		ldr	r1, .L5+36
 104 0056 0968     		ldr	r1, [r1]
 105 0058 486A     		ldr	r0, [r1, #36]
 106              		.loc 1 110 17 view .LVU28
 107 005a 1149     		ldr	r1, .L5+40
 108 005c 0860     		str	r0, [r1]
 111:main.c        ****     motor1_speed= time5_enc[0]-time5_enc[1];
 109              		.loc 1 111 5 is_stmt 1 view .LVU29
 110              		.loc 1 111 41 is_stmt 0 view .LVU30
 111 005e 4C68     		ldr	r4, [r1, #4]
 112              		.loc 1 111 31 view .LVU31
 113 0060 041B     		subs	r4, r0, r4
 114              		.loc 1 111 17 view .LVU32
 115 0062 104D     		ldr	r5, .L5+44
 116 0064 2C60     		str	r4, [r5]
 112:main.c        ****     motor2_speed= time2_enc[0]-time2_enc[1];
 117              		.loc 1 112 5 is_stmt 1 view .LVU33
ARM GAS  C:\Users\ysl\AppData\Local\Temp\ccxXEK9e.s 			page 5


 118              		.loc 1 112 41 is_stmt 0 view .LVU34
 119 0066 5C68     		ldr	r4, [r3, #4]
 120              		.loc 1 112 31 view .LVU35
 121 0068 141B     		subs	r4, r2, r4
 122              		.loc 1 112 17 view .LVU36
 123 006a 0F4D     		ldr	r5, .L5+48
 124 006c 2C60     		str	r4, [r5]
 113:main.c        ****     time5_enc[1]= time5_enc[0];
 125              		.loc 1 113 5 is_stmt 1 view .LVU37
 126              		.loc 1 113 17 is_stmt 0 view .LVU38
 127 006e 4860     		str	r0, [r1, #4]
 114:main.c        ****     time2_enc[1]= time2_enc[0];
 128              		.loc 1 114 5 is_stmt 1 view .LVU39
 129              		.loc 1 114 17 is_stmt 0 view .LVU40
 130 0070 5A60     		str	r2, [r3, #4]
 131              	.L1:
 115:main.c        ****   }
 116:main.c        **** }
 132              		.loc 1 116 1 view .LVU41
 133 0072 30BC     		pop	{r4, r5}
 134              	.LCFI1:
 135              		.cfi_restore 5
 136              		.cfi_restore 4
 137              		.cfi_def_cfa_offset 0
 138 0074 7047     		bx	lr
 139              	.L6:
 140 0076 00BF     		.align	2
 141              	.L5:
 142 0078 00000000 		.word	.LANCHOR0
 143 007c D34D6210 		.word	274877907
 144 0080 00000000 		.word	simulinkRunFlag
 145 0084 00000000 		.word	.LANCHOR1
 146 0088 00000000 		.word	HI226_FreqCount
 147 008c 00000000 		.word	.LANCHOR2
 148 0090 CDCCCCCC 		.word	-858993459
 149 0094 00000000 		.word	htim2
 150 0098 00000000 		.word	.LANCHOR3
 151 009c 00000000 		.word	htim5
 152 00a0 00000000 		.word	.LANCHOR4
 153 00a4 00000000 		.word	.LANCHOR5
 154 00a8 00000000 		.word	.LANCHOR6
 155              		.cfi_endproc
 156              	.LFE238:
 158              		.section	.text.Deinit_ALL,"ax",%progbits
 159              		.align	1
 160              		.global	Deinit_ALL
 161              		.syntax unified
 162              		.thumb
 163              		.thumb_func
 165              	Deinit_ALL:
 166              	.LFB241:
 117:main.c        **** 
 118:main.c        **** static inline void simulinkInputRefresh(void)
 119:main.c        **** {
 120:main.c        ****   //__disable_irq();  /* Disable global interrupt, Access to the critical zone*/
 121:main.c        **** 
 122:main.c        ****   //__enable_irq();    /*  Enable global interrupt */
ARM GAS  C:\Users\ysl\AppData\Local\Temp\ccxXEK9e.s 			page 6


 123:main.c        **** }
 124:main.c        **** 
 125:main.c        **** static inline void simulinkOutputProcess(void)
 126:main.c        **** {
 127:main.c        ****   motor1_PwmData= motor1_PwmData>4200?4200:motor1_PwmData;
 128:main.c        ****   motor1_PwmData= motor1_PwmData<-4200?-4200:motor1_PwmData;
 129:main.c        ****   if (motor1_PwmData>0)                //forward T9C1(IN1)=1 T9C2(IN2)=0
 130:main.c        ****   {                                    //low decay
 131:main.c        ****     __HAL_TIM_SetCompare(&htim3, TIM_CHANNEL_2, 4200);
 132:main.c        ****     __HAL_TIM_SetCompare(&htim3, TIM_CHANNEL_1, 4200-motor1_PwmData);
 133:main.c        ****   } else {
 134:main.c        ****     __HAL_TIM_SetCompare(&htim3, TIM_CHANNEL_1, 4200);
 135:main.c        ****     __HAL_TIM_SetCompare(&htim3, TIM_CHANNEL_2, 4200+motor1_PwmData);
 136:main.c        ****   }
 137:main.c        **** 
 138:main.c        ****   motor2_PwmData= motor2_PwmData>4200?4200:motor2_PwmData;
 139:main.c        ****   motor2_PwmData= motor2_PwmData<-4200?-4200:motor2_PwmData;
 140:main.c        ****   if (motor2_PwmData>0)                //forward T9C1(IN1)=1 T9C2(IN2)=0
 141:main.c        ****   {                                    //low decay
 142:main.c        ****     __HAL_TIM_SetCompare(&htim8, TIM_CHANNEL_2, 4200);
 143:main.c        ****     __HAL_TIM_SetCompare(&htim8, TIM_CHANNEL_1, 4200-motor2_PwmData);
 144:main.c        ****   } else {
 145:main.c        ****     __HAL_TIM_SetCompare(&htim8, TIM_CHANNEL_1, 4200);
 146:main.c        ****     __HAL_TIM_SetCompare(&htim8, TIM_CHANNEL_2, 4200+motor2_PwmData);
 147:main.c        ****   }
 148:main.c        **** 
 149:main.c        ****   //	if(motor1_PwmData>0)	//forward T9C1(IN1)=1 T9C2(IN2)=0
 150:main.c        ****   //	{//fast decay
 151:main.c        ****   //		__HAL_TIM_SetCompare(&htim3, TIM_CHANNEL_2, 0);
 152:main.c        ****   //		__HAL_TIM_SetCompare(&htim3, TIM_CHANNEL_1, motor1_PwmData);
 153:main.c        ****   //	}
 154:main.c        ****   //	else
 155:main.c        ****   //	{
 156:main.c        ****   //		__HAL_TIM_SetCompare(&htim3, TIM_CHANNEL_1, 0);
 157:main.c        ****   //		__HAL_TIM_SetCompare(&htim3, TIM_CHANNEL_2, -motor1_PwmData);
 158:main.c        ****   //	}
 159:main.c        **** }
 160:main.c        **** 
 161:main.c        **** void Deinit_ALL(void)
 162:main.c        **** {
 167              		.loc 1 162 1 is_stmt 1 view -0
 168              		.cfi_startproc
 169              		@ args = 0, pretend = 0, frame = 0
 170              		@ frame_needed = 0, uses_anonymous_args = 0
 171 0000 08B5     		push	{r3, lr}
 172              	.LCFI2:
 173              		.cfi_def_cfa_offset 8
 174              		.cfi_offset 3, -8
 175              		.cfi_offset 14, -4
 163:main.c        ****   HAL_TIM_Base_MspDeInit(&htim2);
 176              		.loc 1 163 3 view .LVU43
 177 0002 1448     		ldr	r0, .L9
 178 0004 FFF7FEFF 		bl	HAL_TIM_Base_MspDeInit
 179              	.LVL0:
 164:main.c        ****   HAL_TIM_Base_MspDeInit(&htim3);
 180              		.loc 1 164 3 view .LVU44
 181 0008 1348     		ldr	r0, .L9+4
ARM GAS  C:\Users\ysl\AppData\Local\Temp\ccxXEK9e.s 			page 7


 182 000a FFF7FEFF 		bl	HAL_TIM_Base_MspDeInit
 183              	.LVL1:
 165:main.c        ****   HAL_TIM_Base_MspDeInit(&htim4);
 184              		.loc 1 165 3 view .LVU45
 185 000e 1348     		ldr	r0, .L9+8
 186 0010 FFF7FEFF 		bl	HAL_TIM_Base_MspDeInit
 187              	.LVL2:
 166:main.c        ****   HAL_TIM_Base_MspDeInit(&htim5);
 188              		.loc 1 166 3 view .LVU46
 189 0014 1248     		ldr	r0, .L9+12
 190 0016 FFF7FEFF 		bl	HAL_TIM_Base_MspDeInit
 191              	.LVL3:
 167:main.c        ****   HAL_TIM_Base_MspDeInit(&htim7);
 192              		.loc 1 167 3 view .LVU47
 193 001a 1248     		ldr	r0, .L9+16
 194 001c FFF7FEFF 		bl	HAL_TIM_Base_MspDeInit
 195              	.LVL4:
 168:main.c        ****   HAL_TIM_Base_MspDeInit(&htim8);
 196              		.loc 1 168 3 view .LVU48
 197 0020 1148     		ldr	r0, .L9+20
 198 0022 FFF7FEFF 		bl	HAL_TIM_Base_MspDeInit
 199              	.LVL5:
 169:main.c        ****   HAL_ADC_MspDeInit(&hadc1);
 200              		.loc 1 169 3 view .LVU49
 201 0026 1148     		ldr	r0, .L9+24
 202 0028 FFF7FEFF 		bl	HAL_ADC_MspDeInit
 203              	.LVL6:
 170:main.c        ****   HAL_ADC_MspDeInit(&hadc2);
 204              		.loc 1 170 3 view .LVU50
 205 002c 1048     		ldr	r0, .L9+28
 206 002e FFF7FEFF 		bl	HAL_ADC_MspDeInit
 207              	.LVL7:
 171:main.c        ****   HAL_UART_MspDeInit(&huart1);
 208              		.loc 1 171 3 view .LVU51
 209 0032 1048     		ldr	r0, .L9+32
 210 0034 FFF7FEFF 		bl	HAL_UART_MspDeInit
 211              	.LVL8:
 172:main.c        ****   HAL_UART_MspDeInit(&huart3);
 212              		.loc 1 172 3 view .LVU52
 213 0038 0F48     		ldr	r0, .L9+36
 214 003a FFF7FEFF 		bl	HAL_UART_MspDeInit
 215              	.LVL9:
 173:main.c        ****   HAL_UART_MspDeInit(&huart4);
 216              		.loc 1 173 3 view .LVU53
 217 003e 0F48     		ldr	r0, .L9+40
 218 0040 FFF7FEFF 		bl	HAL_UART_MspDeInit
 219              	.LVL10:
 174:main.c        ****   HAL_UART_MspDeInit(&huart5);
 220              		.loc 1 174 3 view .LVU54
 221 0044 0E48     		ldr	r0, .L9+44
 222 0046 FFF7FEFF 		bl	HAL_UART_MspDeInit
 223              	.LVL11:
 175:main.c        ****   HAL_Delay(500);
 224              		.loc 1 175 3 view .LVU55
 225 004a 4FF4FA70 		mov	r0, #500
 226 004e FFF7FEFF 		bl	HAL_Delay
 227              	.LVL12:
ARM GAS  C:\Users\ysl\AppData\Local\Temp\ccxXEK9e.s 			page 8


 176:main.c        **** }
 228              		.loc 1 176 1 is_stmt 0 view .LVU56
 229 0052 08BD     		pop	{r3, pc}
 230              	.L10:
 231              		.align	2
 232              	.L9:
 233 0054 00000000 		.word	htim2
 234 0058 00000000 		.word	htim3
 235 005c 00000000 		.word	htim4
 236 0060 00000000 		.word	htim5
 237 0064 00000000 		.word	htim7
 238 0068 00000000 		.word	htim8
 239 006c 00000000 		.word	hadc1
 240 0070 00000000 		.word	hadc2
 241 0074 00000000 		.word	huart1
 242 0078 00000000 		.word	huart3
 243 007c 00000000 		.word	huart4
 244 0080 00000000 		.word	huart5
 245              		.cfi_endproc
 246              	.LFE241:
 248              		.section	.text.Error_Handler,"ax",%progbits
 249              		.align	1
 250              		.global	Error_Handler
 251              		.syntax unified
 252              		.thumb
 253              		.thumb_func
 255              	Error_Handler:
 256              	.LFB244:
 177:main.c        **** 
 178:main.c        **** /* USER CODE END 0 */
 179:main.c        **** 
 180:main.c        **** /**
 181:main.c        ****  * @brief  The application entry point.
 182:main.c        ****  * @retval int
 183:main.c        ****  */
 184:main.c        **** int main(void)
 185:main.c        **** {
 186:main.c        ****   /* USER CODE BEGIN 1 */
 187:main.c        **** 
 188:main.c        ****   /* USER CODE END 1 */
 189:main.c        **** 
 190:main.c        ****   /* MCU Configuration--------------------------------------------------------*/
 191:main.c        **** 
 192:main.c        ****   /* Reset of all peripherals, Initializes the Flash interface and the Systick. */
 193:main.c        ****   HAL_Init();
 194:main.c        **** 
 195:main.c        ****   /* USER CODE BEGIN Init */
 196:main.c        **** 
 197:main.c        ****   /* USER CODE END Init */
 198:main.c        **** 
 199:main.c        ****   /* Configure the system clock */
 200:main.c        ****   SystemClock_Config();
 201:main.c        **** 
 202:main.c        ****   /* USER CODE BEGIN SysInit */
 203:main.c        ****   Deinit_ALL();
 204:main.c        **** 
 205:main.c        ****   /* USER CODE END SysInit */
ARM GAS  C:\Users\ysl\AppData\Local\Temp\ccxXEK9e.s 			page 9


 206:main.c        **** 
 207:main.c        ****   /* Initialize all configured peripherals */
 208:main.c        ****   MX_GPIO_Init();
 209:main.c        ****   MX_DMA_Init();
 210:main.c        ****   MX_UART5_Init();
 211:main.c        ****   MX_USART3_UART_Init();
 212:main.c        ****   MX_TIM2_Init();
 213:main.c        ****   MX_TIM3_Init();
 214:main.c        ****   MX_TIM5_Init();
 215:main.c        ****   MX_TIM8_Init();
 216:main.c        ****   MX_TIM4_Init();
 217:main.c        ****   MX_USART1_UART_Init();
 218:main.c        ****   MX_UART4_Init();
 219:main.c        ****   MX_TIM7_Init();
 220:main.c        ****   MX_ADC1_Init();
 221:main.c        ****   MX_ADC2_Init();
 222:main.c        **** 
 223:main.c        ****   /* USER CODE BEGIN 2 */
 224:main.c        ****   HAL_TIM_PWM_Start(&htim3,TIM_CHANNEL_1);
 225:main.c        ****   HAL_TIM_PWM_Start(&htim3,TIM_CHANNEL_2);
 226:main.c        ****   __HAL_TIM_SetCompare(&htim3,TIM_CHANNEL_1,0);//0->0v;100->3.3v
 227:main.c        ****   __HAL_TIM_SetCompare(&htim3,TIM_CHANNEL_2,0);//0->0v;100->3.3v
 228:main.c        ****   HAL_TIM_PWM_Start(&htim8,TIM_CHANNEL_1);
 229:main.c        ****   HAL_TIM_PWM_Start(&htim8,TIM_CHANNEL_2);
 230:main.c        ****   __HAL_TIM_SetCompare(&htim8,TIM_CHANNEL_1,0);//0->0v;100->3.3v
 231:main.c        ****   __HAL_TIM_SetCompare(&htim8,TIM_CHANNEL_2,0);//0->0v;100->3.3v
 232:main.c        ****   HAL_ADC_Start_DMA(&hadc1,(uint32_t *)adc1_DMAData,10);
 233:main.c        ****   HAL_ADC_Start_DMA(&hadc2,(uint32_t *)adc2_DMAData,10);
 234:main.c        ****   HAL_TIM_Encoder_Start(&htim2,TIM_CHANNEL_ALL);
 235:main.c        ****   HAL_TIM_Encoder_Start(&htim5,TIM_CHANNEL_ALL);
 236:main.c        ****   HAL_Delay(10);
 237:main.c        ****   USER_ADC_Zero_calibration();
 238:main.c        **** 
 239:main.c        ****   //HAL_TIM_Base_Start_IT(&htim7);//1 ms time trigger
 240:main.c        **** 
 241:main.c        ****   //HAL_UART_Receive_DMA(&huart3,Uart3DMABuffer,UART3DMA_RXBUFFER_SIZE);
 242:main.c        ****   /* USER CODE END 2 */
 243:main.c        **** 
 244:main.c        ****   /* Infinite loop */
 245:main.c        ****   /* USER CODE BEGIN WHILE */
 246:main.c        ****   angle_led_initialize();
 247:main.c        ****   while (1) {
 248:main.c        ****     //HAL_Delay(1);
 249:main.c        **** 
 250:main.c        ****     /* USER CODE END WHILE */
 251:main.c        **** 
 252:main.c        ****     /* USER CODE BEGIN 3 */
 253:main.c        ****     if (simulinkRunFlag[0]>0&&simulinkRunFlag[1]>0) {
 254:main.c        ****       if (simulinkRunFlag[0]>1||simulinkRunFlag[1]>1)//step funtion run time end
 255:main.c        ****       {
 256:main.c        ****         simulinkOverrunCount++;
 257:main.c        ****                       //when step time for start to end more than 0.1ms, count++
 258:main.c        ****       }
 259:main.c        **** 
 260:main.c        ****       simulinkRunFlag[0]= 0;           //step funtion run time start
 261:main.c        ****       simulinkRunFlag[1]= 0;           //step funtion run time start
 262:main.c        ****       simulinkInputRefresh();
ARM GAS  C:\Users\ysl\AppData\Local\Temp\ccxXEK9e.s 			page 10


 263:main.c        ****       angle_led_step();
 264:main.c        ****       simulinkOutputProcess();
 265:main.c        ****     }
 266:main.c        ****   }
 267:main.c        **** 
 268:main.c        ****   /* USER CODE END 3 */
 269:main.c        **** }
 270:main.c        **** 
 271:main.c        **** /**
 272:main.c        ****  * @brief System Clock Configuration
 273:main.c        ****  * @retval None
 274:main.c        ****  */
 275:main.c        **** void SystemClock_Config(void)
 276:main.c        **** {
 277:main.c        ****   RCC_OscInitTypeDef RCC_OscInitStruct = { 0 };
 278:main.c        **** 
 279:main.c        ****   RCC_ClkInitTypeDef RCC_ClkInitStruct = { 0 };
 280:main.c        **** 
 281:main.c        ****   /** Configure the main internal regulator output voltage
 282:main.c        ****    */
 283:main.c        ****   __HAL_RCC_PWR_CLK_ENABLE();
 284:main.c        ****   __HAL_PWR_VOLTAGESCALING_CONFIG(PWR_REGULATOR_VOLTAGE_SCALE1);
 285:main.c        **** 
 286:main.c        ****   /** Initializes the RCC Oscillators according to the specified parameters
 287:main.c        ****    * in the RCC_OscInitTypeDef structure.
 288:main.c        ****    */
 289:main.c        ****   RCC_OscInitStruct.OscillatorType = RCC_OSCILLATORTYPE_HSE;
 290:main.c        ****   RCC_OscInitStruct.HSEState = RCC_HSE_ON;
 291:main.c        ****   RCC_OscInitStruct.PLL.PLLState = RCC_PLL_ON;
 292:main.c        ****   RCC_OscInitStruct.PLL.PLLSource = RCC_PLLSOURCE_HSE;
 293:main.c        ****   RCC_OscInitStruct.PLL.PLLM = 4;
 294:main.c        ****   RCC_OscInitStruct.PLL.PLLN = 168;
 295:main.c        ****   RCC_OscInitStruct.PLL.PLLP = RCC_PLLP_DIV2;
 296:main.c        ****   RCC_OscInitStruct.PLL.PLLQ = 4;
 297:main.c        ****   if (HAL_RCC_OscConfig(&RCC_OscInitStruct) != HAL_OK) {
 298:main.c        ****     Error_Handler();
 299:main.c        ****   }
 300:main.c        **** 
 301:main.c        ****   /** Initializes the CPU, AHB and APB buses clocks
 302:main.c        ****    */
 303:main.c        ****   RCC_ClkInitStruct.ClockType = RCC_CLOCKTYPE_HCLK|RCC_CLOCKTYPE_SYSCLK
 304:main.c        ****     |RCC_CLOCKTYPE_PCLK1|RCC_CLOCKTYPE_PCLK2;
 305:main.c        ****   RCC_ClkInitStruct.SYSCLKSource = RCC_SYSCLKSOURCE_PLLCLK;
 306:main.c        ****   RCC_ClkInitStruct.AHBCLKDivider = RCC_SYSCLK_DIV1;
 307:main.c        ****   RCC_ClkInitStruct.APB1CLKDivider = RCC_HCLK_DIV4;
 308:main.c        ****   RCC_ClkInitStruct.APB2CLKDivider = RCC_HCLK_DIV2;
 309:main.c        ****   if (HAL_RCC_ClockConfig(&RCC_ClkInitStruct, FLASH_LATENCY_5) != HAL_OK) {
 310:main.c        ****     Error_Handler();
 311:main.c        ****   }
 312:main.c        **** }
 313:main.c        **** 
 314:main.c        **** /* USER CODE BEGIN 4 */
 315:main.c        **** 
 316:main.c        **** /* USER CODE END 4 */
 317:main.c        **** 
 318:main.c        **** /**
 319:main.c        ****  * @brief  This function is executed in case of error occurrence.
ARM GAS  C:\Users\ysl\AppData\Local\Temp\ccxXEK9e.s 			page 11


 320:main.c        ****  * @retval None
 321:main.c        ****  */
 322:main.c        **** void Error_Handler(void)
 323:main.c        **** {
 257              		.loc 1 323 1 is_stmt 1 view -0
 258              		.cfi_startproc
 259              		@ Volatile: function does not return.
 260              		@ args = 0, pretend = 0, frame = 0
 261              		@ frame_needed = 0, uses_anonymous_args = 0
 262              		@ link register save eliminated.
 324:main.c        ****   /* USER CODE BEGIN Error_Handler_Debug */
 325:main.c        ****   /* User can add his own implementation to report the HAL error return state */
 326:main.c        ****   __disable_irq();
 263              		.loc 1 326 3 view .LVU58
 264              	.LBB6:
 265              	.LBI6:
 266              		.file 2 "../STM32CUBEMX/Drivers/CMSIS/Include/cmsis_gcc.h"
   1:../STM32CUBEMX/Drivers/CMSIS/Include/cmsis_gcc.h **** /**************************************************************************//**
   2:../STM32CUBEMX/Drivers/CMSIS/Include/cmsis_gcc.h ****  * @file     cmsis_gcc.h
   3:../STM32CUBEMX/Drivers/CMSIS/Include/cmsis_gcc.h ****  * @brief    CMSIS compiler GCC header file
   4:../STM32CUBEMX/Drivers/CMSIS/Include/cmsis_gcc.h ****  * @version  V5.0.4
   5:../STM32CUBEMX/Drivers/CMSIS/Include/cmsis_gcc.h ****  * @date     09. April 2018
   6:../STM32CUBEMX/Drivers/CMSIS/Include/cmsis_gcc.h ****  ******************************************************************************/
   7:../STM32CUBEMX/Drivers/CMSIS/Include/cmsis_gcc.h **** /*
   8:../STM32CUBEMX/Drivers/CMSIS/Include/cmsis_gcc.h ****  * Copyright (c) 2009-2018 Arm Limited. All rights reserved.
   9:../STM32CUBEMX/Drivers/CMSIS/Include/cmsis_gcc.h ****  *
  10:../STM32CUBEMX/Drivers/CMSIS/Include/cmsis_gcc.h ****  * SPDX-License-Identifier: Apache-2.0
  11:../STM32CUBEMX/Drivers/CMSIS/Include/cmsis_gcc.h ****  *
  12:../STM32CUBEMX/Drivers/CMSIS/Include/cmsis_gcc.h ****  * Licensed under the Apache License, Version 2.0 (the License); you may
  13:../STM32CUBEMX/Drivers/CMSIS/Include/cmsis_gcc.h ****  * not use this file except in compliance with the License.
  14:../STM32CUBEMX/Drivers/CMSIS/Include/cmsis_gcc.h ****  * You may obtain a copy of the License at
  15:../STM32CUBEMX/Drivers/CMSIS/Include/cmsis_gcc.h ****  *
  16:../STM32CUBEMX/Drivers/CMSIS/Include/cmsis_gcc.h ****  * www.apache.org/licenses/LICENSE-2.0
  17:../STM32CUBEMX/Drivers/CMSIS/Include/cmsis_gcc.h ****  *
  18:../STM32CUBEMX/Drivers/CMSIS/Include/cmsis_gcc.h ****  * Unless required by applicable law or agreed to in writing, software
  19:../STM32CUBEMX/Drivers/CMSIS/Include/cmsis_gcc.h ****  * distributed under the License is distributed on an AS IS BASIS, WITHOUT
  20:../STM32CUBEMX/Drivers/CMSIS/Include/cmsis_gcc.h ****  * WARRANTIES OR CONDITIONS OF ANY KIND, either express or implied.
  21:../STM32CUBEMX/Drivers/CMSIS/Include/cmsis_gcc.h ****  * See the License for the specific language governing permissions and
  22:../STM32CUBEMX/Drivers/CMSIS/Include/cmsis_gcc.h ****  * limitations under the License.
  23:../STM32CUBEMX/Drivers/CMSIS/Include/cmsis_gcc.h ****  */
  24:../STM32CUBEMX/Drivers/CMSIS/Include/cmsis_gcc.h **** 
  25:../STM32CUBEMX/Drivers/CMSIS/Include/cmsis_gcc.h **** #ifndef __CMSIS_GCC_H
  26:../STM32CUBEMX/Drivers/CMSIS/Include/cmsis_gcc.h **** #define __CMSIS_GCC_H
  27:../STM32CUBEMX/Drivers/CMSIS/Include/cmsis_gcc.h **** 
  28:../STM32CUBEMX/Drivers/CMSIS/Include/cmsis_gcc.h **** /* ignore some GCC warnings */
  29:../STM32CUBEMX/Drivers/CMSIS/Include/cmsis_gcc.h **** #pragma GCC diagnostic push
  30:../STM32CUBEMX/Drivers/CMSIS/Include/cmsis_gcc.h **** #pragma GCC diagnostic ignored "-Wsign-conversion"
  31:../STM32CUBEMX/Drivers/CMSIS/Include/cmsis_gcc.h **** #pragma GCC diagnostic ignored "-Wconversion"
  32:../STM32CUBEMX/Drivers/CMSIS/Include/cmsis_gcc.h **** #pragma GCC diagnostic ignored "-Wunused-parameter"
  33:../STM32CUBEMX/Drivers/CMSIS/Include/cmsis_gcc.h **** 
  34:../STM32CUBEMX/Drivers/CMSIS/Include/cmsis_gcc.h **** /* Fallback for __has_builtin */
  35:../STM32CUBEMX/Drivers/CMSIS/Include/cmsis_gcc.h **** #ifndef __has_builtin
  36:../STM32CUBEMX/Drivers/CMSIS/Include/cmsis_gcc.h ****   #define __has_builtin(x) (0)
  37:../STM32CUBEMX/Drivers/CMSIS/Include/cmsis_gcc.h **** #endif
  38:../STM32CUBEMX/Drivers/CMSIS/Include/cmsis_gcc.h **** 
  39:../STM32CUBEMX/Drivers/CMSIS/Include/cmsis_gcc.h **** /* CMSIS compiler specific defines */
  40:../STM32CUBEMX/Drivers/CMSIS/Include/cmsis_gcc.h **** #ifndef   __ASM
ARM GAS  C:\Users\ysl\AppData\Local\Temp\ccxXEK9e.s 			page 12


  41:../STM32CUBEMX/Drivers/CMSIS/Include/cmsis_gcc.h ****   #define __ASM                                  __asm
  42:../STM32CUBEMX/Drivers/CMSIS/Include/cmsis_gcc.h **** #endif
  43:../STM32CUBEMX/Drivers/CMSIS/Include/cmsis_gcc.h **** #ifndef   __INLINE
  44:../STM32CUBEMX/Drivers/CMSIS/Include/cmsis_gcc.h ****   #define __INLINE                               inline
  45:../STM32CUBEMX/Drivers/CMSIS/Include/cmsis_gcc.h **** #endif
  46:../STM32CUBEMX/Drivers/CMSIS/Include/cmsis_gcc.h **** #ifndef   __STATIC_INLINE
  47:../STM32CUBEMX/Drivers/CMSIS/Include/cmsis_gcc.h ****   #define __STATIC_INLINE                        static inline
  48:../STM32CUBEMX/Drivers/CMSIS/Include/cmsis_gcc.h **** #endif
  49:../STM32CUBEMX/Drivers/CMSIS/Include/cmsis_gcc.h **** #ifndef   __STATIC_FORCEINLINE                 
  50:../STM32CUBEMX/Drivers/CMSIS/Include/cmsis_gcc.h ****   #define __STATIC_FORCEINLINE                   __attribute__((always_inline)) static inline
  51:../STM32CUBEMX/Drivers/CMSIS/Include/cmsis_gcc.h **** #endif                                           
  52:../STM32CUBEMX/Drivers/CMSIS/Include/cmsis_gcc.h **** #ifndef   __NO_RETURN
  53:../STM32CUBEMX/Drivers/CMSIS/Include/cmsis_gcc.h ****   #define __NO_RETURN                            __attribute__((__noreturn__))
  54:../STM32CUBEMX/Drivers/CMSIS/Include/cmsis_gcc.h **** #endif
  55:../STM32CUBEMX/Drivers/CMSIS/Include/cmsis_gcc.h **** #ifndef   __USED
  56:../STM32CUBEMX/Drivers/CMSIS/Include/cmsis_gcc.h ****   #define __USED                                 __attribute__((used))
  57:../STM32CUBEMX/Drivers/CMSIS/Include/cmsis_gcc.h **** #endif
  58:../STM32CUBEMX/Drivers/CMSIS/Include/cmsis_gcc.h **** #ifndef   __WEAK
  59:../STM32CUBEMX/Drivers/CMSIS/Include/cmsis_gcc.h ****   #define __WEAK                                 __attribute__((weak))
  60:../STM32CUBEMX/Drivers/CMSIS/Include/cmsis_gcc.h **** #endif
  61:../STM32CUBEMX/Drivers/CMSIS/Include/cmsis_gcc.h **** #ifndef   __PACKED
  62:../STM32CUBEMX/Drivers/CMSIS/Include/cmsis_gcc.h ****   #define __PACKED                               __attribute__((packed, aligned(1)))
  63:../STM32CUBEMX/Drivers/CMSIS/Include/cmsis_gcc.h **** #endif
  64:../STM32CUBEMX/Drivers/CMSIS/Include/cmsis_gcc.h **** #ifndef   __PACKED_STRUCT
  65:../STM32CUBEMX/Drivers/CMSIS/Include/cmsis_gcc.h ****   #define __PACKED_STRUCT                        struct __attribute__((packed, aligned(1)))
  66:../STM32CUBEMX/Drivers/CMSIS/Include/cmsis_gcc.h **** #endif
  67:../STM32CUBEMX/Drivers/CMSIS/Include/cmsis_gcc.h **** #ifndef   __PACKED_UNION
  68:../STM32CUBEMX/Drivers/CMSIS/Include/cmsis_gcc.h ****   #define __PACKED_UNION                         union __attribute__((packed, aligned(1)))
  69:../STM32CUBEMX/Drivers/CMSIS/Include/cmsis_gcc.h **** #endif
  70:../STM32CUBEMX/Drivers/CMSIS/Include/cmsis_gcc.h **** #ifndef   __UNALIGNED_UINT32        /* deprecated */
  71:../STM32CUBEMX/Drivers/CMSIS/Include/cmsis_gcc.h ****   #pragma GCC diagnostic push
  72:../STM32CUBEMX/Drivers/CMSIS/Include/cmsis_gcc.h ****   #pragma GCC diagnostic ignored "-Wpacked"
  73:../STM32CUBEMX/Drivers/CMSIS/Include/cmsis_gcc.h ****   #pragma GCC diagnostic ignored "-Wattributes"
  74:../STM32CUBEMX/Drivers/CMSIS/Include/cmsis_gcc.h ****   struct __attribute__((packed)) T_UINT32 { uint32_t v; };
  75:../STM32CUBEMX/Drivers/CMSIS/Include/cmsis_gcc.h ****   #pragma GCC diagnostic pop
  76:../STM32CUBEMX/Drivers/CMSIS/Include/cmsis_gcc.h ****   #define __UNALIGNED_UINT32(x)                  (((struct T_UINT32 *)(x))->v)
  77:../STM32CUBEMX/Drivers/CMSIS/Include/cmsis_gcc.h **** #endif
  78:../STM32CUBEMX/Drivers/CMSIS/Include/cmsis_gcc.h **** #ifndef   __UNALIGNED_UINT16_WRITE
  79:../STM32CUBEMX/Drivers/CMSIS/Include/cmsis_gcc.h ****   #pragma GCC diagnostic push
  80:../STM32CUBEMX/Drivers/CMSIS/Include/cmsis_gcc.h ****   #pragma GCC diagnostic ignored "-Wpacked"
  81:../STM32CUBEMX/Drivers/CMSIS/Include/cmsis_gcc.h ****   #pragma GCC diagnostic ignored "-Wattributes"
  82:../STM32CUBEMX/Drivers/CMSIS/Include/cmsis_gcc.h ****   __PACKED_STRUCT T_UINT16_WRITE { uint16_t v; };
  83:../STM32CUBEMX/Drivers/CMSIS/Include/cmsis_gcc.h ****   #pragma GCC diagnostic pop
  84:../STM32CUBEMX/Drivers/CMSIS/Include/cmsis_gcc.h ****   #define __UNALIGNED_UINT16_WRITE(addr, val)    (void)((((struct T_UINT16_WRITE *)(void *)(addr))-
  85:../STM32CUBEMX/Drivers/CMSIS/Include/cmsis_gcc.h **** #endif
  86:../STM32CUBEMX/Drivers/CMSIS/Include/cmsis_gcc.h **** #ifndef   __UNALIGNED_UINT16_READ
  87:../STM32CUBEMX/Drivers/CMSIS/Include/cmsis_gcc.h ****   #pragma GCC diagnostic push
  88:../STM32CUBEMX/Drivers/CMSIS/Include/cmsis_gcc.h ****   #pragma GCC diagnostic ignored "-Wpacked"
  89:../STM32CUBEMX/Drivers/CMSIS/Include/cmsis_gcc.h ****   #pragma GCC diagnostic ignored "-Wattributes"
  90:../STM32CUBEMX/Drivers/CMSIS/Include/cmsis_gcc.h ****   __PACKED_STRUCT T_UINT16_READ { uint16_t v; };
  91:../STM32CUBEMX/Drivers/CMSIS/Include/cmsis_gcc.h ****   #pragma GCC diagnostic pop
  92:../STM32CUBEMX/Drivers/CMSIS/Include/cmsis_gcc.h ****   #define __UNALIGNED_UINT16_READ(addr)          (((const struct T_UINT16_READ *)(const void *)(add
  93:../STM32CUBEMX/Drivers/CMSIS/Include/cmsis_gcc.h **** #endif
  94:../STM32CUBEMX/Drivers/CMSIS/Include/cmsis_gcc.h **** #ifndef   __UNALIGNED_UINT32_WRITE
  95:../STM32CUBEMX/Drivers/CMSIS/Include/cmsis_gcc.h ****   #pragma GCC diagnostic push
  96:../STM32CUBEMX/Drivers/CMSIS/Include/cmsis_gcc.h ****   #pragma GCC diagnostic ignored "-Wpacked"
  97:../STM32CUBEMX/Drivers/CMSIS/Include/cmsis_gcc.h ****   #pragma GCC diagnostic ignored "-Wattributes"
ARM GAS  C:\Users\ysl\AppData\Local\Temp\ccxXEK9e.s 			page 13


  98:../STM32CUBEMX/Drivers/CMSIS/Include/cmsis_gcc.h ****   __PACKED_STRUCT T_UINT32_WRITE { uint32_t v; };
  99:../STM32CUBEMX/Drivers/CMSIS/Include/cmsis_gcc.h ****   #pragma GCC diagnostic pop
 100:../STM32CUBEMX/Drivers/CMSIS/Include/cmsis_gcc.h ****   #define __UNALIGNED_UINT32_WRITE(addr, val)    (void)((((struct T_UINT32_WRITE *)(void *)(addr))-
 101:../STM32CUBEMX/Drivers/CMSIS/Include/cmsis_gcc.h **** #endif
 102:../STM32CUBEMX/Drivers/CMSIS/Include/cmsis_gcc.h **** #ifndef   __UNALIGNED_UINT32_READ
 103:../STM32CUBEMX/Drivers/CMSIS/Include/cmsis_gcc.h ****   #pragma GCC diagnostic push
 104:../STM32CUBEMX/Drivers/CMSIS/Include/cmsis_gcc.h ****   #pragma GCC diagnostic ignored "-Wpacked"
 105:../STM32CUBEMX/Drivers/CMSIS/Include/cmsis_gcc.h ****   #pragma GCC diagnostic ignored "-Wattributes"
 106:../STM32CUBEMX/Drivers/CMSIS/Include/cmsis_gcc.h ****   __PACKED_STRUCT T_UINT32_READ { uint32_t v; };
 107:../STM32CUBEMX/Drivers/CMSIS/Include/cmsis_gcc.h ****   #pragma GCC diagnostic pop
 108:../STM32CUBEMX/Drivers/CMSIS/Include/cmsis_gcc.h ****   #define __UNALIGNED_UINT32_READ(addr)          (((const struct T_UINT32_READ *)(const void *)(add
 109:../STM32CUBEMX/Drivers/CMSIS/Include/cmsis_gcc.h **** #endif
 110:../STM32CUBEMX/Drivers/CMSIS/Include/cmsis_gcc.h **** #ifndef   __ALIGNED
 111:../STM32CUBEMX/Drivers/CMSIS/Include/cmsis_gcc.h ****   #define __ALIGNED(x)                           __attribute__((aligned(x)))
 112:../STM32CUBEMX/Drivers/CMSIS/Include/cmsis_gcc.h **** #endif
 113:../STM32CUBEMX/Drivers/CMSIS/Include/cmsis_gcc.h **** #ifndef   __RESTRICT
 114:../STM32CUBEMX/Drivers/CMSIS/Include/cmsis_gcc.h ****   #define __RESTRICT                             __restrict
 115:../STM32CUBEMX/Drivers/CMSIS/Include/cmsis_gcc.h **** #endif
 116:../STM32CUBEMX/Drivers/CMSIS/Include/cmsis_gcc.h **** 
 117:../STM32CUBEMX/Drivers/CMSIS/Include/cmsis_gcc.h **** 
 118:../STM32CUBEMX/Drivers/CMSIS/Include/cmsis_gcc.h **** /* ###########################  Core Function Access  ########################### */
 119:../STM32CUBEMX/Drivers/CMSIS/Include/cmsis_gcc.h **** /** \ingroup  CMSIS_Core_FunctionInterface
 120:../STM32CUBEMX/Drivers/CMSIS/Include/cmsis_gcc.h ****     \defgroup CMSIS_Core_RegAccFunctions CMSIS Core Register Access Functions
 121:../STM32CUBEMX/Drivers/CMSIS/Include/cmsis_gcc.h ****   @{
 122:../STM32CUBEMX/Drivers/CMSIS/Include/cmsis_gcc.h ****  */
 123:../STM32CUBEMX/Drivers/CMSIS/Include/cmsis_gcc.h **** 
 124:../STM32CUBEMX/Drivers/CMSIS/Include/cmsis_gcc.h **** /**
 125:../STM32CUBEMX/Drivers/CMSIS/Include/cmsis_gcc.h ****   \brief   Enable IRQ Interrupts
 126:../STM32CUBEMX/Drivers/CMSIS/Include/cmsis_gcc.h ****   \details Enables IRQ interrupts by clearing the I-bit in the CPSR.
 127:../STM32CUBEMX/Drivers/CMSIS/Include/cmsis_gcc.h ****            Can only be executed in Privileged modes.
 128:../STM32CUBEMX/Drivers/CMSIS/Include/cmsis_gcc.h ****  */
 129:../STM32CUBEMX/Drivers/CMSIS/Include/cmsis_gcc.h **** __STATIC_FORCEINLINE void __enable_irq(void)
 130:../STM32CUBEMX/Drivers/CMSIS/Include/cmsis_gcc.h **** {
 131:../STM32CUBEMX/Drivers/CMSIS/Include/cmsis_gcc.h ****   __ASM volatile ("cpsie i" : : : "memory");
 132:../STM32CUBEMX/Drivers/CMSIS/Include/cmsis_gcc.h **** }
 133:../STM32CUBEMX/Drivers/CMSIS/Include/cmsis_gcc.h **** 
 134:../STM32CUBEMX/Drivers/CMSIS/Include/cmsis_gcc.h **** 
 135:../STM32CUBEMX/Drivers/CMSIS/Include/cmsis_gcc.h **** /**
 136:../STM32CUBEMX/Drivers/CMSIS/Include/cmsis_gcc.h ****   \brief   Disable IRQ Interrupts
 137:../STM32CUBEMX/Drivers/CMSIS/Include/cmsis_gcc.h ****   \details Disables IRQ interrupts by setting the I-bit in the CPSR.
 138:../STM32CUBEMX/Drivers/CMSIS/Include/cmsis_gcc.h ****            Can only be executed in Privileged modes.
 139:../STM32CUBEMX/Drivers/CMSIS/Include/cmsis_gcc.h ****  */
 140:../STM32CUBEMX/Drivers/CMSIS/Include/cmsis_gcc.h **** __STATIC_FORCEINLINE void __disable_irq(void)
 267              		.loc 2 140 27 view .LVU59
 268              	.LBB7:
 141:../STM32CUBEMX/Drivers/CMSIS/Include/cmsis_gcc.h **** {
 142:../STM32CUBEMX/Drivers/CMSIS/Include/cmsis_gcc.h ****   __ASM volatile ("cpsid i" : : : "memory");
 269              		.loc 2 142 3 view .LVU60
 270              		.syntax unified
 271              	@ 142 "../STM32CUBEMX/Drivers/CMSIS/Include/cmsis_gcc.h" 1
 272 0000 72B6     		cpsid i
 273              	@ 0 "" 2
 274              		.thumb
 275              		.syntax unified
 276              	.L12:
 277              	.LBE7:
 278              	.LBE6:
ARM GAS  C:\Users\ysl\AppData\Local\Temp\ccxXEK9e.s 			page 14


 327:main.c        ****   while (1) {
 279              		.loc 1 327 3 discriminator 1 view .LVU61
 328:main.c        ****   }
 280              		.loc 1 328 3 discriminator 1 view .LVU62
 327:main.c        ****   while (1) {
 281              		.loc 1 327 9 discriminator 1 view .LVU63
 282 0002 FEE7     		b	.L12
 283              		.cfi_endproc
 284              	.LFE244:
 286              		.section	.text.SystemClock_Config,"ax",%progbits
 287              		.align	1
 288              		.global	SystemClock_Config
 289              		.syntax unified
 290              		.thumb
 291              		.thumb_func
 293              	SystemClock_Config:
 294              	.LFB243:
 276:main.c        ****   RCC_OscInitTypeDef RCC_OscInitStruct = { 0 };
 295              		.loc 1 276 1 view -0
 296              		.cfi_startproc
 297              		@ args = 0, pretend = 0, frame = 80
 298              		@ frame_needed = 0, uses_anonymous_args = 0
 299 0000 00B5     		push	{lr}
 300              	.LCFI3:
 301              		.cfi_def_cfa_offset 4
 302              		.cfi_offset 14, -4
 303 0002 95B0     		sub	sp, sp, #84
 304              	.LCFI4:
 305              		.cfi_def_cfa_offset 88
 277:main.c        **** 
 306              		.loc 1 277 3 view .LVU65
 277:main.c        **** 
 307              		.loc 1 277 22 is_stmt 0 view .LVU66
 308 0004 3022     		movs	r2, #48
 309 0006 0021     		movs	r1, #0
 310 0008 08A8     		add	r0, sp, #32
 311 000a FFF7FEFF 		bl	memset
 312              	.LVL13:
 279:main.c        **** 
 313              		.loc 1 279 3 is_stmt 1 view .LVU67
 279:main.c        **** 
 314              		.loc 1 279 22 is_stmt 0 view .LVU68
 315 000e 0023     		movs	r3, #0
 316 0010 0393     		str	r3, [sp, #12]
 317 0012 0493     		str	r3, [sp, #16]
 318 0014 0593     		str	r3, [sp, #20]
 319 0016 0693     		str	r3, [sp, #24]
 320 0018 0793     		str	r3, [sp, #28]
 283:main.c        ****   __HAL_PWR_VOLTAGESCALING_CONFIG(PWR_REGULATOR_VOLTAGE_SCALE1);
 321              		.loc 1 283 3 is_stmt 1 view .LVU69
 322              	.LBB8:
 283:main.c        ****   __HAL_PWR_VOLTAGESCALING_CONFIG(PWR_REGULATOR_VOLTAGE_SCALE1);
 323              		.loc 1 283 3 view .LVU70
 324 001a 0193     		str	r3, [sp, #4]
 283:main.c        ****   __HAL_PWR_VOLTAGESCALING_CONFIG(PWR_REGULATOR_VOLTAGE_SCALE1);
 325              		.loc 1 283 3 view .LVU71
 326 001c 204A     		ldr	r2, .L19
ARM GAS  C:\Users\ysl\AppData\Local\Temp\ccxXEK9e.s 			page 15


 327 001e 116C     		ldr	r1, [r2, #64]
 328 0020 41F08051 		orr	r1, r1, #268435456
 329 0024 1164     		str	r1, [r2, #64]
 283:main.c        ****   __HAL_PWR_VOLTAGESCALING_CONFIG(PWR_REGULATOR_VOLTAGE_SCALE1);
 330              		.loc 1 283 3 view .LVU72
 331 0026 126C     		ldr	r2, [r2, #64]
 332 0028 02F08052 		and	r2, r2, #268435456
 333 002c 0192     		str	r2, [sp, #4]
 283:main.c        ****   __HAL_PWR_VOLTAGESCALING_CONFIG(PWR_REGULATOR_VOLTAGE_SCALE1);
 334              		.loc 1 283 3 view .LVU73
 335 002e 019A     		ldr	r2, [sp, #4]
 336              	.LBE8:
 283:main.c        ****   __HAL_PWR_VOLTAGESCALING_CONFIG(PWR_REGULATOR_VOLTAGE_SCALE1);
 337              		.loc 1 283 3 view .LVU74
 284:main.c        **** 
 338              		.loc 1 284 3 view .LVU75
 339              	.LBB9:
 284:main.c        **** 
 340              		.loc 1 284 3 view .LVU76
 341 0030 0293     		str	r3, [sp, #8]
 284:main.c        **** 
 342              		.loc 1 284 3 view .LVU77
 343 0032 1C4B     		ldr	r3, .L19+4
 344 0034 1A68     		ldr	r2, [r3]
 345 0036 42F48042 		orr	r2, r2, #16384
 346 003a 1A60     		str	r2, [r3]
 284:main.c        **** 
 347              		.loc 1 284 3 view .LVU78
 348 003c 1B68     		ldr	r3, [r3]
 349 003e 03F48043 		and	r3, r3, #16384
 350 0042 0293     		str	r3, [sp, #8]
 284:main.c        **** 
 351              		.loc 1 284 3 view .LVU79
 352 0044 029B     		ldr	r3, [sp, #8]
 353              	.LBE9:
 284:main.c        **** 
 354              		.loc 1 284 3 view .LVU80
 289:main.c        ****   RCC_OscInitStruct.HSEState = RCC_HSE_ON;
 355              		.loc 1 289 3 view .LVU81
 289:main.c        ****   RCC_OscInitStruct.HSEState = RCC_HSE_ON;
 356              		.loc 1 289 36 is_stmt 0 view .LVU82
 357 0046 0123     		movs	r3, #1
 358 0048 0893     		str	r3, [sp, #32]
 290:main.c        ****   RCC_OscInitStruct.PLL.PLLState = RCC_PLL_ON;
 359              		.loc 1 290 3 is_stmt 1 view .LVU83
 290:main.c        ****   RCC_OscInitStruct.PLL.PLLState = RCC_PLL_ON;
 360              		.loc 1 290 30 is_stmt 0 view .LVU84
 361 004a 4FF48033 		mov	r3, #65536
 362 004e 0993     		str	r3, [sp, #36]
 291:main.c        ****   RCC_OscInitStruct.PLL.PLLSource = RCC_PLLSOURCE_HSE;
 363              		.loc 1 291 3 is_stmt 1 view .LVU85
 291:main.c        ****   RCC_OscInitStruct.PLL.PLLSource = RCC_PLLSOURCE_HSE;
 364              		.loc 1 291 34 is_stmt 0 view .LVU86
 365 0050 0222     		movs	r2, #2
 366 0052 0E92     		str	r2, [sp, #56]
 292:main.c        ****   RCC_OscInitStruct.PLL.PLLM = 4;
 367              		.loc 1 292 3 is_stmt 1 view .LVU87
ARM GAS  C:\Users\ysl\AppData\Local\Temp\ccxXEK9e.s 			page 16


 292:main.c        ****   RCC_OscInitStruct.PLL.PLLM = 4;
 368              		.loc 1 292 35 is_stmt 0 view .LVU88
 369 0054 4FF48003 		mov	r3, #4194304
 370 0058 0F93     		str	r3, [sp, #60]
 293:main.c        ****   RCC_OscInitStruct.PLL.PLLN = 168;
 371              		.loc 1 293 3 is_stmt 1 view .LVU89
 293:main.c        ****   RCC_OscInitStruct.PLL.PLLN = 168;
 372              		.loc 1 293 30 is_stmt 0 view .LVU90
 373 005a 0423     		movs	r3, #4
 374 005c 1093     		str	r3, [sp, #64]
 294:main.c        ****   RCC_OscInitStruct.PLL.PLLP = RCC_PLLP_DIV2;
 375              		.loc 1 294 3 is_stmt 1 view .LVU91
 294:main.c        ****   RCC_OscInitStruct.PLL.PLLP = RCC_PLLP_DIV2;
 376              		.loc 1 294 30 is_stmt 0 view .LVU92
 377 005e A821     		movs	r1, #168
 378 0060 1191     		str	r1, [sp, #68]
 295:main.c        ****   RCC_OscInitStruct.PLL.PLLQ = 4;
 379              		.loc 1 295 3 is_stmt 1 view .LVU93
 295:main.c        ****   RCC_OscInitStruct.PLL.PLLQ = 4;
 380              		.loc 1 295 30 is_stmt 0 view .LVU94
 381 0062 1292     		str	r2, [sp, #72]
 296:main.c        ****   if (HAL_RCC_OscConfig(&RCC_OscInitStruct) != HAL_OK) {
 382              		.loc 1 296 3 is_stmt 1 view .LVU95
 296:main.c        ****   if (HAL_RCC_OscConfig(&RCC_OscInitStruct) != HAL_OK) {
 383              		.loc 1 296 30 is_stmt 0 view .LVU96
 384 0064 1393     		str	r3, [sp, #76]
 297:main.c        ****     Error_Handler();
 385              		.loc 1 297 3 is_stmt 1 view .LVU97
 297:main.c        ****     Error_Handler();
 386              		.loc 1 297 7 is_stmt 0 view .LVU98
 387 0066 08A8     		add	r0, sp, #32
 388 0068 FFF7FEFF 		bl	HAL_RCC_OscConfig
 389              	.LVL14:
 297:main.c        ****     Error_Handler();
 390              		.loc 1 297 6 view .LVU99
 391 006c 98B9     		cbnz	r0, .L17
 303:main.c        ****     |RCC_CLOCKTYPE_PCLK1|RCC_CLOCKTYPE_PCLK2;
 392              		.loc 1 303 3 is_stmt 1 view .LVU100
 303:main.c        ****     |RCC_CLOCKTYPE_PCLK1|RCC_CLOCKTYPE_PCLK2;
 393              		.loc 1 303 31 is_stmt 0 view .LVU101
 394 006e 0F23     		movs	r3, #15
 395 0070 0393     		str	r3, [sp, #12]
 305:main.c        ****   RCC_ClkInitStruct.AHBCLKDivider = RCC_SYSCLK_DIV1;
 396              		.loc 1 305 3 is_stmt 1 view .LVU102
 305:main.c        ****   RCC_ClkInitStruct.AHBCLKDivider = RCC_SYSCLK_DIV1;
 397              		.loc 1 305 34 is_stmt 0 view .LVU103
 398 0072 0223     		movs	r3, #2
 399 0074 0493     		str	r3, [sp, #16]
 306:main.c        ****   RCC_ClkInitStruct.APB1CLKDivider = RCC_HCLK_DIV4;
 400              		.loc 1 306 3 is_stmt 1 view .LVU104
 306:main.c        ****   RCC_ClkInitStruct.APB1CLKDivider = RCC_HCLK_DIV4;
 401              		.loc 1 306 35 is_stmt 0 view .LVU105
 402 0076 0023     		movs	r3, #0
 403 0078 0593     		str	r3, [sp, #20]
 307:main.c        ****   RCC_ClkInitStruct.APB2CLKDivider = RCC_HCLK_DIV2;
 404              		.loc 1 307 3 is_stmt 1 view .LVU106
 307:main.c        ****   RCC_ClkInitStruct.APB2CLKDivider = RCC_HCLK_DIV2;
ARM GAS  C:\Users\ysl\AppData\Local\Temp\ccxXEK9e.s 			page 17


 405              		.loc 1 307 36 is_stmt 0 view .LVU107
 406 007a 4FF4A053 		mov	r3, #5120
 407 007e 0693     		str	r3, [sp, #24]
 308:main.c        ****   if (HAL_RCC_ClockConfig(&RCC_ClkInitStruct, FLASH_LATENCY_5) != HAL_OK) {
 408              		.loc 1 308 3 is_stmt 1 view .LVU108
 308:main.c        ****   if (HAL_RCC_ClockConfig(&RCC_ClkInitStruct, FLASH_LATENCY_5) != HAL_OK) {
 409              		.loc 1 308 36 is_stmt 0 view .LVU109
 410 0080 4FF48053 		mov	r3, #4096
 411 0084 0793     		str	r3, [sp, #28]
 309:main.c        ****     Error_Handler();
 412              		.loc 1 309 3 is_stmt 1 view .LVU110
 309:main.c        ****     Error_Handler();
 413              		.loc 1 309 7 is_stmt 0 view .LVU111
 414 0086 0521     		movs	r1, #5
 415 0088 03A8     		add	r0, sp, #12
 416 008a FFF7FEFF 		bl	HAL_RCC_ClockConfig
 417              	.LVL15:
 309:main.c        ****     Error_Handler();
 418              		.loc 1 309 6 view .LVU112
 419 008e 20B9     		cbnz	r0, .L18
 312:main.c        **** 
 420              		.loc 1 312 1 view .LVU113
 421 0090 15B0     		add	sp, sp, #84
 422              	.LCFI5:
 423              		.cfi_remember_state
 424              		.cfi_def_cfa_offset 4
 425              		@ sp needed
 426 0092 5DF804FB 		ldr	pc, [sp], #4
 427              	.L17:
 428              	.LCFI6:
 429              		.cfi_restore_state
 298:main.c        ****   }
 430              		.loc 1 298 5 is_stmt 1 view .LVU114
 431 0096 FFF7FEFF 		bl	Error_Handler
 432              	.LVL16:
 433              	.L18:
 310:main.c        ****   }
 434              		.loc 1 310 5 view .LVU115
 435 009a FFF7FEFF 		bl	Error_Handler
 436              	.LVL17:
 437              	.L20:
 438 009e 00BF     		.align	2
 439              	.L19:
 440 00a0 00380240 		.word	1073887232
 441 00a4 00700040 		.word	1073770496
 442              		.cfi_endproc
 443              	.LFE243:
 445              		.section	.text.main,"ax",%progbits
 446              		.align	1
 447              		.global	main
 448              		.syntax unified
 449              		.thumb
 450              		.thumb_func
 452              	main:
 453              	.LFB242:
 185:main.c        ****   /* USER CODE BEGIN 1 */
 454              		.loc 1 185 1 view -0
ARM GAS  C:\Users\ysl\AppData\Local\Temp\ccxXEK9e.s 			page 18


 455              		.cfi_startproc
 456              		@ Volatile: function does not return.
 457              		@ args = 0, pretend = 0, frame = 0
 458              		@ frame_needed = 0, uses_anonymous_args = 0
 459 0000 08B5     		push	{r3, lr}
 460              	.LCFI7:
 461              		.cfi_def_cfa_offset 8
 462              		.cfi_offset 3, -8
 463              		.cfi_offset 14, -4
 193:main.c        **** 
 464              		.loc 1 193 3 view .LVU117
 465 0002 FFF7FEFF 		bl	HAL_Init
 466              	.LVL18:
 200:main.c        **** 
 467              		.loc 1 200 3 view .LVU118
 468 0006 FFF7FEFF 		bl	SystemClock_Config
 469              	.LVL19:
 203:main.c        **** 
 470              		.loc 1 203 3 view .LVU119
 471 000a FFF7FEFF 		bl	Deinit_ALL
 472              	.LVL20:
 208:main.c        ****   MX_DMA_Init();
 473              		.loc 1 208 3 view .LVU120
 474 000e FFF7FEFF 		bl	MX_GPIO_Init
 475              	.LVL21:
 209:main.c        ****   MX_UART5_Init();
 476              		.loc 1 209 3 view .LVU121
 477 0012 FFF7FEFF 		bl	MX_DMA_Init
 478              	.LVL22:
 210:main.c        ****   MX_USART3_UART_Init();
 479              		.loc 1 210 3 view .LVU122
 480 0016 FFF7FEFF 		bl	MX_UART5_Init
 481              	.LVL23:
 211:main.c        ****   MX_TIM2_Init();
 482              		.loc 1 211 3 view .LVU123
 483 001a FFF7FEFF 		bl	MX_USART3_UART_Init
 484              	.LVL24:
 212:main.c        ****   MX_TIM3_Init();
 485              		.loc 1 212 3 view .LVU124
 486 001e FFF7FEFF 		bl	MX_TIM2_Init
 487              	.LVL25:
 213:main.c        ****   MX_TIM5_Init();
 488              		.loc 1 213 3 view .LVU125
 489 0022 FFF7FEFF 		bl	MX_TIM3_Init
 490              	.LVL26:
 214:main.c        ****   MX_TIM8_Init();
 491              		.loc 1 214 3 view .LVU126
 492 0026 FFF7FEFF 		bl	MX_TIM5_Init
 493              	.LVL27:
 215:main.c        ****   MX_TIM4_Init();
 494              		.loc 1 215 3 view .LVU127
 495 002a FFF7FEFF 		bl	MX_TIM8_Init
 496              	.LVL28:
 216:main.c        ****   MX_USART1_UART_Init();
 497              		.loc 1 216 3 view .LVU128
 498 002e FFF7FEFF 		bl	MX_TIM4_Init
 499              	.LVL29:
ARM GAS  C:\Users\ysl\AppData\Local\Temp\ccxXEK9e.s 			page 19


 217:main.c        ****   MX_UART4_Init();
 500              		.loc 1 217 3 view .LVU129
 501 0032 FFF7FEFF 		bl	MX_USART1_UART_Init
 502              	.LVL30:
 218:main.c        ****   MX_TIM7_Init();
 503              		.loc 1 218 3 view .LVU130
 504 0036 FFF7FEFF 		bl	MX_UART4_Init
 505              	.LVL31:
 219:main.c        ****   MX_ADC1_Init();
 506              		.loc 1 219 3 view .LVU131
 507 003a FFF7FEFF 		bl	MX_TIM7_Init
 508              	.LVL32:
 220:main.c        ****   MX_ADC2_Init();
 509              		.loc 1 220 3 view .LVU132
 510 003e FFF7FEFF 		bl	MX_ADC1_Init
 511              	.LVL33:
 221:main.c        **** 
 512              		.loc 1 221 3 view .LVU133
 513 0042 FFF7FEFF 		bl	MX_ADC2_Init
 514              	.LVL34:
 224:main.c        ****   HAL_TIM_PWM_Start(&htim3,TIM_CHANNEL_2);
 515              		.loc 1 224 3 view .LVU134
 516 0046 464C     		ldr	r4, .L33
 517 0048 0021     		movs	r1, #0
 518 004a 2046     		mov	r0, r4
 519 004c FFF7FEFF 		bl	HAL_TIM_PWM_Start
 520              	.LVL35:
 225:main.c        ****   __HAL_TIM_SetCompare(&htim3,TIM_CHANNEL_1,0);//0->0v;100->3.3v
 521              		.loc 1 225 3 view .LVU135
 522 0050 0421     		movs	r1, #4
 523 0052 2046     		mov	r0, r4
 524 0054 FFF7FEFF 		bl	HAL_TIM_PWM_Start
 525              	.LVL36:
 226:main.c        ****   __HAL_TIM_SetCompare(&htim3,TIM_CHANNEL_2,0);//0->0v;100->3.3v
 526              		.loc 1 226 3 view .LVU136
 527 0058 2368     		ldr	r3, [r4]
 528 005a 0024     		movs	r4, #0
 529 005c 5C63     		str	r4, [r3, #52]
 227:main.c        ****   HAL_TIM_PWM_Start(&htim8,TIM_CHANNEL_1);
 530              		.loc 1 227 3 view .LVU137
 531 005e 9C63     		str	r4, [r3, #56]
 228:main.c        ****   HAL_TIM_PWM_Start(&htim8,TIM_CHANNEL_2);
 532              		.loc 1 228 3 view .LVU138
 533 0060 404D     		ldr	r5, .L33+4
 534 0062 2146     		mov	r1, r4
 535 0064 2846     		mov	r0, r5
 536 0066 FFF7FEFF 		bl	HAL_TIM_PWM_Start
 537              	.LVL37:
 229:main.c        ****   __HAL_TIM_SetCompare(&htim8,TIM_CHANNEL_1,0);//0->0v;100->3.3v
 538              		.loc 1 229 3 view .LVU139
 539 006a 0421     		movs	r1, #4
 540 006c 2846     		mov	r0, r5
 541 006e FFF7FEFF 		bl	HAL_TIM_PWM_Start
 542              	.LVL38:
 230:main.c        ****   __HAL_TIM_SetCompare(&htim8,TIM_CHANNEL_2,0);//0->0v;100->3.3v
 543              		.loc 1 230 3 view .LVU140
 544 0072 2B68     		ldr	r3, [r5]
ARM GAS  C:\Users\ysl\AppData\Local\Temp\ccxXEK9e.s 			page 20


 545 0074 5C63     		str	r4, [r3, #52]
 231:main.c        ****   HAL_ADC_Start_DMA(&hadc1,(uint32_t *)adc1_DMAData,10);
 546              		.loc 1 231 3 view .LVU141
 547 0076 9C63     		str	r4, [r3, #56]
 232:main.c        ****   HAL_ADC_Start_DMA(&hadc2,(uint32_t *)adc2_DMAData,10);
 548              		.loc 1 232 3 view .LVU142
 549 0078 0A22     		movs	r2, #10
 550 007a 3B49     		ldr	r1, .L33+8
 551 007c 3B48     		ldr	r0, .L33+12
 552 007e FFF7FEFF 		bl	HAL_ADC_Start_DMA
 553              	.LVL39:
 233:main.c        ****   HAL_TIM_Encoder_Start(&htim2,TIM_CHANNEL_ALL);
 554              		.loc 1 233 3 view .LVU143
 555 0082 0A22     		movs	r2, #10
 556 0084 3A49     		ldr	r1, .L33+16
 557 0086 3B48     		ldr	r0, .L33+20
 558 0088 FFF7FEFF 		bl	HAL_ADC_Start_DMA
 559              	.LVL40:
 234:main.c        ****   HAL_TIM_Encoder_Start(&htim5,TIM_CHANNEL_ALL);
 560              		.loc 1 234 3 view .LVU144
 561 008c 3C21     		movs	r1, #60
 562 008e 3A48     		ldr	r0, .L33+24
 563 0090 FFF7FEFF 		bl	HAL_TIM_Encoder_Start
 564              	.LVL41:
 235:main.c        ****   HAL_Delay(10);
 565              		.loc 1 235 3 view .LVU145
 566 0094 3C21     		movs	r1, #60
 567 0096 3948     		ldr	r0, .L33+28
 568 0098 FFF7FEFF 		bl	HAL_TIM_Encoder_Start
 569              	.LVL42:
 236:main.c        ****   USER_ADC_Zero_calibration();
 570              		.loc 1 236 3 view .LVU146
 571 009c 0A20     		movs	r0, #10
 572 009e FFF7FEFF 		bl	HAL_Delay
 573              	.LVL43:
 237:main.c        **** 
 574              		.loc 1 237 3 view .LVU147
 575 00a2 FFF7FEFF 		bl	USER_ADC_Zero_calibration
 576              	.LVL44:
 246:main.c        ****   while (1) {
 577              		.loc 1 246 3 view .LVU148
 578 00a6 FFF7FEFF 		bl	angle_led_initialize
 579              	.LVL45:
 580 00aa 13E0     		b	.L22
 581              	.L32:
 254:main.c        ****       {
 582              		.loc 1 254 48 is_stmt 0 discriminator 1 view .LVU149
 583 00ac 344B     		ldr	r3, .L33+32
 584 00ae 5B68     		ldr	r3, [r3, #4]
 254:main.c        ****       {
 585              		.loc 1 254 31 discriminator 1 view .LVU150
 586 00b0 012B     		cmp	r3, #1
 587 00b2 1BD8     		bhi	.L24
 588 00b4 1EE0     		b	.L25
 589              	.L26:
 590              	.LBB12:
 591              	.LBB13:
ARM GAS  C:\Users\ysl\AppData\Local\Temp\ccxXEK9e.s 			page 21


 134:main.c        ****     __HAL_TIM_SetCompare(&htim3, TIM_CHANNEL_2, 4200+motor1_PwmData);
 592              		.loc 1 134 5 is_stmt 1 view .LVU151
 593 00b6 2A4A     		ldr	r2, .L33
 594 00b8 1268     		ldr	r2, [r2]
 595 00ba 41F26801 		movw	r1, #4200
 596 00be 5163     		str	r1, [r2, #52]
 135:main.c        ****   }
 597              		.loc 1 135 5 view .LVU152
 598 00c0 0B44     		add	r3, r3, r1
 599 00c2 9363     		str	r3, [r2, #56]
 600 00c4 33E0     		b	.L27
 601              	.L28:
 145:main.c        ****     __HAL_TIM_SetCompare(&htim8, TIM_CHANNEL_2, 4200+motor2_PwmData);
 602              		.loc 1 145 5 view .LVU153
 603 00c6 274A     		ldr	r2, .L33+4
 604 00c8 1268     		ldr	r2, [r2]
 605 00ca 41F26801 		movw	r1, #4200
 606 00ce 5163     		str	r1, [r2, #52]
 146:main.c        ****   }
 607              		.loc 1 146 5 view .LVU154
 608 00d0 0B44     		add	r3, r3, r1
 609 00d2 9363     		str	r3, [r2, #56]
 610              	.L22:
 611              	.LBE13:
 612              	.LBE12:
 247:main.c        ****     //HAL_Delay(1);
 613              		.loc 1 247 3 view .LVU155
 253:main.c        ****       if (simulinkRunFlag[0]>1||simulinkRunFlag[1]>1)//step funtion run time end
 614              		.loc 1 253 5 view .LVU156
 253:main.c        ****       if (simulinkRunFlag[0]>1||simulinkRunFlag[1]>1)//step funtion run time end
 615              		.loc 1 253 24 is_stmt 0 view .LVU157
 616 00d4 2A4B     		ldr	r3, .L33+32
 617 00d6 1B68     		ldr	r3, [r3]
 253:main.c        ****       if (simulinkRunFlag[0]>1||simulinkRunFlag[1]>1)//step funtion run time end
 618              		.loc 1 253 8 view .LVU158
 619 00d8 002B     		cmp	r3, #0
 620 00da FBD0     		beq	.L22
 253:main.c        ****       if (simulinkRunFlag[0]>1||simulinkRunFlag[1]>1)//step funtion run time end
 621              		.loc 1 253 46 discriminator 1 view .LVU159
 622 00dc 284B     		ldr	r3, .L33+32
 623 00de 5B68     		ldr	r3, [r3, #4]
 253:main.c        ****       if (simulinkRunFlag[0]>1||simulinkRunFlag[1]>1)//step funtion run time end
 624              		.loc 1 253 29 discriminator 1 view .LVU160
 625 00e0 002B     		cmp	r3, #0
 626 00e2 F7D0     		beq	.L22
 254:main.c        ****       {
 627              		.loc 1 254 7 is_stmt 1 view .LVU161
 254:main.c        ****       {
 628              		.loc 1 254 26 is_stmt 0 view .LVU162
 629 00e4 264B     		ldr	r3, .L33+32
 630 00e6 1B68     		ldr	r3, [r3]
 254:main.c        ****       {
 631              		.loc 1 254 10 view .LVU163
 632 00e8 012B     		cmp	r3, #1
 633 00ea DFD9     		bls	.L32
 634              	.L24:
 256:main.c        ****                       //when step time for start to end more than 0.1ms, count++
ARM GAS  C:\Users\ysl\AppData\Local\Temp\ccxXEK9e.s 			page 22


 635              		.loc 1 256 9 is_stmt 1 view .LVU164
 256:main.c        ****                       //when step time for start to end more than 0.1ms, count++
 636              		.loc 1 256 29 is_stmt 0 view .LVU165
 637 00ec 254A     		ldr	r2, .L33+36
 638 00ee 1368     		ldr	r3, [r2]
 639 00f0 0133     		adds	r3, r3, #1
 640 00f2 1360     		str	r3, [r2]
 641              	.L25:
 260:main.c        ****       simulinkRunFlag[1]= 0;           //step funtion run time start
 642              		.loc 1 260 7 is_stmt 1 view .LVU166
 260:main.c        ****       simulinkRunFlag[1]= 0;           //step funtion run time start
 643              		.loc 1 260 25 is_stmt 0 view .LVU167
 644 00f4 224B     		ldr	r3, .L33+32
 645 00f6 0022     		movs	r2, #0
 646 00f8 1A60     		str	r2, [r3]
 261:main.c        ****       simulinkInputRefresh();
 647              		.loc 1 261 7 is_stmt 1 view .LVU168
 261:main.c        ****       simulinkInputRefresh();
 648              		.loc 1 261 25 is_stmt 0 view .LVU169
 649 00fa 5A60     		str	r2, [r3, #4]
 262:main.c        ****       angle_led_step();
 650              		.loc 1 262 7 is_stmt 1 view .LVU170
 263:main.c        ****       simulinkOutputProcess();
 651              		.loc 1 263 7 view .LVU171
 652 00fc FFF7FEFF 		bl	angle_led_step
 653              	.LVL46:
 264:main.c        ****     }
 654              		.loc 1 264 7 view .LVU172
 655              	.LBB15:
 656              	.LBI12:
 125:main.c        **** {
 657              		.loc 1 125 20 view .LVU173
 658              	.LBB14:
 127:main.c        ****   motor1_PwmData= motor1_PwmData<-4200?-4200:motor1_PwmData;
 659              		.loc 1 127 3 view .LVU174
 127:main.c        ****   motor1_PwmData= motor1_PwmData<-4200?-4200:motor1_PwmData;
 660              		.loc 1 127 43 is_stmt 0 view .LVU175
 661 0100 214A     		ldr	r2, .L33+40
 662 0102 B2F90030 		ldrsh	r3, [r2]
 663 0106 41F26801 		movw	r1, #4200
 664 010a 8B42     		cmp	r3, r1
 665 010c A8BF     		it	ge
 666 010e 0B46     		movge	r3, r1
 127:main.c        ****   motor1_PwmData= motor1_PwmData<-4200?-4200:motor1_PwmData;
 667              		.loc 1 127 17 view .LVU176
 668 0110 1380     		strh	r3, [r2]	@ movhi
 128:main.c        ****   if (motor1_PwmData>0)                //forward T9C1(IN1)=1 T9C2(IN2)=0
 669              		.loc 1 128 3 is_stmt 1 view .LVU177
 128:main.c        ****   if (motor1_PwmData>0)                //forward T9C1(IN1)=1 T9C2(IN2)=0
 670              		.loc 1 128 45 is_stmt 0 view .LVU178
 671 0112 1E49     		ldr	r1, .L33+44
 672 0114 8B42     		cmp	r3, r1
 673 0116 B8BF     		it	lt
 674 0118 0B46     		movlt	r3, r1
 128:main.c        ****   if (motor1_PwmData>0)                //forward T9C1(IN1)=1 T9C2(IN2)=0
 675              		.loc 1 128 17 view .LVU179
 676 011a 1380     		strh	r3, [r2]	@ movhi
ARM GAS  C:\Users\ysl\AppData\Local\Temp\ccxXEK9e.s 			page 23


 129:main.c        ****   {                                    //low decay
 677              		.loc 1 129 3 is_stmt 1 view .LVU180
 129:main.c        ****   {                                    //low decay
 678              		.loc 1 129 6 is_stmt 0 view .LVU181
 679 011c 002B     		cmp	r3, #0
 680 011e CADD     		ble	.L26
 131:main.c        ****     __HAL_TIM_SetCompare(&htim3, TIM_CHANNEL_1, 4200-motor1_PwmData);
 681              		.loc 1 131 5 is_stmt 1 view .LVU182
 682 0120 0F4A     		ldr	r2, .L33
 683 0122 1168     		ldr	r1, [r2]
 684 0124 41F26802 		movw	r2, #4200
 685 0128 8A63     		str	r2, [r1, #56]
 132:main.c        ****   } else {
 686              		.loc 1 132 5 view .LVU183
 687 012a D21A     		subs	r2, r2, r3
 688 012c 4A63     		str	r2, [r1, #52]
 689              	.L27:
 138:main.c        ****   motor2_PwmData= motor2_PwmData<-4200?-4200:motor2_PwmData;
 690              		.loc 1 138 3 view .LVU184
 138:main.c        ****   motor2_PwmData= motor2_PwmData<-4200?-4200:motor2_PwmData;
 691              		.loc 1 138 43 is_stmt 0 view .LVU185
 692 012e 184A     		ldr	r2, .L33+48
 693 0130 B2F90030 		ldrsh	r3, [r2]
 694 0134 41F26801 		movw	r1, #4200
 695 0138 8B42     		cmp	r3, r1
 696 013a A8BF     		it	ge
 697 013c 0B46     		movge	r3, r1
 138:main.c        ****   motor2_PwmData= motor2_PwmData<-4200?-4200:motor2_PwmData;
 698              		.loc 1 138 17 view .LVU186
 699 013e 1380     		strh	r3, [r2]	@ movhi
 139:main.c        ****   if (motor2_PwmData>0)                //forward T9C1(IN1)=1 T9C2(IN2)=0
 700              		.loc 1 139 3 is_stmt 1 view .LVU187
 139:main.c        ****   if (motor2_PwmData>0)                //forward T9C1(IN1)=1 T9C2(IN2)=0
 701              		.loc 1 139 45 is_stmt 0 view .LVU188
 702 0140 1249     		ldr	r1, .L33+44
 703 0142 8B42     		cmp	r3, r1
 704 0144 B8BF     		it	lt
 705 0146 0B46     		movlt	r3, r1
 139:main.c        ****   if (motor2_PwmData>0)                //forward T9C1(IN1)=1 T9C2(IN2)=0
 706              		.loc 1 139 17 view .LVU189
 707 0148 1380     		strh	r3, [r2]	@ movhi
 140:main.c        ****   {                                    //low decay
 708              		.loc 1 140 3 is_stmt 1 view .LVU190
 140:main.c        ****   {                                    //low decay
 709              		.loc 1 140 6 is_stmt 0 view .LVU191
 710 014a 002B     		cmp	r3, #0
 711 014c BBDD     		ble	.L28
 142:main.c        ****     __HAL_TIM_SetCompare(&htim8, TIM_CHANNEL_1, 4200-motor2_PwmData);
 712              		.loc 1 142 5 is_stmt 1 view .LVU192
 713 014e 054A     		ldr	r2, .L33+4
 714 0150 1168     		ldr	r1, [r2]
 715 0152 41F26802 		movw	r2, #4200
 716 0156 8A63     		str	r2, [r1, #56]
 143:main.c        ****   } else {
 717              		.loc 1 143 5 view .LVU193
 718 0158 D21A     		subs	r2, r2, r3
 719 015a 4A63     		str	r2, [r1, #52]
ARM GAS  C:\Users\ysl\AppData\Local\Temp\ccxXEK9e.s 			page 24


 720 015c BAE7     		b	.L22
 721              	.L34:
 722 015e 00BF     		.align	2
 723              	.L33:
 724 0160 00000000 		.word	htim3
 725 0164 00000000 		.word	htim8
 726 0168 00000000 		.word	.LANCHOR7
 727 016c 00000000 		.word	hadc1
 728 0170 00000000 		.word	.LANCHOR8
 729 0174 00000000 		.word	hadc2
 730 0178 00000000 		.word	htim2
 731 017c 00000000 		.word	htim5
 732 0180 00000000 		.word	simulinkRunFlag
 733 0184 00000000 		.word	.LANCHOR9
 734 0188 00000000 		.word	.LANCHOR10
 735 018c 98EFFFFF 		.word	-4200
 736 0190 00000000 		.word	.LANCHOR11
 737              	.LBE14:
 738              	.LBE15:
 739              		.cfi_endproc
 740              	.LFE242:
 742              		.global	HI226_Freq
 743              		.global	adcrunfreq
 744              		.global	ws2812_data
 745              		.global	led_data
 746              		.global	motor2_PwmData
 747              		.global	motor1_PwmData
 748              		.global	time_1ms_count
 749              		.global	motor2_speed
 750              		.global	motor1_speed
 751              		.global	time5_enc
 752              		.global	time2_enc
 753              		.global	Uart3DMABuffer
 754              		.global	adc2_DMAData
 755              		.global	adc1_DMAData
 756              		.global	simulinkOverrunCount
 757              		.section	.bss.HI226_Freq,"aw",%nobits
 758              		.align	1
 759              		.set	.LANCHOR2,. + 0
 762              	HI226_Freq:
 763 0000 0000     		.space	2
 764              		.section	.bss.Uart3DMABuffer,"aw",%nobits
 765              		.align	2
 768              	Uart3DMABuffer:
 769 0000 00000000 		.space	50
 769      00000000 
 769      00000000 
 769      00000000 
 769      00000000 
 770              		.section	.bss.adc1_DMAData,"aw",%nobits
 771              		.align	2
 772              		.set	.LANCHOR7,. + 0
 775              	adc1_DMAData:
 776 0000 00000000 		.space	20
 776      00000000 
 776      00000000 
 776      00000000 
ARM GAS  C:\Users\ysl\AppData\Local\Temp\ccxXEK9e.s 			page 25


 776      00000000 
 777              		.section	.bss.adc2_DMAData,"aw",%nobits
 778              		.align	2
 779              		.set	.LANCHOR8,. + 0
 782              	adc2_DMAData:
 783 0000 00000000 		.space	20
 783      00000000 
 783      00000000 
 783      00000000 
 783      00000000 
 784              		.section	.bss.adcrunfreq,"aw",%nobits
 785              		.align	2
 786              		.set	.LANCHOR1,. + 0
 789              	adcrunfreq:
 790 0000 00000000 		.space	8
 790      00000000 
 791              		.section	.bss.led_data,"aw",%nobits
 794              	led_data:
 795 0000 00       		.space	1
 796              		.section	.bss.motor1_PwmData,"aw",%nobits
 797              		.align	1
 798              		.set	.LANCHOR10,. + 0
 801              	motor1_PwmData:
 802 0000 0000     		.space	2
 803              		.section	.bss.motor1_speed,"aw",%nobits
 804              		.align	2
 805              		.set	.LANCHOR5,. + 0
 808              	motor1_speed:
 809 0000 00000000 		.space	4
 810              		.section	.bss.motor2_PwmData,"aw",%nobits
 811              		.align	1
 812              		.set	.LANCHOR11,. + 0
 815              	motor2_PwmData:
 816 0000 0000     		.space	2
 817              		.section	.bss.motor2_speed,"aw",%nobits
 818              		.align	2
 819              		.set	.LANCHOR6,. + 0
 822              	motor2_speed:
 823 0000 00000000 		.space	4
 824              		.section	.bss.simulinkOverrunCount,"aw",%nobits
 825              		.align	2
 826              		.set	.LANCHOR9,. + 0
 829              	simulinkOverrunCount:
 830 0000 00000000 		.space	4
 831              		.section	.bss.time2_enc,"aw",%nobits
 832              		.align	2
 833              		.set	.LANCHOR3,. + 0
 836              	time2_enc:
 837 0000 00000000 		.space	8
 837      00000000 
 838              		.section	.bss.time5_enc,"aw",%nobits
 839              		.align	2
 840              		.set	.LANCHOR4,. + 0
 843              	time5_enc:
 844 0000 00000000 		.space	8
 844      00000000 
 845              		.section	.bss.time_1ms_count,"aw",%nobits
ARM GAS  C:\Users\ysl\AppData\Local\Temp\ccxXEK9e.s 			page 26


 846              		.align	2
 847              		.set	.LANCHOR0,. + 0
 850              	time_1ms_count:
 851 0000 00000000 		.space	4
 852              		.section	.bss.ws2812_data,"aw",%nobits
 853              		.align	2
 856              	ws2812_data:
 857 0000 000000   		.space	3
 858              		.text
 859              	.Letext0:
 860              		.file 3 "c:\\program files (x86)\\arm gnu toolchain arm-none-eabi\\11.2 2022.02\\arm-none-eabi\\in
 861              		.file 4 "c:\\program files (x86)\\arm gnu toolchain arm-none-eabi\\11.2 2022.02\\arm-none-eabi\\in
 862              		.file 5 "../STM32CUBEMX/Drivers/CMSIS/Device/ST/STM32F4xx/Include/stm32f405xx.h"
 863              		.file 6 "../STM32CUBEMX/Drivers/CMSIS/Device/ST/STM32F4xx/Include/stm32f4xx.h"
 864              		.file 7 "../STM32CUBEMX/Drivers/STM32F4xx_HAL_Driver/Inc/stm32f4xx_hal_def.h"
 865              		.file 8 "../STM32CUBEMX/Drivers/STM32F4xx_HAL_Driver/Inc/stm32f4xx_hal_rcc_ex.h"
 866              		.file 9 "../STM32CUBEMX/Drivers/STM32F4xx_HAL_Driver/Inc/stm32f4xx_hal_rcc.h"
 867              		.file 10 "../STM32CUBEMX/Drivers/STM32F4xx_HAL_Driver/Inc/stm32f4xx_hal_dma.h"
 868              		.file 11 "../STM32CUBEMX/Drivers/STM32F4xx_HAL_Driver/Inc/stm32f4xx_hal_adc.h"
 869              		.file 12 "../STM32CUBEMX/Drivers/STM32F4xx_HAL_Driver/Inc/stm32f4xx_hal_tim.h"
 870              		.file 13 "../STM32CUBEMX/Drivers/STM32F4xx_HAL_Driver/Inc/stm32f4xx_hal_uart.h"
 871              		.file 14 "../STM32CUBEMX/Core/Inc/adc.h"
 872              		.file 15 "../STM32CUBEMX/Core/Inc/tim.h"
 873              		.file 16 "../STM32CUBEMX/Core/Inc/usart.h"
 874              		.file 17 "angle_led.h"
 875              		.file 18 "../STM32CUBEMX/Core/Inc/dma.h"
 876              		.file 19 "../STM32CUBEMX/Core/Inc/gpio.h"
 877              		.file 20 "../STM32CUBEMX/Drivers/STM32F4xx_HAL_Driver/Inc/stm32f4xx_hal.h"
 878              		.file 21 "<built-in>"
ARM GAS  C:\Users\ysl\AppData\Local\Temp\ccxXEK9e.s 			page 27


DEFINED SYMBOLS
                            *ABS*:00000000 main.c
C:\Users\ysl\AppData\Local\Temp\ccxXEK9e.s:20     .text.timer_5ms_callback:00000000 $t
C:\Users\ysl\AppData\Local\Temp\ccxXEK9e.s:26     .text.timer_5ms_callback:00000000 timer_5ms_callback
C:\Users\ysl\AppData\Local\Temp\ccxXEK9e.s:142    .text.timer_5ms_callback:00000078 $d
C:\Users\ysl\AppData\Local\Temp\ccxXEK9e.s:159    .text.Deinit_ALL:00000000 $t
C:\Users\ysl\AppData\Local\Temp\ccxXEK9e.s:165    .text.Deinit_ALL:00000000 Deinit_ALL
C:\Users\ysl\AppData\Local\Temp\ccxXEK9e.s:233    .text.Deinit_ALL:00000054 $d
C:\Users\ysl\AppData\Local\Temp\ccxXEK9e.s:249    .text.Error_Handler:00000000 $t
C:\Users\ysl\AppData\Local\Temp\ccxXEK9e.s:255    .text.Error_Handler:00000000 Error_Handler
C:\Users\ysl\AppData\Local\Temp\ccxXEK9e.s:287    .text.SystemClock_Config:00000000 $t
C:\Users\ysl\AppData\Local\Temp\ccxXEK9e.s:293    .text.SystemClock_Config:00000000 SystemClock_Config
C:\Users\ysl\AppData\Local\Temp\ccxXEK9e.s:440    .text.SystemClock_Config:000000a0 $d
C:\Users\ysl\AppData\Local\Temp\ccxXEK9e.s:446    .text.main:00000000 $t
C:\Users\ysl\AppData\Local\Temp\ccxXEK9e.s:452    .text.main:00000000 main
C:\Users\ysl\AppData\Local\Temp\ccxXEK9e.s:724    .text.main:00000160 $d
C:\Users\ysl\AppData\Local\Temp\ccxXEK9e.s:762    .bss.HI226_Freq:00000000 HI226_Freq
C:\Users\ysl\AppData\Local\Temp\ccxXEK9e.s:789    .bss.adcrunfreq:00000000 adcrunfreq
C:\Users\ysl\AppData\Local\Temp\ccxXEK9e.s:856    .bss.ws2812_data:00000000 ws2812_data
C:\Users\ysl\AppData\Local\Temp\ccxXEK9e.s:794    .bss.led_data:00000000 led_data
C:\Users\ysl\AppData\Local\Temp\ccxXEK9e.s:815    .bss.motor2_PwmData:00000000 motor2_PwmData
C:\Users\ysl\AppData\Local\Temp\ccxXEK9e.s:801    .bss.motor1_PwmData:00000000 motor1_PwmData
C:\Users\ysl\AppData\Local\Temp\ccxXEK9e.s:850    .bss.time_1ms_count:00000000 time_1ms_count
C:\Users\ysl\AppData\Local\Temp\ccxXEK9e.s:822    .bss.motor2_speed:00000000 motor2_speed
C:\Users\ysl\AppData\Local\Temp\ccxXEK9e.s:808    .bss.motor1_speed:00000000 motor1_speed
C:\Users\ysl\AppData\Local\Temp\ccxXEK9e.s:843    .bss.time5_enc:00000000 time5_enc
C:\Users\ysl\AppData\Local\Temp\ccxXEK9e.s:836    .bss.time2_enc:00000000 time2_enc
C:\Users\ysl\AppData\Local\Temp\ccxXEK9e.s:768    .bss.Uart3DMABuffer:00000000 Uart3DMABuffer
C:\Users\ysl\AppData\Local\Temp\ccxXEK9e.s:782    .bss.adc2_DMAData:00000000 adc2_DMAData
C:\Users\ysl\AppData\Local\Temp\ccxXEK9e.s:775    .bss.adc1_DMAData:00000000 adc1_DMAData
C:\Users\ysl\AppData\Local\Temp\ccxXEK9e.s:829    .bss.simulinkOverrunCount:00000000 simulinkOverrunCount
C:\Users\ysl\AppData\Local\Temp\ccxXEK9e.s:758    .bss.HI226_Freq:00000000 $d
C:\Users\ysl\AppData\Local\Temp\ccxXEK9e.s:765    .bss.Uart3DMABuffer:00000000 $d
C:\Users\ysl\AppData\Local\Temp\ccxXEK9e.s:771    .bss.adc1_DMAData:00000000 $d
C:\Users\ysl\AppData\Local\Temp\ccxXEK9e.s:778    .bss.adc2_DMAData:00000000 $d
C:\Users\ysl\AppData\Local\Temp\ccxXEK9e.s:785    .bss.adcrunfreq:00000000 $d
C:\Users\ysl\AppData\Local\Temp\ccxXEK9e.s:795    .bss.led_data:00000000 $d
C:\Users\ysl\AppData\Local\Temp\ccxXEK9e.s:797    .bss.motor1_PwmData:00000000 $d
C:\Users\ysl\AppData\Local\Temp\ccxXEK9e.s:804    .bss.motor1_speed:00000000 $d
C:\Users\ysl\AppData\Local\Temp\ccxXEK9e.s:811    .bss.motor2_PwmData:00000000 $d
C:\Users\ysl\AppData\Local\Temp\ccxXEK9e.s:818    .bss.motor2_speed:00000000 $d
C:\Users\ysl\AppData\Local\Temp\ccxXEK9e.s:825    .bss.simulinkOverrunCount:00000000 $d
C:\Users\ysl\AppData\Local\Temp\ccxXEK9e.s:832    .bss.time2_enc:00000000 $d
C:\Users\ysl\AppData\Local\Temp\ccxXEK9e.s:839    .bss.time5_enc:00000000 $d
C:\Users\ysl\AppData\Local\Temp\ccxXEK9e.s:846    .bss.time_1ms_count:00000000 $d
C:\Users\ysl\AppData\Local\Temp\ccxXEK9e.s:853    .bss.ws2812_data:00000000 $d

UNDEFINED SYMBOLS
simulinkRunFlag
HI226_FreqCount
htim2
htim5
HAL_TIM_Base_MspDeInit
HAL_ADC_MspDeInit
HAL_UART_MspDeInit
HAL_Delay
htim3
ARM GAS  C:\Users\ysl\AppData\Local\Temp\ccxXEK9e.s 			page 28


htim4
htim7
htim8
hadc1
hadc2
huart1
huart3
huart4
huart5
memset
HAL_RCC_OscConfig
HAL_RCC_ClockConfig
HAL_Init
MX_GPIO_Init
MX_DMA_Init
MX_UART5_Init
MX_USART3_UART_Init
MX_TIM2_Init
MX_TIM3_Init
MX_TIM5_Init
MX_TIM8_Init
MX_TIM4_Init
MX_USART1_UART_Init
MX_UART4_Init
MX_TIM7_Init
MX_ADC1_Init
MX_ADC2_Init
HAL_TIM_PWM_Start
HAL_ADC_Start_DMA
HAL_TIM_Encoder_Start
USER_ADC_Zero_calibration
angle_led_initialize
angle_led_step
