ARM GAS  C:\Users\ysl\AppData\Local\Temp\ccfblkd2.s 			page 1


   1              		.cpu cortex-m4
   2              		.arch armv7e-m
   3              		.fpu fpv4-sp-d16
   4              		.eabi_attribute 27, 1
   5              		.eabi_attribute 28, 1
   6              		.eabi_attribute 20, 1
   7              		.eabi_attribute 21, 1
   8              		.eabi_attribute 23, 3
   9              		.eabi_attribute 24, 1
  10              		.eabi_attribute 25, 1
  11              		.eabi_attribute 26, 1
  12              		.eabi_attribute 30, 1
  13              		.eabi_attribute 34, 1
  14              		.eabi_attribute 18, 4
  15              		.file	"StandSpeed_Balance_data.c"
  16              		.text
  17              	.Ltext0:
  18              		.cfi_sections	.debug_frame
  19              		.global	StandSpeed_Balance_ConstB
  20              		.section	.rodata.StandSpeed_Balance_ConstB,"a"
  21              		.align	2
  24              	StandSpeed_Balance_ConstB:
  25 0000 00000000 		.space	4
  26              		.text
  27              	.Letext0:
  28              		.file 1 "rtwtypes.h"
  29              		.file 2 "StandSpeed_Balance.h"
  30              		.file 3 "StandSpeed_Balance_data.c"
ARM GAS  C:\Users\ysl\AppData\Local\Temp\ccfblkd2.s 			page 2


DEFINED SYMBOLS
                            *ABS*:00000000 StandSpeed_Balance_data.c
C:\Users\ysl\AppData\Local\Temp\ccfblkd2.s:24     .rodata.StandSpeed_Balance_ConstB:00000000 StandSpeed_Balance_ConstB
C:\Users\ysl\AppData\Local\Temp\ccfblkd2.s:21     .rodata.StandSpeed_Balance_ConstB:00000000 $d

NO UNDEFINED SYMBOLS
